TN:
SF:/home/node/project/c-layer-core/contracts/abstract/Core.sol
FN:23,onlyProxy
FN:28,delegateCall
FN:37,delegateCallUint256
FN:43,delegateCallBytes
FN:54,defineProxy
FN:67,removeProxy
FNF:6
FNH:3
FNDA:115,onlyProxy
FNDA:206,delegateCall
FNDA:0,delegateCallUint256
FNDA:0,delegateCallBytes
FNDA:130,defineProxy
FNDA:0,removeProxy
DA:24,115
DA:25,115
DA:30,206
DA:31,206
DA:33,206
DA:34,206
DA:40,0
DA:46,0
DA:47,0
DA:48,0
DA:50,0
DA:51,0
DA:59,130
DA:60,130
DA:62,130
DA:63,130
DA:64,130
DA:70,0
DA:71,0
LF:19
LH:11
BRDA:24,1,0,115
BRDA:24,1,1,0
BRDA:31,2,0,206
BRDA:31,2,1,0
BRDA:34,3,0,184
BRDA:34,3,1,22
BRDA:48,4,0,0
BRDA:48,4,1,0
BRDA:51,5,0,0
BRDA:51,5,1,0
BRDA:59,6,0,130
BRDA:59,6,1,0
BRDA:62,7,0,130
BRDA:62,7,1,0
BRF:14
BRH:6
end_of_record
TN:
SF:/home/node/project/c-layer-core/contracts/abstract/Delegate.sol
FNF:0
FNH:0
LF:0
LH:0
BRF:0
BRH:0
end_of_record
TN:
SF:/home/node/project/c-layer-core/contracts/abstract/Proxy.sol
FN:19,onlyCore
FN:24,constructor
FNF:2
FNH:2
FNDA:154,onlyCore
FNDA:189,constructor
DA:20,154
DA:21,154
DA:25,189
LF:3
LH:3
BRDA:20,1,0,154
BRDA:20,1,1,0
BRF:2
BRH:1
end_of_record
TN:
SF:/home/node/project/c-layer-core/contracts/abstract/Storage.sol
FNF:0
FNH:0
LF:0
LH:0
BRF:0
BRH:0
end_of_record
TN:
SF:/home/node/project/c-layer-core/contracts/delegate/AuditableTokenDelegate.sol
FN:42,auditConfigs
FN:49,transferInternal
FN:60,updateAuditInternal
FN:101,updateSenderAuditPrivate
FN:123,updateReceiverAuditPrivate
FNF:5
FNH:5
FNDA:16,auditConfigs
FNDA:38,transferInternal
FNDA:62,updateAuditInternal
FNDA:83,updateSenderAuditPrivate
FNDA:83,updateReceiverAuditPrivate
DA:43,16
DA:50,38
DA:51,34
DA:52,34
DA:54,0
DA:64,62
DA:65,97
DA:68,97
DA:73,97
DA:74,35
DA:76,62
DA:77,17
DA:81,45
DA:82,38
DA:83,38
DA:85,45
DA:86,7
DA:87,7
DA:90,7
DA:91,7
DA:94,45
DA:95,38
DA:96,38
DA:106,83
DA:107,83
DA:108,66
DA:110,83
DA:111,76
DA:113,83
DA:114,76
DA:116,83
DA:118,76
DA:128,83
DA:129,83
DA:130,40
DA:132,83
DA:133,76
DA:135,83
DA:136,69
DA:138,83
DA:140,69
LF:41
LH:40
BRDA:50,1,0,34
BRDA:50,1,1,0
BRDA:73,2,0,35
BRDA:73,2,1,62
BRDA:76,3,0,17
BRDA:76,3,1,45
BRDA:81,4,0,38
BRDA:81,4,1,7
BRDA:85,5,0,7
BRDA:85,5,1,38
BRDA:86,6,0,7
BRDA:86,6,1,0
BRDA:90,7,0,7
BRDA:90,7,1,0
BRDA:94,8,0,38
BRDA:94,8,1,7
BRDA:107,9,0,66
BRDA:107,9,1,17
BRDA:110,10,0,76
BRDA:110,10,1,7
BRDA:113,11,0,76
BRDA:113,11,1,7
BRDA:116,12,0,76
BRDA:116,12,1,7
BRDA:129,13,0,40
BRDA:129,13,1,43
BRDA:132,14,0,76
BRDA:132,14,1,7
BRDA:135,15,0,69
BRDA:135,15,1,14
BRDA:138,16,0,69
BRDA:138,16,1,14
BRF:32
BRH:29
end_of_record
TN:
SF:/home/node/project/c-layer-core/contracts/delegate/BaseTokenDelegate.sol
FN:20,transfer
FN:39,transferFrom
FN:60,approve
FN:74,increaseApproval
FN:89,decreaseApproval
FN:108,canTransfer
FNF:6
FNH:5
FNDA:43,transfer
FNDA:23,transferFrom
FNDA:43,approve
FNDA:2,increaseApproval
FNDA:4,decreaseApproval
FNDA:0,canTransfer
DA:24,43
DA:25,43
DA:26,43
DA:28,37
DA:29,37
DA:30,37
DA:33,37
DA:43,23
DA:44,23
DA:45,23
DA:46,23
DA:48,17
DA:49,17
DA:50,17
DA:51,17
DA:54,17
DA:63,43
DA:64,43
DA:65,43
DA:68,43
DA:77,2
DA:78,2
DA:80,2
DA:83,2
DA:92,4
DA:93,4
DA:94,4
DA:95,2
DA:97,2
DA:99,4
DA:102,4
DA:111,0
DA:112,0
DA:115,0
DA:116,0
DA:117,0
DA:120,0
LF:37
LH:31
BRDA:24,1,0,43
BRDA:24,1,1,0
BRDA:26,2,0,37
BRDA:26,2,1,6
BRDA:30,3,0,37
BRDA:30,3,1,0
BRDA:43,4,0,23
BRDA:43,4,1,0
BRDA:45,5,0,23
BRDA:45,5,1,0
BRDA:46,6,0,17
BRDA:46,6,1,6
BRDA:51,7,0,17
BRDA:51,7,1,0
BRDA:65,8,0,43
BRDA:65,8,1,0
BRDA:80,9,0,2
BRDA:80,9,1,0
BRDA:94,10,0,2
BRDA:94,10,1,2
BRDA:99,11,0,4
BRDA:99,11,1,0
BRDA:111,12,0,0
BRDA:111,12,1,0
BRDA:116,13,0,0
BRDA:116,13,1,0
BRF:26
BRH:14
end_of_record
TN:
SF:/home/node/project/c-layer-core/contracts/delegate/CLayerTokenDelegate.sol
FNF:0
FNH:0
LF:0
LH:0
BRF:0
BRH:0
end_of_record
TN:
SF:/home/node/project/c-layer-core/contracts/delegate/FreezableTokenDelegate.sol
FN:21,transfer
FN:31,transferFrom
FN:42,canTransfer
FN:56,freezeAddress
FN:69,freezeManyAddresses
FN:84,areNotFrozen
FNF:6
FNH:3
FNDA:10,transfer
FNDA:4,transferFrom
FNDA:0,canTransfer
FNDA:0,freezeAddress
FNDA:0,freezeManyAddresses
FNDA:14,areNotFrozen
DA:24,10
DA:25,10
DA:35,4
DA:36,4
DA:47,0
DA:59,0
DA:60,0
DA:61,0
DA:74,0
DA:75,0
DA:76,0
DA:77,0
DA:85,14
DA:87,14
DA:88,14
LF:15
LH:7
BRDA:24,1,0,10
BRDA:24,1,1,0
BRDA:35,2,0,4
BRDA:35,2,1,0
BRF:4
BRH:2
end_of_record
TN:
SF:/home/node/project/c-layer-core/contracts/delegate/IssuableTokenDelegate.sol
FN:20,issue
FN:38,redeem
FNF:2
FNH:2
FNDA:7,issue
FNDA:3,redeem
DA:23,7
DA:24,7
DA:25,7
DA:26,7
DA:28,7
DA:31,7
DA:32,7
DA:41,3
DA:42,3
DA:43,3
DA:44,3
DA:46,3
DA:49,3
DA:50,3
LF:14
LH:14
BRDA:28,1,0,7
BRDA:28,1,1,0
BRDA:46,2,0,3
BRDA:46,2,1,0
BRF:4
BRH:2
end_of_record
TN:
SF:/home/node/project/c-layer-core/contracts/delegate/LimitableReceptionTokenDelegate.sol
FN:23,transferDataConfig
FN:30,auditConfigs
FN:44,transferInternal
FN:53,canTransferInternal
FN:64,belowReceptionLimit
FNF:5
FNH:4
FNDA:1,transferDataConfig
FNDA:1,auditConfigs
FNDA:1,transferInternal
FNDA:0,canTransferInternal
FNDA:1,belowReceptionLimit
DA:24,1
DA:31,1
DA:32,1
DA:38,1
DA:46,1
DA:47,1
DA:56,0
DA:65,1
DA:66,1
LF:9
LH:8
BRDA:46,1,0,1
BRDA:46,1,1,0
BRF:2
BRH:1
end_of_record
TN:
SF:/home/node/project/c-layer-core/contracts/delegate/LockableTokenDelegate.sol
FN:22,transfer
FN:32,transferFrom
FN:43,canTransfer
FN:53,defineLock
FN:72,isUnlocked
FNF:5
FNH:3
FNDA:9,transfer
FNDA:4,transferFrom
FNDA:0,canTransfer
FNDA:0,defineLock
FNDA:13,isUnlocked
DA:25,9
DA:26,9
DA:36,4
DA:37,4
DA:46,0
DA:59,0
DA:60,0
DA:61,0
DA:62,0
DA:63,0
DA:65,0
DA:66,0
DA:73,13
DA:75,13
DA:76,13
LF:15
LH:7
BRDA:25,1,0,9
BRDA:25,1,1,0
BRDA:36,2,0,4
BRDA:36,2,1,0
BRDA:59,3,0,0
BRDA:59,3,1,0
BRF:6
BRH:2
end_of_record
TN:
SF:/home/node/project/c-layer-core/contracts/delegate/MintableTokenDelegate.sol
FN:19,canMint
FN:30,mint
FN:48,finishMinting
FN:62,mintAtOnce
FNF:4
FNH:4
FNDA:72,canMint
FNDA:36,mint
FNDA:17,finishMinting
FNDA:15,mintAtOnce
DA:20,72
DA:21,68
DA:33,36
DA:34,36
DA:35,36
DA:37,36
DA:40,36
DA:41,36
DA:51,17
DA:52,17
DA:53,17
DA:65,15
DA:67,13
DA:68,13
DA:69,15
DA:71,13
LF:16
LH:16
BRDA:20,1,0,68
BRDA:20,1,1,4
BRDA:37,2,0,36
BRDA:37,2,1,0
BRDA:65,3,0,13
BRDA:65,3,1,2
BRF:6
BRH:5
end_of_record
TN:
SF:/home/node/project/c-layer-core/contracts/delegate/OracleEnrichedTokenDelegate.sol
FN:52,transfer
FN:63,transferFrom
FN:75,canTransfer
FN:89,transferDataConfig
FN:96,transferInternal
FN:115,canTransferInternal
FN:127,transferData
FNF:7
FNH:5
FNDA:25,transfer
FNDA:19,transferFrom
FNDA:0,canTransfer
FNDA:43,transferDataConfig
FNDA:44,transferInternal
FNDA:0,canTransferInternal
FNDA:54,transferData
DA:55,25
DA:67,19
DA:80,0
DA:90,43
DA:98,44
DA:99,25
DA:104,19
DA:118,0
DA:133,54
DA:134,54
DA:149,54
DA:150,3
DA:152,51
DA:155,52
DA:156,1
DA:158,51
DA:161,52
DA:162,2
DA:164,50
DA:167,52
DA:168,4
DA:169,4
DA:173,50
LF:23
LH:21
BRDA:98,1,0,25
BRDA:98,1,1,19
BRDA:149,2,0,3
BRDA:149,2,1,51
BRDA:155,3,0,1
BRDA:155,3,1,51
BRDA:161,4,0,2
BRDA:161,4,1,50
BRDA:167,5,0,4
BRDA:167,5,1,48
BRF:10
BRH:10
end_of_record
TN:
SF:/home/node/project/c-layer-core/contracts/delegate/ProvableOwnershipTokenDelegate.sol
FN:27,transferWithProofs
FN:60,transferFromWithProofs
FN:92,createProof
FN:107,checkProof
FN:126,transferPostProcessing
FNF:5
FNH:2
FNDA:10,transferWithProofs
FNDA:4,transferFromWithProofs
FNDA:0,createProof
FNDA:0,checkProof
FNDA:0,transferPostProcessing
DA:35,10
DA:36,8
DA:39,0
DA:40,0
DA:46,0
DA:52,0
DA:68,4
DA:69,2
DA:72,0
DA:73,0
DA:79,0
DA:85,0
DA:96,0
DA:97,0
DA:98,0
DA:99,0
DA:100,0
DA:110,0
DA:111,0
DA:112,0
DA:114,0
DA:117,0
DA:120,0
DA:132,0
DA:133,0
LF:25
LH:4
BRDA:35,1,0,8
BRDA:35,1,1,0
BRDA:68,2,0,2
BRDA:68,2,1,0
BRDA:111,3,0,0
BRDA:111,3,1,0
BRDA:114,4,0,0
BRDA:114,4,1,0
BRDA:132,5,0,0
BRDA:132,5,1,0
BRF:10
BRH:2
end_of_record
TN:
SF:/home/node/project/c-layer-core/contracts/delegate/RuleEngineTokenDelegate.sol
FN:20,transfer
FN:30,transferFrom
FN:42,defineRules
FN:52,validateAddress
FN:66,whenAddressRulesAreValid
FN:74,validateTransfer
FN:90,whenTransferRulesAreValid
FNF:7
FNH:6
FNDA:10,transfer
FNDA:4,transferFrom
FNDA:0,defineRules
FNDA:4,validateAddress
FNDA:4,whenAddressRulesAreValid
FNDA:14,validateTransfer
FNDA:14,whenTransferRulesAreValid
DA:24,10
DA:36,4
DA:45,0
DA:46,0
DA:53,4
DA:54,4
DA:55,0
DA:56,0
DA:59,4
DA:67,4
DA:68,4
DA:77,14
DA:78,14
DA:79,0
DA:80,0
DA:83,14
DA:95,14
DA:96,14
LF:18
LH:12
BRDA:55,1,0,0
BRDA:55,1,1,0
BRDA:67,2,0,4
BRDA:67,2,1,0
BRDA:79,3,0,0
BRDA:79,3,1,0
BRDA:95,4,0,14
BRDA:95,4,1,0
BRF:8
BRH:2
end_of_record
TN:
SF:/home/node/project/c-layer-core/contracts/delegate/SeizableTokenDelegate.sol
FN:21,seize
FNF:1
FNH:1
FNDA:9,seize
DA:26,9
DA:27,7
DA:29,7
DA:30,5
DA:31,5
DA:33,5
DA:36,5
DA:37,5
LF:8
LH:8
BRDA:26,1,0,7
BRDA:26,1,1,2
BRDA:33,2,0,5
BRDA:33,2,1,0
BRF:4
BRH:3
end_of_record
TN:
SF:/home/node/project/c-layer-core/contracts/delegate/WithClaimsTokenDelegate.sol
FN:26,transfer
FN:46,transferFrom
FN:66,transferWithProofs
FN:89,transferFromWithProofs
FN:115,hasClaims
FN:129,defineClaims
FNF:6
FNH:3
FNDA:10,transfer
FNDA:4,transferFrom
FNDA:0,transferWithProofs
FNDA:0,transferFromWithProofs
FNDA:28,hasClaims
FNDA:0,defineClaims
DA:30,10
DA:31,10
DA:33,10
DA:50,4
DA:51,4
DA:53,4
DA:74,0
DA:75,0
DA:77,0
DA:98,0
DA:99,0
DA:101,0
DA:116,28
DA:117,28
DA:118,28
DA:119,0
DA:120,0
DA:123,28
DA:133,0
DA:134,0
DA:135,0
LF:21
LH:10
BRDA:119,1,0,0
BRDA:119,1,1,0
BRF:2
BRH:0
end_of_record
TN:
SF:/home/node/project/c-layer-core/contracts/interface/IClaimable.sol
FNF:0
FNH:0
LF:0
LH:0
BRF:0
BRH:0
end_of_record
TN:
SF:/home/node/project/c-layer-core/contracts/interface/IERC20.sol
FNF:0
FNH:0
LF:0
LH:0
BRF:0
BRH:0
end_of_record
TN:
SF:/home/node/project/c-layer-core/contracts/interface/IRatesProvider.sol
FNF:0
FNH:0
LF:0
LH:0
BRF:0
BRH:0
end_of_record
TN:
SF:/home/node/project/c-layer-core/contracts/interface/IRule.sol
FNF:0
FNH:0
LF:0
LH:0
BRF:0
BRH:0
end_of_record
TN:
SF:/home/node/project/c-layer-core/contracts/interface/ITokenCore.sol
FNF:0
FNH:0
LF:0
LH:0
BRF:0
BRH:0
end_of_record
TN:
SF:/home/node/project/c-layer-core/contracts/interface/IUserRegistry.sol
FNF:0
FNH:0
LF:0
LH:0
BRF:0
BRH:0
end_of_record
TN:
SF:/home/node/project/c-layer-core/contracts/operable/OperableCore.sol
FN:21,constructor
FN:31,onlySysOp
FN:39,onlyCoreOp
FN:47,onlyProxyOp
FN:57,defineRole
FN:74,assignOperators
FN:89,assignProxyOperators
FN:104,revokeOperators
FNF:8
FNH:8
FNDA:170,constructor
FNDA:103,onlySysOp
FNDA:179,onlyCoreOp
FNDA:88,onlyProxyOp
FNDA:22,defineRole
FNDA:29,assignOperators
FNDA:41,assignProxyOperators
FNDA:1,revokeOperators
DA:22,170
DA:23,170
DA:32,103
DA:33,93
DA:40,179
DA:41,177
DA:48,88
DA:49,66
DA:60,22
DA:61,20
DA:62,20
DA:63,29
DA:65,20
DA:66,20
DA:77,29
DA:78,46
DA:79,46
DA:81,29
DA:93,41
DA:94,42
DA:95,42
DA:97,41
DA:107,1
DA:108,1
DA:109,1
DA:111,1
LF:26
LH:26
BRDA:32,1,0,93
BRDA:32,1,1,10
BRDA:40,2,0,177
BRDA:40,2,1,2
BRDA:48,3,0,66
BRDA:48,3,1,22
BRDA:60,4,0,20
BRDA:60,4,1,2
BRF:8
BRH:8
end_of_record
TN:
SF:/home/node/project/c-layer-core/contracts/operable/OperableProxy.sol
FN:20,constructor
FN:25,owner
FN:32,onlyOperator
FNF:3
FNH:3
FNDA:189,constructor
FNDA:1,owner
FNDA:3,onlyOperator
DA:26,1
DA:33,3
DA:35,1
LF:3
LH:3
BRDA:33,1,0,1
BRDA:33,1,1,2
BRF:2
BRH:2
end_of_record
TN:
SF:/home/node/project/c-layer-core/contracts/operable/OperableStorage.sol
FN:38,coreRole
FN:46,proxyRole
FN:57,rolePrivilege
FN:66,roleHasPrivilege
FN:74,hasCorePrivilege
FN:84,hasProxyPrivilege
FNF:6
FNH:5
FNDA:1,coreRole
FNDA:2,proxyRole
FNDA:0,rolePrivilege
FNDA:2,roleHasPrivilege
FNDA:200,hasCorePrivilege
FNDA:102,hasProxyPrivilege
DA:39,1
DA:49,2
DA:60,0
DA:67,2
DA:75,200
DA:76,200
DA:85,102
DA:86,102
DA:88,102
LF:9
LH:8
BRF:0
BRH:0
end_of_record
TN:
SF:/home/node/project/c-layer-core/contracts/rule/UserRule.sol
FN:24,constructor
FN:31,userRegistry
FN:38,isAddressValid
FN:45,isTransferValid
FNF:4
FNH:0
FNDA:0,constructor
FNDA:0,userRegistry
FNDA:0,isAddressValid
FNDA:0,isTransferValid
DA:25,0
DA:32,0
DA:39,0
DA:48,0
LF:4
LH:0
BRF:0
BRH:0
end_of_record
TN:
SF:/home/node/project/c-layer-core/contracts/rule/YesNoRule.sol
FN:17,constructor
FN:21,isAddressValid
FN:25,isTransferValid
FNF:3
FNH:0
FNDA:0,constructor
FNDA:0,isAddressValid
FNDA:0,isTransferValid
DA:18,0
DA:22,0
DA:30,0
LF:3
LH:0
BRF:0
BRH:0
end_of_record
TN:
SF:/home/node/project/c-layer-core/contracts/TokenCore.sol
FN:24,constructor
FN:29,name
FN:33,oracles
FN:39,auditSelector
FN:53,auditShared
FN:72,auditUser
FN:92,auditAddress
FN:113,tokenName
FN:117,tokenSymbol
FN:121,tokenDecimals
FN:125,tokenTotalSupply
FN:129,tokenBalanceOf
FN:133,tokenAllowance
FN:139,transfer
FN:145,transferFrom
FN:151,approve
FN:157,increaseApproval
FN:163,decreaseApproval
FN:169,canTransfer
FN:176,token
FN:197,tokenProofs
FN:204,issue
FN:210,redeem
FN:216,mint
FN:222,finishMinting
FN:228,mintAtOnce
FN:234,seize
FN:240,freeze
FN:246,freezeManyAddresses
FN:254,createProof
FN:260,defineLock
FN:266,defineRules
FN:272,defineClaims
FN:279,defineToken
FN:295,removeToken
FN:303,defineOracles
FN:322,defineAuditSelector
FNF:37
FNH:22
FNDA:132,constructor
FNDA:0,name
FNDA:0,oracles
FNDA:0,auditSelector
FNDA:5,auditShared
FNDA:13,auditUser
FNDA:30,auditAddress
FNDA:0,tokenName
FNDA:0,tokenSymbol
FNDA:0,tokenDecimals
FNDA:10,tokenTotalSupply
FNDA:34,tokenBalanceOf
FNDA:15,tokenAllowance
FNDA:43,transfer
FNDA:23,transferFrom
FNDA:43,approve
FNDA:2,increaseApproval
FNDA:4,decreaseApproval
FNDA:0,canTransfer
FNDA:5,token
FNDA:0,tokenProofs
FNDA:7,issue
FNDA:3,redeem
FNDA:23,mint
FNDA:6,finishMinting
FNDA:15,mintAtOnce
FNDA:9,seize
FNDA:0,freeze
FNDA:0,freezeManyAddresses
FNDA:0,createProof
FNDA:0,defineLock
FNDA:0,defineRules
FNDA:0,defineClaims
FNDA:130,defineToken
FNDA:0,removeToken
FNDA:25,defineOracles
FNDA:21,defineAuditSelector
DA:25,132
DA:26,132
DA:30,0
DA:36,0
DA:45,0
DA:46,0
DA:47,0
DA:48,0
DA:50,0
DA:63,5
DA:64,5
DA:65,5
DA:66,5
DA:67,5
DA:68,5
DA:69,5
DA:83,13
DA:84,13
DA:85,13
DA:86,13
DA:87,13
DA:88,13
DA:89,13
DA:103,30
DA:104,30
DA:105,30
DA:106,30
DA:107,30
DA:108,30
DA:109,30
DA:114,0
DA:118,0
DA:122,0
DA:126,10
DA:130,34
DA:136,15
DA:142,43
DA:148,23
DA:154,43
DA:160,2
DA:166,4
DA:172,0
DA:185,5
DA:187,5
DA:188,5
DA:189,5
DA:190,5
DA:191,5
DA:192,5
DA:193,5
DA:194,5
DA:200,0
DA:207,7
DA:213,3
DA:219,23
DA:225,6
DA:231,15
DA:237,9
DA:243,0
DA:251,0
DA:257,0
DA:263,0
DA:269,0
DA:275,0
DA:287,130
DA:288,130
DA:289,130
DA:290,130
DA:291,130
DA:292,130
DA:298,0
DA:299,0
DA:300,0
DA:309,25
DA:311,0
DA:313,25
DA:315,25
DA:316,25
DA:317,25
DA:319,25
DA:328,21
DA:329,21
DA:330,28
DA:333,21
DA:334,21
LF:85
LH:63
BRDA:309,1,0,0
BRDA:309,1,1,25
BRDA:311,2,0,0
BRDA:311,2,1,0
BRF:4
BRH:1
end_of_record
TN:
SF:/home/node/project/c-layer-core/contracts/TokenDelegate.sol
FNF:0
FNH:0
LF:0
LH:0
BRF:0
BRH:0
end_of_record
TN:
SF:/home/node/project/c-layer-core/contracts/TokenProxy.sol
FN:16,constructor
FN:18,name
FN:22,symbol
FN:26,decimals
FN:30,totalSupply
FN:34,balanceOf
FN:38,allowance
FN:44,transfer
FN:49,transferFrom
FN:55,approve
FN:61,increaseApproval
FN:67,decreaseApproval
FN:73,canTransfer
FN:79,emitTransfer
FN:86,emitApproval
FNF:15
FNH:11
FNDA:131,constructor
FNDA:0,name
FNDA:0,symbol
FNDA:0,decimals
FNDA:10,totalSupply
FNDA:34,balanceOf
FNDA:15,allowance
FNDA:43,transfer
FNDA:23,transferFrom
FNDA:43,approve
FNDA:2,increaseApproval
FNDA:4,decreaseApproval
FNDA:0,canTransfer
FNDA:105,emitTransfer
FNDA:49,emitApproval
DA:19,0
DA:23,0
DA:27,0
DA:31,10
DA:35,34
DA:41,15
DA:46,43
DA:52,23
DA:58,43
DA:64,2
DA:70,4
DA:76,0
DA:82,105
DA:83,105
DA:89,49
DA:90,49
LF:16
LH:12
BRF:0
BRH:0
end_of_record
TN:
SF:/home/node/project/c-layer-core/contracts/TokenStorage.sol
FN:89,currentTime
FNF:1
FNH:1
FNDA:166,currentTime
DA:91,166
LF:1
LH:1
BRF:0
BRH:0
end_of_record
TN:
SF:/home/node/project/c-layer-core/contracts/util/convert/BytesConvert.sol
FN:13,toUint256
FN:23,toBytes32
FNF:2
FNH:1
FNDA:0,toUint256
FNDA:4,toBytes32
DA:15,0
DA:25,4
LF:2
LH:1
BRF:0
BRH:0
end_of_record
TN:
SF:/home/node/project/c-layer-core/contracts/util/governance/Operable.sol
FN:24,onlyOperator
FN:32,constructor
FN:40,isOperator
FN:48,removeOperator
FN:59,defineOperator
FNF:5
FNH:0
FNDA:0,onlyOperator
FNDA:0,constructor
FNDA:0,isOperator
FNDA:0,removeOperator
FNDA:0,defineOperator
DA:25,0
DA:26,0
DA:33,0
DA:41,0
DA:49,0
DA:50,0
DA:51,0
DA:62,0
DA:63,0
DA:64,0
LF:10
LH:0
BRDA:25,1,0,0
BRDA:25,1,1,0
BRDA:49,2,0,0
BRDA:49,2,1,0
BRDA:62,3,0,0
BRDA:62,3,1,0
BRF:6
BRH:0
end_of_record
TN:
SF:/home/node/project/c-layer-core/contracts/util/governance/Ownable.sol
FN:22,constructor
FN:29,onlyOwner
FN:37,renounceOwnership
FN:46,transferOwnership
FN:54,_transferOwnership
FNF:5
FNH:1
FNDA:312,constructor
FNDA:0,onlyOwner
FNDA:0,renounceOwnership
FNDA:0,transferOwnership
FNDA:0,_transferOwnership
DA:23,312
DA:30,0
DA:31,0
DA:38,0
DA:39,0
DA:47,0
DA:55,0
DA:56,0
DA:57,0
LF:9
LH:1
BRDA:30,1,0,0
BRDA:30,1,1,0
BRDA:55,2,0,0
BRDA:55,2,1,0
BRF:4
BRH:0
end_of_record
TN:
SF:/home/node/project/c-layer-core/contracts/util/math/SafeMath.sol
FN:13,mul
FN:29,div
FN:39,sub
FN:47,add
FNF:4
FNH:2
FNDA:0,mul
FNDA:0,div
FNDA:86,sub
FNDA:148,add
DA:17,0
DA:18,0
DA:21,0
DA:22,0
DA:23,0
DA:33,0
DA:40,86
DA:41,84
DA:48,148
DA:49,148
DA:50,148
LF:11
LH:5
BRDA:17,1,0,0
BRDA:17,1,1,0
BRDA:22,2,0,0
BRDA:22,2,1,0
BRDA:40,3,0,84
BRDA:40,3,1,2
BRDA:49,4,0,148
BRDA:49,4,1,0
BRF:8
BRH:3
end_of_record
