TN:
SF:/home/node/project/c-layer-core/contracts/abstract/Core.sol
FN:24,onlyProxy
FN:29,delegateCall
FN:38,delegateCallUint256
FN:44,delegateCallBytes
FN:55,defineProxy
FN:68,removeProxy
FNF:6
FNH:6
FNDA:219,onlyProxy
FNDA:354,delegateCall
FNDA:13,delegateCallUint256
FNDA:14,delegateCallBytes
FNDA:210,defineProxy
FNDA:7,removeProxy
DA:25,219
DA:26,218
DA:31,354
DA:32,354
DA:34,354
DA:35,354
DA:41,13
DA:47,14
DA:48,14
DA:49,14
DA:51,14
DA:52,14
DA:60,210
DA:61,208
DA:63,208
DA:64,206
DA:65,206
DA:71,7
DA:72,7
LF:19
LH:19
BRDA:25,1,0,218
BRDA:25,1,1,1
BRDA:32,2,0,354
BRDA:32,2,1,0
BRDA:35,3,0,314
BRDA:35,3,1,40
BRDA:49,4,0,14
BRDA:49,4,1,0
BRDA:52,5,0,14
BRDA:52,5,1,0
BRDA:60,6,0,208
BRDA:60,6,1,2
BRDA:63,7,0,206
BRDA:63,7,1,2
BRF:14
BRH:11
end_of_record
TN:
SF:/home/node/project/c-layer-core/contracts/abstract/Delegate.sol
FNF:0
FNH:0
LF:0
LH:0
BRF:0
BRH:0
end_of_record
TN:
SF:/home/node/project/c-layer-core/contracts/abstract/Proxy.sol
FN:18,onlyCore
FN:23,constructor
FNF:2
FNH:2
FNDA:228,onlyCore
FNDA:261,constructor
DA:19,228
DA:20,227
DA:24,261
LF:3
LH:3
BRDA:19,1,0,227
BRDA:19,1,1,1
BRF:2
BRH:2
end_of_record
TN:
SF:/home/node/project/c-layer-core/contracts/abstract/Storage.sol
FNF:0
FNH:0
LF:0
LH:0
BRF:0
BRH:0
end_of_record
TN:
SF:/home/node/project/c-layer-core/contracts/claims/EmptyClaimable.sol
FN:18,constructor
FN:22,hasClaimsSince
FNF:2
FNH:2
FNDA:23,constructor
FNDA:18,hasClaimsSince
DA:19,23
DA:25,18
LF:2
LH:2
BRF:0
BRH:0
end_of_record
TN:
SF:/home/node/project/c-layer-core/contracts/delegate/AuditableTokenDelegate.sol
FN:42,auditConfigs
FN:49,transferInternal
FN:60,updateAuditInternal
FN:101,updateSenderAuditPrivate
FN:123,updateReceiverAuditPrivate
FNF:5
FNH:5
FNDA:5,auditConfigs
FNDA:64,transferInternal
FNDA:88,updateAuditInternal
FNDA:104,updateSenderAuditPrivate
FNDA:117,updateReceiverAuditPrivate
DA:43,5
DA:50,64
DA:51,60
DA:52,60
DA:54,0
DA:64,88
DA:65,143
DA:68,143
DA:73,143
DA:74,47
DA:76,96
DA:77,17
DA:81,79
DA:82,38
DA:83,38
DA:85,79
DA:86,20
DA:87,7
DA:90,20
DA:91,20
DA:94,79
DA:95,59
DA:96,59
DA:106,104
DA:107,104
DA:108,66
DA:110,104
DA:111,97
DA:113,104
DA:114,76
DA:116,104
DA:118,76
DA:128,117
DA:129,117
DA:130,40
DA:132,117
DA:133,97
DA:135,117
DA:136,69
DA:138,117
DA:140,82
LF:41
LH:40
BRDA:50,1,0,60
BRDA:50,1,1,0
BRDA:73,2,0,47
BRDA:73,2,1,96
BRDA:76,3,0,17
BRDA:76,3,1,79
BRDA:81,4,0,38
BRDA:81,4,1,41
BRDA:85,5,0,20
BRDA:85,5,1,59
BRDA:86,6,0,7
BRDA:86,6,1,13
BRDA:90,7,0,20
BRDA:90,7,1,0
BRDA:94,8,0,59
BRDA:94,8,1,20
BRDA:107,9,0,66
BRDA:107,9,1,38
BRDA:110,10,0,97
BRDA:110,10,1,7
BRDA:113,11,0,76
BRDA:113,11,1,28
BRDA:116,12,0,76
BRDA:116,12,1,28
BRDA:129,13,0,40
BRDA:129,13,1,77
BRDA:132,14,0,97
BRDA:132,14,1,20
BRDA:135,15,0,69
BRDA:135,15,1,48
BRDA:138,16,0,82
BRDA:138,16,1,35
BRF:32
BRH:30
end_of_record
TN:
SF:/home/node/project/c-layer-core/contracts/delegate/BaseTokenDelegate.sol
FN:45,transfer
FN:55,transferFrom
FN:66,canTransfer
FN:78,approve
FN:92,increaseApproval
FN:107,decreaseApproval
FN:126,transferInternal
FN:153,canTransferInternal
FN:179,transferData
FNF:9
FNH:9
FNDA:90,transfer
FNDA:32,transferFrom
FNDA:12,canTransfer
FNDA:77,approve
FNDA:2,increaseApproval
FNDA:4,decreaseApproval
FNDA:104,transferInternal
FNDA:8,canTransferInternal
FNDA:143,transferData
DA:48,90
DA:59,32
DA:71,12
DA:81,77
DA:82,77
DA:83,77
DA:86,77
DA:95,2
DA:96,2
DA:98,2
DA:101,2
DA:110,4
DA:111,4
DA:112,4
DA:113,2
DA:115,2
DA:117,4
DA:120,4
DA:128,104
DA:129,104
DA:130,104
DA:131,104
DA:132,104
DA:134,104
DA:135,104
DA:137,98
DA:138,26
DA:139,20
DA:142,92
DA:143,92
DA:144,92
DA:147,92
DA:156,8
DA:157,8
DA:158,8
DA:159,8
DA:161,8
DA:162,1
DA:165,7
DA:166,1
DA:169,6
DA:170,1
DA:173,5
DA:186,143
DA:188,143
DA:189,143
LF:46
LH:46
BRDA:83,1,0,77
BRDA:83,1,1,0
BRDA:98,2,0,2
BRDA:98,2,1,0
BRDA:112,3,0,2
BRDA:112,3,1,2
BRDA:117,4,0,4
BRDA:117,4,1,0
BRDA:134,5,0,104
BRDA:134,5,1,0
BRDA:135,6,0,98
BRDA:135,6,1,6
BRDA:137,7,0,26
BRDA:137,7,1,72
BRDA:138,8,0,20
BRDA:138,8,1,6
BRDA:144,9,0,92
BRDA:144,9,1,0
BRDA:161,10,0,1
BRDA:161,10,1,7
BRDA:165,11,0,1
BRDA:165,11,1,6
BRDA:169,12,0,1
BRDA:169,12,1,5
BRF:24
BRH:19
end_of_record
TN:
SF:/home/node/project/c-layer-core/contracts/delegate/CLayerTokenDelegate.sol
FNF:0
FNH:0
LF:0
LH:0
BRF:0
BRH:0
end_of_record
TN:
SF:/home/node/project/c-layer-core/contracts/delegate/FreezableTokenDelegate.sol
FN:21,transferInternal
FN:30,canTransferInternal
FN:42,freezeManyAddresses
FN:58,areNotFrozen
FNF:4
FNH:4
FNDA:20,transferInternal
FNDA:6,canTransferInternal
FNDA:17,freezeManyAddresses
FNDA:26,areNotFrozen
DA:23,20
DA:24,16
DA:33,6
DA:47,17
DA:48,17
DA:49,18
DA:50,18
DA:52,17
DA:59,26
DA:61,26
DA:62,26
LF:11
LH:11
BRDA:23,1,0,16
BRDA:23,1,1,4
BRF:2
BRH:2
end_of_record
TN:
SF:/home/node/project/c-layer-core/contracts/delegate/IssuableTokenDelegate.sol
FN:20,issue
FN:38,redeem
FNF:2
FNH:2
FNDA:7,issue
FNDA:3,redeem
DA:23,7
DA:24,7
DA:25,7
DA:26,7
DA:28,7
DA:31,7
DA:32,7
DA:41,3
DA:42,3
DA:43,3
DA:44,3
DA:46,3
DA:49,3
DA:50,3
LF:14
LH:14
BRDA:28,1,0,7
BRDA:28,1,1,0
BRDA:46,2,0,3
BRDA:46,2,1,0
BRF:4
BRH:2
end_of_record
TN:
SF:/home/node/project/c-layer-core/contracts/delegate/LimitableReceptionTokenDelegate.sol
FN:23,auditConfigs
FN:37,transferInternal
FN:46,canTransferInternal
FN:56,belowReceptionLimit
FNF:4
FNH:4
FNDA:17,auditConfigs
FNDA:34,transferInternal
FNDA:4,canTransferInternal
FNDA:38,belowReceptionLimit
DA:24,17
DA:25,17
DA:31,17
DA:39,34
DA:40,30
DA:49,4
DA:57,38
DA:58,38
DA:59,21
DA:62,17
DA:63,17
DA:64,17
DA:65,15
DA:66,15
LF:14
LH:14
BRDA:39,1,0,30
BRDA:39,1,1,4
BRDA:58,2,0,21
BRDA:58,2,1,17
BRDA:64,3,0,15
BRDA:64,3,1,2
BRF:6
BRH:6
end_of_record
TN:
SF:/home/node/project/c-layer-core/contracts/delegate/LockableTokenDelegate.sol
FN:22,transferInternal
FN:31,canTransferInternal
FN:41,defineLock
FN:60,isUnlocked
FNF:4
FNH:4
FNDA:23,transferInternal
FNDA:7,canTransferInternal
FNDA:11,defineLock
FNDA:30,isUnlocked
DA:24,23
DA:25,21
DA:34,7
DA:47,11
DA:48,11
DA:49,11
DA:50,11
DA:51,8
DA:53,11
DA:54,11
DA:61,30
DA:63,30
DA:64,30
LF:13
LH:13
BRDA:24,1,0,21
BRDA:24,1,1,2
BRDA:47,2,0,11
BRDA:47,2,1,0
BRF:4
BRH:3
end_of_record
TN:
SF:/home/node/project/c-layer-core/contracts/delegate/MintableTokenDelegate.sol
FN:19,canMint
FN:30,mint
FN:48,finishMinting
FN:62,mintAtOnce
FNF:4
FNH:4
FNDA:72,canMint
FNDA:36,mint
FNDA:17,finishMinting
FNDA:15,mintAtOnce
DA:20,72
DA:21,68
DA:33,36
DA:34,36
DA:35,36
DA:37,36
DA:40,36
DA:41,36
DA:51,17
DA:52,17
DA:53,17
DA:65,15
DA:67,13
DA:68,13
DA:69,15
DA:71,13
LF:16
LH:16
BRDA:20,1,0,68
BRDA:20,1,1,4
BRDA:37,2,0,36
BRDA:37,2,1,0
BRDA:65,3,0,13
BRDA:65,3,1,2
BRF:6
BRH:5
end_of_record
TN:
SF:/home/node/project/c-layer-core/contracts/delegate/OracleEnrichedTokenDelegate.sol
FN:24,fetchCallerUser
FN:35,fetchSenderUser
FN:47,fetchReceiverUser
FN:58,fetchConvertedValue
FNF:4
FNH:4
FNDA:2,fetchCallerUser
FNDA:2,fetchSenderUser
FNDA:19,fetchReceiverUser
FNDA:20,fetchConvertedValue
DA:25,2
DA:26,2
DA:28,1
DA:36,2
DA:37,2
DA:39,1
DA:48,19
DA:49,19
DA:51,18
DA:59,20
DA:60,20
DA:61,19
DA:62,19
DA:64,18
LF:14
LH:14
BRDA:25,1,0,2
BRDA:25,1,1,0
BRDA:36,2,0,2
BRDA:36,2,1,0
BRDA:48,3,0,19
BRDA:48,3,1,0
BRDA:60,4,0,19
BRDA:60,4,1,1
BRDA:64,5,0,18
BRDA:64,5,1,0
BRF:10
BRH:6
end_of_record
TN:
SF:/home/node/project/c-layer-core/contracts/delegate/ProvableOwnershipTokenDelegate.sol
FN:23,createProof
FN:41,auditConfigs
FNF:2
FNH:2
FNDA:19,createProof
FNDA:12,auditConfigs
DA:26,19
DA:27,19
DA:29,19
DA:30,19
DA:34,19
DA:35,19
DA:42,12
DA:43,12
DA:49,12
LF:9
LH:9
BRF:0
BRH:0
end_of_record
TN:
SF:/home/node/project/c-layer-core/contracts/delegate/RuleEngineTokenDelegate.sol
FN:20,transferInternal
FN:32,canTransferInternal
FN:46,defineRules
FN:60,validateAddress
FN:74,whenAddressRulesAreValid
FN:82,validateTransfer
FN:98,whenTransferRulesAreValid
FNF:7
FNH:5
FNDA:16,transferInternal
FNDA:7,canTransferInternal
FNDA:13,defineRules
FNDA:0,validateAddress
FNDA:0,whenAddressRulesAreValid
FNDA:31,validateTransfer
FNDA:24,whenTransferRulesAreValid
DA:26,16
DA:35,7
DA:36,7
DA:37,7
DA:39,7
DA:49,13
DA:50,13
DA:61,0
DA:62,0
DA:63,0
DA:64,0
DA:67,0
DA:75,0
DA:76,0
DA:85,31
DA:86,31
DA:87,18
DA:88,10
DA:91,21
DA:103,24
DA:104,16
LF:21
LH:14
BRDA:63,1,0,0
BRDA:63,1,1,0
BRDA:75,2,0,0
BRDA:75,2,1,0
BRDA:87,3,0,10
BRDA:87,3,1,8
BRDA:103,4,0,16
BRDA:103,4,1,8
BRF:8
BRH:4
end_of_record
TN:
SF:/home/node/project/c-layer-core/contracts/delegate/SeizableTokenDelegate.sol
FN:21,seize
FNF:1
FNH:1
FNDA:9,seize
DA:26,9
DA:27,7
DA:29,7
DA:30,5
DA:31,5
DA:33,5
DA:36,5
DA:37,5
LF:8
LH:8
BRDA:26,1,0,7
BRDA:26,1,1,2
BRDA:33,2,0,5
BRDA:33,2,1,0
BRF:4
BRH:3
end_of_record
TN:
SF:/home/node/project/c-layer-core/contracts/delegate/WithClaimsTokenDelegate.sol
FN:30,transferInternal
FN:50,hasClaims
FN:66,defineClaimables
FNF:3
FNH:3
FNDA:22,transferInternal
FNDA:44,hasClaims
FNDA:9,defineClaimables
DA:32,22
DA:33,6
DA:36,22
DA:37,6
DA:39,22
DA:51,44
DA:52,44
DA:53,44
DA:54,16
DA:55,12
DA:58,32
DA:70,9
DA:71,9
DA:72,9
LF:14
LH:14
BRDA:32,1,0,6
BRDA:32,1,1,16
BRDA:36,2,0,6
BRDA:36,2,1,16
BRDA:54,3,0,12
BRDA:54,3,1,4
BRF:6
BRH:6
end_of_record
TN:
SF:/home/node/project/c-layer-core/contracts/interface/IClaimable.sol
FNF:0
FNH:0
LF:0
LH:0
BRF:0
BRH:0
end_of_record
TN:
SF:/home/node/project/c-layer-core/contracts/interface/IERC20.sol
FNF:0
FNH:0
LF:0
LH:0
BRF:0
BRH:0
end_of_record
TN:
SF:/home/node/project/c-layer-core/contracts/interface/IRatesProvider.sol
FNF:0
FNH:0
LF:0
LH:0
BRF:0
BRH:0
end_of_record
TN:
SF:/home/node/project/c-layer-core/contracts/interface/IRule.sol
FNF:0
FNH:0
LF:0
LH:0
BRF:0
BRH:0
end_of_record
TN:
SF:/home/node/project/c-layer-core/contracts/interface/ITokenCore.sol
FNF:0
FNH:0
LF:0
LH:0
BRF:0
BRH:0
end_of_record
TN:
SF:/home/node/project/c-layer-core/contracts/interface/IUserRegistry.sol
FNF:0
FNH:0
LF:0
LH:0
BRF:0
BRH:0
end_of_record
TN:
SF:/home/node/project/c-layer-core/contracts/operable/OperableCore.sol
FN:21,constructor
FN:31,onlySysOp
FN:39,onlyCoreOp
FN:47,onlyProxyOp
FN:57,defineRole
FN:74,assignOperators
FN:89,assignProxyOperators
FN:104,revokeOperators
FNF:8
FNH:8
FNDA:247,constructor
FNDA:113,onlySysOp
FNDA:278,onlyCoreOp
FNDA:138,onlyProxyOp
FNDA:23,defineRole
FNDA:30,assignOperators
FNDA:41,assignProxyOperators
FNDA:3,revokeOperators
DA:22,247
DA:23,247
DA:32,113
DA:33,97
DA:40,278
DA:41,276
DA:48,138
DA:49,116
DA:60,23
DA:61,21
DA:62,21
DA:63,31
DA:65,21
DA:66,21
DA:77,30
DA:78,49
DA:79,49
DA:81,30
DA:93,41
DA:94,42
DA:95,42
DA:97,41
DA:107,3
DA:108,3
DA:109,3
DA:111,3
LF:26
LH:26
BRDA:32,1,0,97
BRDA:32,1,1,16
BRDA:40,2,0,276
BRDA:40,2,1,2
BRDA:48,3,0,116
BRDA:48,3,1,22
BRDA:60,4,0,21
BRDA:60,4,1,2
BRF:8
BRH:8
end_of_record
TN:
SF:/home/node/project/c-layer-core/contracts/operable/OperableProxy.sol
FN:20,constructor
FN:25,owner
FN:32,onlyOperator
FNF:3
FNH:3
FNDA:259,constructor
FNDA:1,owner
FNDA:3,onlyOperator
DA:26,1
DA:33,3
DA:35,1
LF:3
LH:3
BRDA:33,1,0,1
BRDA:33,1,1,2
BRF:2
BRH:2
end_of_record
TN:
SF:/home/node/project/c-layer-core/contracts/operable/OperableStorage.sol
FN:38,coreRole
FN:46,proxyRole
FN:57,rolePrivilege
FN:66,roleHasPrivilege
FN:74,hasCorePrivilege
FN:84,hasProxyPrivilege
FNF:6
FNH:5
FNDA:1,coreRole
FNDA:2,proxyRole
FNDA:0,rolePrivilege
FNDA:2,roleHasPrivilege
FNDA:305,hasCorePrivilege
FNDA:152,hasProxyPrivilege
DA:39,1
DA:49,2
DA:60,0
DA:67,2
DA:75,305
DA:76,305
DA:85,152
DA:86,152
DA:88,152
LF:9
LH:8
BRF:0
BRH:0
end_of_record
TN:
SF:/home/node/project/c-layer-core/contracts/rule/UserRule.sol
FN:24,constructor
FN:31,userRegistry
FN:38,isAddressValid
FN:45,isTransferValid
FNF:4
FNH:4
FNDA:7,constructor
FNDA:1,userRegistry
FNDA:2,isAddressValid
FNDA:4,isTransferValid
DA:25,7
DA:32,1
DA:39,2
DA:48,4
LF:4
LH:4
BRF:0
BRH:0
end_of_record
TN:
SF:/home/node/project/c-layer-core/contracts/rule/YesNoRule.sol
FN:17,constructor
FN:21,isAddressValid
FN:25,isTransferValid
FNF:3
FNH:3
FNDA:24,constructor
FNDA:2,isAddressValid
FNDA:20,isTransferValid
DA:18,24
DA:22,2
DA:30,20
LF:3
LH:3
BRF:0
BRH:0
end_of_record
TN:
SF:/home/node/project/c-layer-core/contracts/TokenCore.sol
FN:26,constructor
FN:31,name
FN:35,oracles
FN:41,auditSelector
FN:55,auditShared
FN:74,auditUser
FN:94,auditAddress
FN:115,tokenName
FN:119,tokenSymbol
FN:123,tokenDecimals
FN:127,tokenTotalSupply
FN:131,tokenBalanceOf
FN:135,tokenAllowance
FN:141,transfer
FN:147,transferFrom
FN:153,approve
FN:159,increaseApproval
FN:165,decreaseApproval
FN:171,canTransfer
FN:178,token
FN:199,tokenProofs
FN:211,issue
FN:217,redeem
FN:223,mint
FN:229,finishMinting
FN:235,mintAtOnce
FN:241,seize
FN:247,freezeManyAddresses
FN:255,createProof
FN:261,defineLock
FN:267,defineRules
FN:273,defineClaimables
FN:280,defineToken
FN:298,removeToken
FN:308,defineOracles
FN:328,defineAuditSelector
FNF:36
FNH:36
FNDA:208,constructor
FNDA:1,name
FNDA:2,oracles
FNDA:1,auditSelector
FNDA:5,auditShared
FNDA:14,auditUser
FNDA:30,auditAddress
FNDA:2,tokenName
FNDA:2,tokenSymbol
FNDA:2,tokenDecimals
FNDA:11,tokenTotalSupply
FNDA:36,tokenBalanceOf
FNDA:16,tokenAllowance
FNDA:90,transfer
FNDA:32,transferFrom
FNDA:77,approve
FNDA:2,increaseApproval
FNDA:4,decreaseApproval
FNDA:12,canTransfer
FNDA:13,token
FNDA:7,tokenProofs
FNDA:7,issue
FNDA:3,redeem
FNDA:23,mint
FNDA:6,finishMinting
FNDA:15,mintAtOnce
FNDA:9,seize
FNDA:17,freezeManyAddresses
FNDA:7,createProof
FNDA:11,defineLock
FNDA:13,defineRules
FNDA:9,defineClaimables
FNDA:199,defineToken
FNDA:6,removeToken
FNDA:43,defineOracles
FNDA:27,defineAuditSelector
DA:27,208
DA:28,208
DA:32,1
DA:38,2
DA:47,1
DA:48,1
DA:49,1
DA:50,2
DA:52,1
DA:65,5
DA:66,5
DA:67,5
DA:68,5
DA:69,5
DA:70,5
DA:71,5
DA:85,14
DA:86,14
DA:87,14
DA:88,14
DA:89,14
DA:90,14
DA:91,14
DA:105,30
DA:106,30
DA:107,30
DA:108,30
DA:109,30
DA:110,30
DA:111,30
DA:116,2
DA:120,2
DA:124,2
DA:128,11
DA:132,36
DA:138,16
DA:144,90
DA:150,32
DA:156,77
DA:162,2
DA:168,4
DA:174,12
DA:187,13
DA:189,13
DA:190,13
DA:191,13
DA:192,13
DA:193,13
DA:194,13
DA:195,13
DA:196,13
DA:202,7
DA:203,7
DA:204,6
DA:205,6
DA:207,1
DA:214,7
DA:220,3
DA:226,23
DA:232,6
DA:238,15
DA:244,9
DA:252,17
DA:258,7
DA:264,11
DA:270,13
DA:276,9
DA:288,199
DA:289,199
DA:290,199
DA:291,199
DA:292,199
DA:294,199
DA:295,199
DA:301,6
DA:302,6
DA:304,6
DA:305,6
DA:314,43
DA:316,2
DA:318,41
DA:320,41
DA:321,41
DA:322,41
DA:324,41
DA:325,41
DA:334,27
DA:336,27
DA:337,27
DA:338,35
DA:341,27
DA:342,27
LF:92
LH:92
BRDA:203,1,0,6
BRDA:203,1,1,1
BRDA:314,2,0,2
BRDA:314,2,1,41
BRDA:316,3,0,0
BRDA:316,3,1,2
BRDA:334,4,0,27
BRDA:334,4,1,0
BRF:8
BRH:6
end_of_record
TN:
SF:/home/node/project/c-layer-core/contracts/TokenDelegate.sol
FN:15,auditConfigs
FNF:1
FNH:1
FNDA:9,auditConfigs
DA:16,9
DA:17,9
DA:23,9
DA:29,9
LF:4
LH:4
BRF:0
BRH:0
end_of_record
TN:
SF:/home/node/project/c-layer-core/contracts/TokenProxy.sol
FN:16,constructor
FN:18,name
FN:22,symbol
FN:26,decimals
FN:30,totalSupply
FN:34,balanceOf
FN:38,allowance
FN:44,transfer
FN:49,transferFrom
FN:55,approve
FN:61,increaseApproval
FN:67,decreaseApproval
FN:73,canTransfer
FN:79,emitTransfer
FN:86,emitApproval
FNF:15
FNH:15
FNDA:200,constructor
FNDA:2,name
FNDA:2,symbol
FNDA:2,decimals
FNDA:11,totalSupply
FNDA:36,balanceOf
FNDA:16,allowance
FNDA:90,transfer
FNDA:32,transferFrom
FNDA:77,approve
FNDA:2,increaseApproval
FNDA:4,decreaseApproval
FNDA:12,canTransfer
FNDA:143,emitTransfer
FNDA:83,emitApproval
DA:19,2
DA:23,2
DA:27,2
DA:31,11
DA:35,36
DA:41,16
DA:46,90
DA:52,32
DA:58,77
DA:64,2
DA:70,4
DA:76,12
DA:82,143
DA:83,143
DA:89,83
DA:90,83
LF:16
LH:16
BRF:0
BRH:0
end_of_record
TN:
SF:/home/node/project/c-layer-core/contracts/TokenStorage.sol
FN:96,currentTime
FNF:1
FNH:1
FNDA:240,currentTime
DA:98,240
LF:1
LH:1
BRF:0
BRH:0
end_of_record
