{"contracts/abstract/Core.sol":{"l":{"25":219,"26":218,"31":354,"32":354,"34":354,"35":354,"41":13,"47":14,"48":14,"49":14,"51":14,"52":14,"60":210,"61":208,"63":208,"64":206,"65":206,"71":7,"72":7},"path":"/home/node/project/c-layer-core/contracts/abstract/Core.sol","s":{"1":219,"2":354,"3":354,"4":354,"5":354,"6":13,"7":14,"8":14,"9":14,"10":14,"11":14,"12":210,"13":208,"14":208,"15":206,"16":206,"17":7},"b":{"1":[218,1],"2":[354,0],"3":[314,40],"4":[14,0],"5":[14,0],"6":[208,2],"7":[206,2]},"f":{"1":219,"2":354,"3":13,"4":14,"5":210,"6":7},"fnMap":{"1":{"name":"onlyProxy","line":24,"loc":{"start":{"line":24,"column":2},"end":{"line":24,"column":20}}},"2":{"name":"delegateCall","line":29,"loc":{"start":{"line":29,"column":2},"end":{"line":30,"column":3}}},"3":{"name":"delegateCallUint256","line":38,"loc":{"start":{"line":38,"column":2},"end":{"line":40,"column":3}}},"4":{"name":"delegateCallBytes","line":44,"loc":{"start":{"line":44,"column":2},"end":{"line":46,"column":3}}},"5":{"name":"defineProxy","line":55,"loc":{"start":{"line":55,"column":2},"end":{"line":59,"column":3}}},"6":{"name":"removeProxy","line":68,"loc":{"start":{"line":68,"column":2},"end":{"line":70,"column":3}}}},"statementMap":{"1":{"start":{"line":25,"column":4},"end":{"line":25,"column":60}},"2":{"start":{"line":31,"column":4},"end":{"line":31,"column":45}},"3":{"start":{"line":32,"column":4},"end":{"line":32,"column":42}},"4":{"start":{"line":34,"column":4},"end":{"line":34,"column":47}},"5":{"start":{"line":35,"column":4},"end":{"line":35,"column":26}},"6":{"start":{"line":41,"column":4},"end":{"line":41,"column":48}},"7":{"start":{"line":47,"column":4},"end":{"line":47,"column":15}},"8":{"start":{"line":48,"column":4},"end":{"line":48,"column":45}},"9":{"start":{"line":49,"column":4},"end":{"line":49,"column":42}},"10":{"start":{"line":51,"column":4},"end":{"line":51,"column":53}},"11":{"start":{"line":52,"column":4},"end":{"line":52,"column":26}},"12":{"start":{"line":60,"column":4},"end":{"line":60,"column":50}},"13":{"start":{"line":61,"column":4},"end":{"line":61,"column":45}},"14":{"start":{"line":63,"column":4},"end":{"line":63,"column":40}},"15":{"start":{"line":64,"column":4},"end":{"line":64,"column":36}},"16":{"start":{"line":65,"column":4},"end":{"line":65,"column":15}},"17":{"start":{"line":72,"column":4},"end":{"line":72,"column":15}}},"branchMap":{"1":{"line":25,"type":"if","locations":[{"start":{"line":25,"column":4},"end":{"line":25,"column":4}},{"start":{"line":25,"column":4},"end":{"line":25,"column":4}}]},"2":{"line":32,"type":"if","locations":[{"start":{"line":32,"column":4},"end":{"line":32,"column":4}},{"start":{"line":32,"column":4},"end":{"line":32,"column":4}}]},"3":{"line":35,"type":"if","locations":[{"start":{"line":35,"column":4},"end":{"line":35,"column":4}},{"start":{"line":35,"column":4},"end":{"line":35,"column":4}}]},"4":{"line":49,"type":"if","locations":[{"start":{"line":49,"column":4},"end":{"line":49,"column":4}},{"start":{"line":49,"column":4},"end":{"line":49,"column":4}}]},"5":{"line":52,"type":"if","locations":[{"start":{"line":52,"column":4},"end":{"line":52,"column":4}},{"start":{"line":52,"column":4},"end":{"line":52,"column":4}}]},"6":{"line":60,"type":"if","locations":[{"start":{"line":60,"column":4},"end":{"line":60,"column":4}},{"start":{"line":60,"column":4},"end":{"line":60,"column":4}}]},"7":{"line":63,"type":"if","locations":[{"start":{"line":63,"column":4},"end":{"line":63,"column":4}},{"start":{"line":63,"column":4},"end":{"line":63,"column":4}}]}}},"contracts/abstract/Delegate.sol":{"l":{},"path":"/home/node/project/c-layer-core/contracts/abstract/Delegate.sol","s":{},"b":{},"f":{},"fnMap":{},"statementMap":{},"branchMap":{}},"contracts/abstract/Proxy.sol":{"l":{"19":228,"20":227,"24":261},"path":"/home/node/project/c-layer-core/contracts/abstract/Proxy.sol","s":{"1":228,"2":261},"b":{"1":[227,1]},"f":{"1":228,"2":261},"fnMap":{"1":{"name":"onlyCore","line":18,"loc":{"start":{"line":18,"column":2},"end":{"line":18,"column":19}}},"2":{"name":"constructor","line":23,"loc":{"start":{"line":23,"column":2},"end":{"line":23,"column":35}}}},"statementMap":{"1":{"start":{"line":19,"column":4},"end":{"line":19,"column":38}},"2":{"start":{"line":24,"column":4},"end":{"line":24,"column":15}}},"branchMap":{"1":{"line":19,"type":"if","locations":[{"start":{"line":19,"column":4},"end":{"line":19,"column":4}},{"start":{"line":19,"column":4},"end":{"line":19,"column":4}}]}}},"contracts/abstract/Storage.sol":{"l":{},"path":"/home/node/project/c-layer-core/contracts/abstract/Storage.sol","s":{},"b":{},"f":{},"fnMap":{},"statementMap":{},"branchMap":{}},"contracts/claims/EmptyClaimable.sol":{"l":{"19":23,"25":18},"path":"/home/node/project/c-layer-core/contracts/claims/EmptyClaimable.sol","s":{"1":23,"2":18},"b":{},"f":{"1":23,"2":18},"fnMap":{"1":{"name":"constructor","line":18,"loc":{"start":{"line":18,"column":2},"end":{"line":18,"column":34}}},"2":{"name":"hasClaimsSince","line":22,"loc":{"start":{"line":22,"column":2},"end":{"line":24,"column":3}}}},"statementMap":{"1":{"start":{"line":19,"column":4},"end":{"line":19,"column":19}},"2":{"start":{"line":25,"column":4},"end":{"line":25,"column":17}}},"branchMap":{}},"contracts/delegate/AuditableTokenDelegate.sol":{"l":{"43":5,"50":64,"51":60,"52":60,"54":0,"64":88,"65":143,"68":143,"73":143,"74":47,"76":96,"77":17,"81":79,"82":38,"83":38,"85":79,"86":20,"87":7,"90":20,"91":20,"94":79,"95":59,"96":59,"106":104,"107":104,"108":66,"110":104,"111":97,"113":104,"114":76,"116":104,"118":76,"128":117,"129":117,"130":40,"132":117,"133":97,"135":117,"136":69,"138":117,"140":82},"path":"/home/node/project/c-layer-core/contracts/delegate/AuditableTokenDelegate.sol","s":{"1":5,"2":64,"3":60,"4":60,"5":0,"6":88,"7":143,"8":143,"9":143,"10":96,"11":79,"12":38,"13":38,"14":79,"15":20,"16":7,"17":20,"18":20,"19":79,"20":59,"21":59,"22":104,"23":104,"24":66,"25":104,"26":97,"27":104,"28":76,"29":104,"30":76,"31":117,"32":117,"33":40,"34":117,"35":97,"36":117,"37":69,"38":117,"39":82},"b":{"1":[60,0],"2":[47,96],"3":[17,79],"4":[38,41],"5":[20,59],"6":[7,13],"7":[20,0],"8":[59,20],"9":[66,38],"10":[97,7],"11":[76,28],"12":[76,28],"13":[40,77],"14":[97,20],"15":[69,48],"16":[82,35]},"f":{"1":5,"2":64,"3":88,"4":104,"5":117},"fnMap":{"1":{"name":"auditConfigs","line":42,"loc":{"start":{"line":42,"column":2},"end":{"line":42,"column":70}}},"2":{"name":"transferInternal","line":49,"loc":{"start":{"line":49,"column":2},"end":{"line":49,"column":86}}},"3":{"name":"updateAuditInternal","line":60,"loc":{"start":{"line":60,"column":2},"end":{"line":63,"column":3}}},"4":{"name":"updateSenderAuditPrivate","line":101,"loc":{"start":{"line":101,"column":2},"end":{"line":105,"column":13}}},"5":{"name":"updateReceiverAuditPrivate","line":123,"loc":{"start":{"line":123,"column":2},"end":{"line":127,"column":13}}}},"statementMap":{"1":{"start":{"line":43,"column":4},"end":{"line":43,"column":31}},"2":{"start":{"line":50,"column":4},"end":{"line":50,"column":1350}},"3":{"start":{"line":51,"column":6},"end":{"line":51,"column":55}},"4":{"start":{"line":52,"column":6},"end":{"line":52,"column":17}},"5":{"start":{"line":54,"column":4},"end":{"line":54,"column":16}},"6":{"start":{"line":64,"column":4},"end":{"line":64,"column":1669}},"7":{"start":{"line":65,"column":6},"end":{"line":65,"column":55}},"8":{"start":{"line":68,"column":6},"end":{"line":68,"column":1840}},"9":{"start":{"line":73,"column":6},"end":{"line":73,"column":2005}},"10":{"start":{"line":76,"column":6},"end":{"line":76,"column":2119}},"11":{"start":{"line":81,"column":6},"end":{"line":81,"column":2274}},"12":{"start":{"line":82,"column":8},"end":{"line":82,"column":84}},"13":{"start":{"line":83,"column":8},"end":{"line":83,"column":86}},"14":{"start":{"line":85,"column":6},"end":{"line":85,"column":2494}},"15":{"start":{"line":86,"column":8},"end":{"line":86,"column":2532}},"16":{"start":{"line":87,"column":10},"end":{"line":87,"column":108}},"17":{"start":{"line":90,"column":8},"end":{"line":90,"column":2697}},"18":{"start":{"line":91,"column":10},"end":{"line":91,"column":112}},"19":{"start":{"line":94,"column":6},"end":{"line":94,"column":2871}},"20":{"start":{"line":95,"column":8},"end":{"line":95,"column":107}},"21":{"start":{"line":96,"column":8},"end":{"line":96,"column":111}},"22":{"start":{"line":106,"column":4},"end":{"line":106,"column":38}},"23":{"start":{"line":107,"column":4},"end":{"line":107,"column":3349}},"24":{"start":{"line":108,"column":6},"end":{"line":108,"column":41}},"25":{"start":{"line":110,"column":4},"end":{"line":110,"column":3469}},"26":{"start":{"line":111,"column":6},"end":{"line":111,"column":49}},"27":{"start":{"line":113,"column":4},"end":{"line":113,"column":3574}},"28":{"start":{"line":114,"column":6},"end":{"line":114,"column":46}},"29":{"start":{"line":116,"column":4},"end":{"line":116,"column":3673}},"30":{"start":{"line":118,"column":6},"end":{"line":118,"column":3797}},"31":{"start":{"line":128,"column":4},"end":{"line":128,"column":38}},"32":{"start":{"line":129,"column":4},"end":{"line":129,"column":4086}},"33":{"start":{"line":130,"column":6},"end":{"line":130,"column":43}},"34":{"start":{"line":132,"column":4},"end":{"line":132,"column":4210}},"35":{"start":{"line":133,"column":6},"end":{"line":133,"column":51}},"36":{"start":{"line":135,"column":4},"end":{"line":135,"column":4317}},"37":{"start":{"line":136,"column":6},"end":{"line":136,"column":49}},"38":{"start":{"line":138,"column":4},"end":{"line":138,"column":4420}},"39":{"start":{"line":140,"column":6},"end":{"line":140,"column":4545}}},"branchMap":{"1":{"line":50,"type":"if","locations":[{"start":{"line":50,"column":4},"end":{"line":50,"column":4}},{"start":{"line":50,"column":4},"end":{"line":50,"column":4}}]},"2":{"line":73,"type":"if","locations":[{"start":{"line":73,"column":6},"end":{"line":73,"column":6}},{"start":{"line":73,"column":6},"end":{"line":73,"column":6}}]},"3":{"line":76,"type":"if","locations":[{"start":{"line":76,"column":6},"end":{"line":76,"column":6}},{"start":{"line":76,"column":6},"end":{"line":76,"column":6}}]},"4":{"line":81,"type":"if","locations":[{"start":{"line":81,"column":6},"end":{"line":81,"column":6}},{"start":{"line":81,"column":6},"end":{"line":81,"column":6}}]},"5":{"line":85,"type":"if","locations":[{"start":{"line":85,"column":6},"end":{"line":85,"column":6}},{"start":{"line":85,"column":6},"end":{"line":85,"column":6}}]},"6":{"line":86,"type":"if","locations":[{"start":{"line":86,"column":8},"end":{"line":86,"column":8}},{"start":{"line":86,"column":8},"end":{"line":86,"column":8}}]},"7":{"line":90,"type":"if","locations":[{"start":{"line":90,"column":8},"end":{"line":90,"column":8}},{"start":{"line":90,"column":8},"end":{"line":90,"column":8}}]},"8":{"line":94,"type":"if","locations":[{"start":{"line":94,"column":6},"end":{"line":94,"column":6}},{"start":{"line":94,"column":6},"end":{"line":94,"column":6}}]},"9":{"line":107,"type":"if","locations":[{"start":{"line":107,"column":4},"end":{"line":107,"column":4}},{"start":{"line":107,"column":4},"end":{"line":107,"column":4}}]},"10":{"line":110,"type":"if","locations":[{"start":{"line":110,"column":4},"end":{"line":110,"column":4}},{"start":{"line":110,"column":4},"end":{"line":110,"column":4}}]},"11":{"line":113,"type":"if","locations":[{"start":{"line":113,"column":4},"end":{"line":113,"column":4}},{"start":{"line":113,"column":4},"end":{"line":113,"column":4}}]},"12":{"line":116,"type":"if","locations":[{"start":{"line":116,"column":4},"end":{"line":116,"column":4}},{"start":{"line":116,"column":4},"end":{"line":116,"column":4}}]},"13":{"line":129,"type":"if","locations":[{"start":{"line":129,"column":4},"end":{"line":129,"column":4}},{"start":{"line":129,"column":4},"end":{"line":129,"column":4}}]},"14":{"line":132,"type":"if","locations":[{"start":{"line":132,"column":4},"end":{"line":132,"column":4}},{"start":{"line":132,"column":4},"end":{"line":132,"column":4}}]},"15":{"line":135,"type":"if","locations":[{"start":{"line":135,"column":4},"end":{"line":135,"column":4}},{"start":{"line":135,"column":4},"end":{"line":135,"column":4}}]},"16":{"line":138,"type":"if","locations":[{"start":{"line":138,"column":4},"end":{"line":138,"column":4}},{"start":{"line":138,"column":4},"end":{"line":138,"column":4}}]}}},"contracts/delegate/BaseTokenDelegate.sol":{"l":{"48":90,"59":32,"71":12,"81":77,"82":77,"83":77,"86":77,"95":2,"96":2,"98":2,"101":2,"110":4,"111":4,"112":4,"113":2,"115":2,"117":4,"120":4,"128":104,"129":104,"130":104,"131":104,"132":104,"134":104,"135":104,"137":98,"138":26,"139":20,"142":92,"143":92,"144":92,"147":92,"156":8,"157":8,"158":8,"159":8,"161":8,"162":1,"165":7,"166":1,"169":6,"170":1,"173":5,"186":143,"188":143,"189":143},"path":"/home/node/project/c-layer-core/contracts/delegate/BaseTokenDelegate.sol","s":{"1":90,"2":32,"3":12,"4":77,"5":77,"6":77,"7":77,"8":2,"9":2,"10":2,"11":2,"12":4,"13":4,"14":4,"15":2,"16":2,"17":4,"18":4,"19":104,"20":104,"21":104,"22":104,"23":104,"24":104,"25":104,"26":98,"27":26,"28":20,"29":92,"30":92,"31":92,"32":92,"33":8,"34":8,"35":8,"36":8,"37":8,"38":1,"39":7,"40":1,"41":6,"42":1,"43":5,"44":143,"45":143},"b":{"1":[77,0],"2":[2,0],"3":[2,2],"4":[4,0],"5":[104,0],"6":[98,6],"7":[26,72],"8":[20,6],"9":[92,0],"10":[1,7],"11":[1,6],"12":[1,5]},"f":{"1":90,"2":32,"3":12,"4":77,"5":2,"6":4,"7":104,"8":8,"9":143},"fnMap":{"1":{"name":"transfer","line":45,"loc":{"start":{"line":45,"column":2},"end":{"line":47,"column":3}}},"2":{"name":"transferFrom","line":55,"loc":{"start":{"line":55,"column":2},"end":{"line":58,"column":3}}},"3":{"name":"canTransfer","line":66,"loc":{"start":{"line":66,"column":2},"end":{"line":70,"column":3}}},"4":{"name":"approve","line":78,"loc":{"start":{"line":78,"column":2},"end":{"line":80,"column":3}}},"5":{"name":"increaseApproval","line":92,"loc":{"start":{"line":92,"column":2},"end":{"line":94,"column":3}}},"6":{"name":"decreaseApproval","line":107,"loc":{"start":{"line":107,"column":2},"end":{"line":109,"column":3}}},"7":{"name":"transferInternal","line":126,"loc":{"start":{"line":126,"column":2},"end":{"line":127,"column":3}}},"8":{"name":"canTransferInternal","line":153,"loc":{"start":{"line":153,"column":2},"end":{"line":155,"column":3}}},"9":{"name":"transferData","line":179,"loc":{"start":{"line":179,"column":2},"end":{"line":183,"column":3}}}},"statementMap":{"1":{"start":{"line":48,"column":4},"end":{"line":48,"column":1031}},"2":{"start":{"line":59,"column":4},"end":{"line":59,"column":1317}},"3":{"start":{"line":71,"column":4},"end":{"line":71,"column":1586}},"4":{"start":{"line":81,"column":4},"end":{"line":81,"column":49}},"5":{"start":{"line":82,"column":4},"end":{"line":82,"column":44}},"6":{"start":{"line":83,"column":4},"end":{"line":83,"column":1865}},"7":{"start":{"line":86,"column":4},"end":{"line":86,"column":15}},"8":{"start":{"line":95,"column":4},"end":{"line":95,"column":49}},"9":{"start":{"line":96,"column":4},"end":{"line":96,"column":2230}},"10":{"start":{"line":98,"column":4},"end":{"line":98,"column":2286}},"11":{"start":{"line":101,"column":4},"end":{"line":101,"column":15}},"12":{"start":{"line":110,"column":4},"end":{"line":110,"column":49}},"13":{"start":{"line":111,"column":4},"end":{"line":111,"column":52}},"14":{"start":{"line":112,"column":4},"end":{"line":112,"column":2685}},"15":{"start":{"line":113,"column":6},"end":{"line":113,"column":41}},"16":{"start":{"line":115,"column":6},"end":{"line":115,"column":70}},"17":{"start":{"line":117,"column":4},"end":{"line":117,"column":2868}},"18":{"start":{"line":120,"column":4},"end":{"line":120,"column":15}},"19":{"start":{"line":128,"column":4},"end":{"line":128,"column":58}},"20":{"start":{"line":129,"column":4},"end":{"line":129,"column":41}},"21":{"start":{"line":130,"column":4},"end":{"line":130,"column":41}},"22":{"start":{"line":131,"column":4},"end":{"line":131,"column":45}},"23":{"start":{"line":132,"column":4},"end":{"line":132,"column":39}},"24":{"start":{"line":134,"column":4},"end":{"line":134,"column":40}},"25":{"start":{"line":135,"column":4},"end":{"line":135,"column":51}},"26":{"start":{"line":137,"column":4},"end":{"line":137,"column":3461}},"27":{"start":{"line":138,"column":6},"end":{"line":138,"column":60}},"28":{"start":{"line":139,"column":6},"end":{"line":139,"column":77}},"29":{"start":{"line":142,"column":4},"end":{"line":142,"column":61}},"30":{"start":{"line":143,"column":4},"end":{"line":143,"column":65}},"31":{"start":{"line":144,"column":4},"end":{"line":144,"column":3783}},"32":{"start":{"line":147,"column":4},"end":{"line":147,"column":15}},"33":{"start":{"line":156,"column":4},"end":{"line":156,"column":58}},"34":{"start":{"line":157,"column":4},"end":{"line":157,"column":41}},"35":{"start":{"line":158,"column":4},"end":{"line":158,"column":45}},"36":{"start":{"line":159,"column":4},"end":{"line":159,"column":39}},"37":{"start":{"line":161,"column":4},"end":{"line":161,"column":4231}},"38":{"start":{"line":162,"column":6},"end":{"line":162,"column":40}},"39":{"start":{"line":165,"column":4},"end":{"line":165,"column":4312}},"40":{"start":{"line":166,"column":6},"end":{"line":166,"column":38}},"41":{"start":{"line":169,"column":4},"end":{"line":169,"column":4393}},"42":{"start":{"line":170,"column":6},"end":{"line":170,"column":45}},"43":{"start":{"line":173,"column":4},"end":{"line":173,"column":26}},"44":{"start":{"line":188,"column":4},"end":{"line":188,"column":50}},"45":{"start":{"line":189,"column":4},"end":{"line":189,"column":4919}}},"branchMap":{"1":{"line":83,"type":"if","locations":[{"start":{"line":83,"column":4},"end":{"line":83,"column":4}},{"start":{"line":83,"column":4},"end":{"line":83,"column":4}}]},"2":{"line":98,"type":"if","locations":[{"start":{"line":98,"column":4},"end":{"line":98,"column":4}},{"start":{"line":98,"column":4},"end":{"line":98,"column":4}}]},"3":{"line":112,"type":"if","locations":[{"start":{"line":112,"column":4},"end":{"line":112,"column":4}},{"start":{"line":112,"column":4},"end":{"line":112,"column":4}}]},"4":{"line":117,"type":"if","locations":[{"start":{"line":117,"column":4},"end":{"line":117,"column":4}},{"start":{"line":117,"column":4},"end":{"line":117,"column":4}}]},"5":{"line":134,"type":"if","locations":[{"start":{"line":134,"column":4},"end":{"line":134,"column":4}},{"start":{"line":134,"column":4},"end":{"line":134,"column":4}}]},"6":{"line":135,"type":"if","locations":[{"start":{"line":135,"column":4},"end":{"line":135,"column":4}},{"start":{"line":135,"column":4},"end":{"line":135,"column":4}}]},"7":{"line":137,"type":"if","locations":[{"start":{"line":137,"column":4},"end":{"line":137,"column":4}},{"start":{"line":137,"column":4},"end":{"line":137,"column":4}}]},"8":{"line":138,"type":"if","locations":[{"start":{"line":138,"column":6},"end":{"line":138,"column":6}},{"start":{"line":138,"column":6},"end":{"line":138,"column":6}}]},"9":{"line":144,"type":"if","locations":[{"start":{"line":144,"column":4},"end":{"line":144,"column":4}},{"start":{"line":144,"column":4},"end":{"line":144,"column":4}}]},"10":{"line":161,"type":"if","locations":[{"start":{"line":161,"column":4},"end":{"line":161,"column":4}},{"start":{"line":161,"column":4},"end":{"line":161,"column":4}}]},"11":{"line":165,"type":"if","locations":[{"start":{"line":165,"column":4},"end":{"line":165,"column":4}},{"start":{"line":165,"column":4},"end":{"line":165,"column":4}}]},"12":{"line":169,"type":"if","locations":[{"start":{"line":169,"column":4},"end":{"line":169,"column":4}},{"start":{"line":169,"column":4},"end":{"line":169,"column":4}}]}}},"contracts/delegate/CLayerTokenDelegate.sol":{"l":{},"path":"/home/node/project/c-layer-core/contracts/delegate/CLayerTokenDelegate.sol","s":{},"b":{},"f":{},"fnMap":{},"statementMap":{},"branchMap":{}},"contracts/delegate/FreezableTokenDelegate.sol":{"l":{"23":20,"24":16,"33":6,"47":17,"48":17,"49":18,"50":18,"52":17,"59":26,"61":26,"62":26},"path":"/home/node/project/c-layer-core/contracts/delegate/FreezableTokenDelegate.sol","s":{"1":20,"2":16,"3":6,"4":17,"5":17,"6":18,"7":18,"8":17,"9":26,"10":26,"11":26},"b":{"1":[16,4]},"f":{"1":20,"2":6,"3":17,"4":26},"fnMap":{"1":{"name":"transferInternal","line":21,"loc":{"start":{"line":21,"column":2},"end":{"line":22,"column":3}}},"2":{"name":"canTransferInternal","line":30,"loc":{"start":{"line":30,"column":2},"end":{"line":32,"column":3}}},"3":{"name":"freezeManyAddresses","line":42,"loc":{"start":{"line":42,"column":2},"end":{"line":46,"column":3}}},"4":{"name":"areNotFrozen","line":58,"loc":{"start":{"line":58,"column":2},"end":{"line":58,"column":79}}}},"statementMap":{"1":{"start":{"line":23,"column":4},"end":{"line":23,"column":79}},"2":{"start":{"line":24,"column":4},"end":{"line":24,"column":48}},"3":{"start":{"line":33,"column":4},"end":{"line":33,"column":908}},"4":{"start":{"line":47,"column":4},"end":{"line":47,"column":83}},"5":{"start":{"line":48,"column":4},"end":{"line":48,"column":1385}},"6":{"start":{"line":49,"column":6},"end":{"line":49,"column":41}},"7":{"start":{"line":50,"column":6},"end":{"line":50,"column":40}},"8":{"start":{"line":52,"column":4},"end":{"line":52,"column":15}},"9":{"start":{"line":59,"column":4},"end":{"line":59,"column":87}},"10":{"start":{"line":61,"column":4},"end":{"line":61,"column":29}},"11":{"start":{"line":62,"column":4},"end":{"line":62,"column":1877}}},"branchMap":{"1":{"line":23,"type":"if","locations":[{"start":{"line":23,"column":4},"end":{"line":23,"column":4}},{"start":{"line":23,"column":4},"end":{"line":23,"column":4}}]}}},"contracts/delegate/IssuableTokenDelegate.sol":{"l":{"23":7,"24":7,"25":7,"26":7,"28":7,"31":7,"32":7,"41":3,"42":3,"43":3,"44":3,"46":3,"49":3,"50":3},"path":"/home/node/project/c-layer-core/contracts/delegate/IssuableTokenDelegate.sol","s":{"1":7,"2":7,"3":7,"4":7,"5":7,"6":7,"7":7,"8":3,"9":3,"10":3,"11":3,"12":3,"13":3,"14":3},"b":{"1":[7,0],"2":[3,0]},"f":{"1":7,"2":3},"fnMap":{"1":{"name":"issue","line":20,"loc":{"start":{"line":20,"column":2},"end":{"line":22,"column":3}}},"2":{"name":"redeem","line":38,"loc":{"start":{"line":38,"column":2},"end":{"line":40,"column":3}}}},"statementMap":{"1":{"start":{"line":23,"column":4},"end":{"line":23,"column":45}},"2":{"start":{"line":24,"column":4},"end":{"line":24,"column":71}},"3":{"start":{"line":25,"column":4},"end":{"line":25,"column":53}},"4":{"start":{"line":26,"column":4},"end":{"line":26,"column":33}},"5":{"start":{"line":28,"column":4},"end":{"line":28,"column":753}},"6":{"start":{"line":31,"column":4},"end":{"line":31,"column":31}},"7":{"start":{"line":32,"column":4},"end":{"line":32,"column":15}},"8":{"start":{"line":41,"column":4},"end":{"line":41,"column":45}},"9":{"start":{"line":42,"column":4},"end":{"line":42,"column":71}},"10":{"start":{"line":43,"column":4},"end":{"line":43,"column":53}},"11":{"start":{"line":44,"column":4},"end":{"line":44,"column":35}},"12":{"start":{"line":46,"column":4},"end":{"line":46,"column":1270}},"13":{"start":{"line":49,"column":4},"end":{"line":49,"column":32}},"14":{"start":{"line":50,"column":4},"end":{"line":50,"column":15}}},"branchMap":{"1":{"line":28,"type":"if","locations":[{"start":{"line":28,"column":4},"end":{"line":28,"column":4}},{"start":{"line":28,"column":4},"end":{"line":28,"column":4}}]},"2":{"line":46,"type":"if","locations":[{"start":{"line":46,"column":4},"end":{"line":46,"column":4}},{"start":{"line":46,"column":4},"end":{"line":46,"column":4}}]}}},"contracts/delegate/LimitableReceptionTokenDelegate.sol":{"l":{"24":17,"25":17,"31":17,"39":34,"40":30,"49":4,"57":38,"58":38,"59":21,"62":17,"63":17,"64":17,"65":15,"66":15},"path":"/home/node/project/c-layer-core/contracts/delegate/LimitableReceptionTokenDelegate.sol","s":{"1":17,"2":17,"3":17,"4":34,"5":30,"6":4,"7":38,"8":38,"9":21,"10":17,"11":17,"12":17,"13":15,"14":15},"b":{"1":[30,4],"2":[21,17],"3":[15,2]},"f":{"1":17,"2":34,"3":4,"4":38},"fnMap":{"1":{"name":"auditConfigs","line":23,"loc":{"start":{"line":23,"column":2},"end":{"line":23,"column":70}}},"2":{"name":"transferInternal","line":37,"loc":{"start":{"line":37,"column":2},"end":{"line":38,"column":3}}},"3":{"name":"canTransferInternal","line":46,"loc":{"start":{"line":46,"column":2},"end":{"line":48,"column":3}}},"4":{"name":"belowReceptionLimit","line":56,"loc":{"start":{"line":56,"column":2},"end":{"line":56,"column":93}}}},"statementMap":{"1":{"start":{"line":24,"column":4},"end":{"line":24,"column":61}},"2":{"start":{"line":25,"column":4},"end":{"line":25,"column":667}},"3":{"start":{"line":31,"column":4},"end":{"line":31,"column":24}},"4":{"start":{"line":39,"column":4},"end":{"line":39,"column":54}},"5":{"start":{"line":40,"column":4},"end":{"line":40,"column":48}},"6":{"start":{"line":49,"column":4},"end":{"line":49,"column":1408}},"7":{"start":{"line":57,"column":4},"end":{"line":57,"column":64}},"8":{"start":{"line":58,"column":4},"end":{"line":58,"column":1671}},"9":{"start":{"line":59,"column":6},"end":{"line":59,"column":17}},"10":{"start":{"line":62,"column":4},"end":{"line":62,"column":35}},"11":{"start":{"line":63,"column":4},"end":{"line":63,"column":37}},"12":{"start":{"line":64,"column":4},"end":{"line":64,"column":49}},"13":{"start":{"line":65,"column":4},"end":{"line":65,"column":80}},"14":{"start":{"line":66,"column":4},"end":{"line":66,"column":2011}}},"branchMap":{"1":{"line":39,"type":"if","locations":[{"start":{"line":39,"column":4},"end":{"line":39,"column":4}},{"start":{"line":39,"column":4},"end":{"line":39,"column":4}}]},"2":{"line":58,"type":"if","locations":[{"start":{"line":58,"column":4},"end":{"line":58,"column":4}},{"start":{"line":58,"column":4},"end":{"line":58,"column":4}}]},"3":{"line":64,"type":"if","locations":[{"start":{"line":64,"column":4},"end":{"line":64,"column":4}},{"start":{"line":64,"column":4},"end":{"line":64,"column":4}}]}}},"contracts/delegate/LockableTokenDelegate.sol":{"l":{"24":23,"25":21,"34":7,"47":11,"48":11,"49":11,"50":11,"51":8,"53":11,"54":11,"61":30,"63":30,"64":30},"path":"/home/node/project/c-layer-core/contracts/delegate/LockableTokenDelegate.sol","s":{"1":23,"2":21,"3":7,"4":11,"5":11,"6":11,"7":11,"8":8,"9":11,"10":11,"11":30,"12":30,"13":30},"b":{"1":[21,2],"2":[11,0]},"f":{"1":23,"2":7,"3":11,"4":30},"fnMap":{"1":{"name":"transferInternal","line":22,"loc":{"start":{"line":22,"column":2},"end":{"line":23,"column":3}}},"2":{"name":"canTransferInternal","line":31,"loc":{"start":{"line":31,"column":2},"end":{"line":33,"column":3}}},"3":{"name":"defineLock","line":41,"loc":{"start":{"line":41,"column":2},"end":{"line":46,"column":3}}},"4":{"name":"isUnlocked","line":60,"loc":{"start":{"line":60,"column":2},"end":{"line":60,"column":66}}}},"statementMap":{"1":{"start":{"line":24,"column":4},"end":{"line":24,"column":53}},"2":{"start":{"line":25,"column":4},"end":{"line":25,"column":48}},"3":{"start":{"line":34,"column":4},"end":{"line":34,"column":904}},"4":{"start":{"line":47,"column":4},"end":{"line":47,"column":38}},"5":{"start":{"line":48,"column":4},"end":{"line":48,"column":48}},"6":{"start":{"line":49,"column":4},"end":{"line":49,"column":49}},"7":{"start":{"line":50,"column":4},"end":{"line":50,"column":1283}},"8":{"start":{"line":51,"column":6},"end":{"line":51,"column":48}},"9":{"start":{"line":53,"column":4},"end":{"line":53,"column":59}},"10":{"start":{"line":54,"column":4},"end":{"line":54,"column":15}},"11":{"start":{"line":61,"column":4},"end":{"line":61,"column":53}},"12":{"start":{"line":63,"column":4},"end":{"line":63,"column":29}},"13":{"start":{"line":64,"column":4},"end":{"line":64,"column":1748}}},"branchMap":{"1":{"line":24,"type":"if","locations":[{"start":{"line":24,"column":4},"end":{"line":24,"column":4}},{"start":{"line":24,"column":4},"end":{"line":24,"column":4}}]},"2":{"line":47,"type":"if","locations":[{"start":{"line":47,"column":4},"end":{"line":47,"column":4}},{"start":{"line":47,"column":4},"end":{"line":47,"column":4}}]}}},"contracts/delegate/MintableTokenDelegate.sol":{"l":{"20":72,"21":68,"33":36,"34":36,"35":36,"37":36,"40":36,"41":36,"51":17,"52":17,"53":17,"65":15,"67":13,"68":13,"69":15,"71":13},"path":"/home/node/project/c-layer-core/contracts/delegate/MintableTokenDelegate.sol","s":{"1":72,"2":36,"3":36,"4":36,"5":36,"6":36,"7":36,"8":17,"9":17,"10":17,"11":15,"12":13,"13":13,"14":15,"15":13},"b":{"1":[68,4],"2":[36,0],"3":[13,2]},"f":{"1":72,"2":36,"3":17,"4":15},"fnMap":{"1":{"name":"canMint","line":19,"loc":{"start":{"line":19,"column":2},"end":{"line":19,"column":34}}},"2":{"name":"mint","line":30,"loc":{"start":{"line":30,"column":2},"end":{"line":32,"column":3}}},"3":{"name":"finishMinting","line":48,"loc":{"start":{"line":48,"column":2},"end":{"line":50,"column":3}}},"4":{"name":"mintAtOnce","line":62,"loc":{"start":{"line":62,"column":2},"end":{"line":64,"column":3}}}},"statementMap":{"1":{"start":{"line":20,"column":4},"end":{"line":20,"column":52}},"2":{"start":{"line":33,"column":4},"end":{"line":33,"column":45}},"3":{"start":{"line":34,"column":4},"end":{"line":34,"column":53}},"4":{"start":{"line":35,"column":4},"end":{"line":35,"column":57}},"5":{"start":{"line":37,"column":4},"end":{"line":37,"column":1048}},"6":{"start":{"line":40,"column":4},"end":{"line":40,"column":30}},"7":{"start":{"line":41,"column":4},"end":{"line":41,"column":15}},"8":{"start":{"line":51,"column":4},"end":{"line":51,"column":41}},"9":{"start":{"line":52,"column":4},"end":{"line":52,"column":29}},"10":{"start":{"line":53,"column":4},"end":{"line":53,"column":15}},"11":{"start":{"line":65,"column":4},"end":{"line":65,"column":57}},"12":{"start":{"line":67,"column":4},"end":{"line":67,"column":22}},"13":{"start":{"line":68,"column":4},"end":{"line":68,"column":1963}},"14":{"start":{"line":69,"column":6},"end":{"line":69,"column":65}},"15":{"start":{"line":71,"column":4},"end":{"line":71,"column":42}}},"branchMap":{"1":{"line":20,"type":"if","locations":[{"start":{"line":20,"column":4},"end":{"line":20,"column":4}},{"start":{"line":20,"column":4},"end":{"line":20,"column":4}}]},"2":{"line":37,"type":"if","locations":[{"start":{"line":37,"column":4},"end":{"line":37,"column":4}},{"start":{"line":37,"column":4},"end":{"line":37,"column":4}}]},"3":{"line":65,"type":"if","locations":[{"start":{"line":65,"column":4},"end":{"line":65,"column":4}},{"start":{"line":65,"column":4},"end":{"line":65,"column":4}}]}}},"contracts/delegate/OracleEnrichedTokenDelegate.sol":{"l":{"25":2,"26":2,"28":1,"36":2,"37":2,"39":1,"48":19,"49":19,"51":18,"59":20,"60":20,"61":19,"62":19,"64":18},"path":"/home/node/project/c-layer-core/contracts/delegate/OracleEnrichedTokenDelegate.sol","s":{"1":2,"2":2,"3":1,"4":2,"5":2,"6":1,"7":19,"8":19,"9":18,"10":20,"11":20,"12":19,"13":19,"14":18},"b":{"1":[2,0],"2":[2,0],"3":[19,0],"4":[19,1],"5":[18,0]},"f":{"1":2,"2":2,"3":19,"4":20},"fnMap":{"1":{"name":"fetchCallerUser","line":24,"loc":{"start":{"line":24,"column":2},"end":{"line":24,"column":75}}},"2":{"name":"fetchSenderUser","line":35,"loc":{"start":{"line":35,"column":2},"end":{"line":35,"column":75}}},"3":{"name":"fetchReceiverUser","line":47,"loc":{"start":{"line":47,"column":2},"end":{"line":47,"column":77}}},"4":{"name":"fetchConvertedValue","line":58,"loc":{"start":{"line":58,"column":2},"end":{"line":58,"column":79}}}},"statementMap":{"1":{"start":{"line":25,"column":4},"end":{"line":25,"column":644}},"2":{"start":{"line":26,"column":6},"end":{"line":26,"column":743}},"3":{"start":{"line":28,"column":6},"end":{"line":28,"column":39}},"4":{"start":{"line":36,"column":4},"end":{"line":36,"column":976}},"5":{"start":{"line":37,"column":6},"end":{"line":37,"column":1075}},"6":{"start":{"line":39,"column":6},"end":{"line":39,"column":39}},"7":{"start":{"line":48,"column":4},"end":{"line":48,"column":1313}},"8":{"start":{"line":49,"column":6},"end":{"line":49,"column":1416}},"9":{"start":{"line":51,"column":6},"end":{"line":51,"column":41}},"10":{"start":{"line":59,"column":4},"end":{"line":59,"column":39}},"11":{"start":{"line":60,"column":4},"end":{"line":60,"column":1704}},"12":{"start":{"line":61,"column":6},"end":{"line":61,"column":59}},"13":{"start":{"line":62,"column":6},"end":{"line":62,"column":1878}},"14":{"start":{"line":64,"column":6},"end":{"line":64,"column":56}}},"branchMap":{"1":{"line":25,"type":"if","locations":[{"start":{"line":25,"column":4},"end":{"line":25,"column":4}},{"start":{"line":25,"column":4},"end":{"line":25,"column":4}}]},"2":{"line":36,"type":"if","locations":[{"start":{"line":36,"column":4},"end":{"line":36,"column":4}},{"start":{"line":36,"column":4},"end":{"line":36,"column":4}}]},"3":{"line":48,"type":"if","locations":[{"start":{"line":48,"column":4},"end":{"line":48,"column":4}},{"start":{"line":48,"column":4},"end":{"line":48,"column":4}}]},"4":{"line":60,"type":"if","locations":[{"start":{"line":60,"column":4},"end":{"line":60,"column":4}},{"start":{"line":60,"column":4},"end":{"line":60,"column":4}}]},"5":{"line":64,"type":"if","locations":[{"start":{"line":64,"column":6},"end":{"line":64,"column":6}},{"start":{"line":64,"column":6},"end":{"line":64,"column":6}}]}}},"contracts/delegate/ProvableOwnershipTokenDelegate.sol":{"l":{"26":19,"27":19,"29":19,"30":19,"34":19,"35":19,"42":12,"43":12,"49":12},"path":"/home/node/project/c-layer-core/contracts/delegate/ProvableOwnershipTokenDelegate.sol","s":{"1":19,"2":19,"3":19,"4":19,"5":19,"6":19,"7":12,"8":12,"9":12},"b":{},"f":{"1":19,"2":12},"fnMap":{"1":{"name":"createProof","line":23,"loc":{"start":{"line":23,"column":2},"end":{"line":25,"column":3}}},"2":{"name":"auditConfigs","line":41,"loc":{"start":{"line":41,"column":2},"end":{"line":41,"column":70}}}},"statementMap":{"1":{"start":{"line":26,"column":4},"end":{"line":26,"column":60}},"2":{"start":{"line":27,"column":4},"end":{"line":27,"column":35}},"3":{"start":{"line":29,"column":4},"end":{"line":29,"column":45}},"4":{"start":{"line":30,"column":4},"end":{"line":30,"column":834}},"5":{"start":{"line":34,"column":4},"end":{"line":34,"column":47}},"6":{"start":{"line":35,"column":4},"end":{"line":35,"column":15}},"7":{"start":{"line":42,"column":4},"end":{"line":42,"column":61}},"8":{"start":{"line":43,"column":4},"end":{"line":43,"column":1214}},"9":{"start":{"line":49,"column":4},"end":{"line":49,"column":24}}},"branchMap":{}},"contracts/delegate/RuleEngineTokenDelegate.sol":{"l":{"26":16,"35":7,"36":7,"37":7,"39":7,"49":13,"50":13,"61":0,"62":0,"63":0,"64":0,"67":0,"75":0,"76":0,"85":31,"86":31,"87":18,"88":10,"91":21,"103":24,"104":16},"path":"/home/node/project/c-layer-core/contracts/delegate/RuleEngineTokenDelegate.sol","s":{"1":16,"2":7,"3":7,"4":7,"5":7,"6":13,"7":13,"8":0,"9":0,"10":0,"11":0,"12":0,"13":0,"14":31,"15":31,"16":18,"17":10,"18":21,"19":24},"b":{"1":[0,0],"2":[0,0],"3":[10,8],"4":[16,8]},"f":{"1":16,"2":7,"3":13,"4":0,"5":0,"6":31,"7":24},"fnMap":{"1":{"name":"transferInternal","line":20,"loc":{"start":{"line":20,"column":2},"end":{"line":25,"column":3}}},"2":{"name":"canTransferInternal","line":32,"loc":{"start":{"line":32,"column":2},"end":{"line":34,"column":3}}},"3":{"name":"defineRules","line":46,"loc":{"start":{"line":46,"column":2},"end":{"line":48,"column":3}}},"4":{"name":"validateAddress","line":60,"loc":{"start":{"line":60,"column":2},"end":{"line":60,"column":87}}},"5":{"name":"whenAddressRulesAreValid","line":74,"loc":{"start":{"line":74,"column":2},"end":{"line":74,"column":53}}},"6":{"name":"validateTransfer","line":82,"loc":{"start":{"line":82,"column":2},"end":{"line":84,"column":3}}},"7":{"name":"whenTransferRulesAreValid","line":98,"loc":{"start":{"line":98,"column":2},"end":{"line":102,"column":3}}}},"statementMap":{"1":{"start":{"line":26,"column":4},"end":{"line":26,"column":48}},"2":{"start":{"line":35,"column":4},"end":{"line":35,"column":41}},"3":{"start":{"line":36,"column":4},"end":{"line":36,"column":45}},"4":{"start":{"line":37,"column":4},"end":{"line":37,"column":39}},"5":{"start":{"line":39,"column":4},"end":{"line":39,"column":1054}},"6":{"start":{"line":49,"column":4},"end":{"line":49,"column":33}},"7":{"start":{"line":50,"column":4},"end":{"line":50,"column":37}},"8":{"start":{"line":61,"column":4},"end":{"line":61,"column":49}},"9":{"start":{"line":62,"column":4},"end":{"line":62,"column":1788}},"10":{"start":{"line":63,"column":6},"end":{"line":63,"column":1842}},"11":{"start":{"line":64,"column":8},"end":{"line":64,"column":20}},"12":{"start":{"line":67,"column":4},"end":{"line":67,"column":15}},"13":{"start":{"line":75,"column":4},"end":{"line":75,"column":57}},"14":{"start":{"line":85,"column":4},"end":{"line":85,"column":53}},"15":{"start":{"line":86,"column":4},"end":{"line":86,"column":2386}},"16":{"start":{"line":87,"column":6},"end":{"line":87,"column":2440}},"17":{"start":{"line":88,"column":8},"end":{"line":88,"column":20}},"18":{"start":{"line":91,"column":4},"end":{"line":91,"column":15}},"19":{"start":{"line":103,"column":4},"end":{"line":103,"column":57}}},"branchMap":{"1":{"line":63,"type":"if","locations":[{"start":{"line":63,"column":6},"end":{"line":63,"column":6}},{"start":{"line":63,"column":6},"end":{"line":63,"column":6}}]},"2":{"line":75,"type":"if","locations":[{"start":{"line":75,"column":4},"end":{"line":75,"column":4}},{"start":{"line":75,"column":4},"end":{"line":75,"column":4}}]},"3":{"line":87,"type":"if","locations":[{"start":{"line":87,"column":6},"end":{"line":87,"column":6}},{"start":{"line":87,"column":6},"end":{"line":87,"column":6}}]},"4":{"line":103,"type":"if","locations":[{"start":{"line":103,"column":4},"end":{"line":103,"column":4}},{"start":{"line":103,"column":4},"end":{"line":103,"column":4}}]}}},"contracts/delegate/SeizableTokenDelegate.sol":{"l":{"26":9,"27":7,"29":7,"30":5,"31":5,"33":5,"36":5,"37":5},"path":"/home/node/project/c-layer-core/contracts/delegate/SeizableTokenDelegate.sol","s":{"1":9,"2":7,"3":7,"4":5,"5":5,"6":5,"7":5,"8":5},"b":{"1":[7,2],"2":[5,0]},"f":{"1":9},"fnMap":{"1":{"name":"seize","line":21,"loc":{"start":{"line":21,"column":2},"end":{"line":25,"column":3}}}},"statementMap":{"1":{"start":{"line":26,"column":4},"end":{"line":26,"column":42}},"2":{"start":{"line":27,"column":4},"end":{"line":27,"column":45}},"3":{"start":{"line":29,"column":4},"end":{"line":29,"column":67}},"4":{"start":{"line":30,"column":4},"end":{"line":30,"column":71}},"5":{"start":{"line":31,"column":4},"end":{"line":31,"column":33}},"6":{"start":{"line":33,"column":4},"end":{"line":33,"column":871}},"7":{"start":{"line":36,"column":4},"end":{"line":36,"column":41}},"8":{"start":{"line":37,"column":4},"end":{"line":37,"column":15}}},"branchMap":{"1":{"line":26,"type":"if","locations":[{"start":{"line":26,"column":4},"end":{"line":26,"column":4}},{"start":{"line":26,"column":4},"end":{"line":26,"column":4}}]},"2":{"line":33,"type":"if","locations":[{"start":{"line":33,"column":4},"end":{"line":33,"column":4}},{"start":{"line":33,"column":4},"end":{"line":33,"column":4}}]}}},"contracts/delegate/WithClaimsTokenDelegate.sol":{"l":{"32":22,"33":6,"36":22,"37":6,"39":22,"51":44,"52":44,"53":44,"54":16,"55":12,"58":32,"70":9,"71":9,"72":9},"path":"/home/node/project/c-layer-core/contracts/delegate/WithClaimsTokenDelegate.sol","s":{"1":22,"2":6,"3":22,"4":6,"5":22,"6":44,"7":44,"8":44,"9":16,"10":12,"11":32,"12":9,"13":9,"14":9},"b":{"1":[6,16],"2":[6,16],"3":[12,4]},"f":{"1":22,"2":44,"3":9},"fnMap":{"1":{"name":"transferInternal","line":30,"loc":{"start":{"line":30,"column":2},"end":{"line":31,"column":3}}},"2":{"name":"hasClaims","line":50,"loc":{"start":{"line":50,"column":2},"end":{"line":50,"column":80}}},"3":{"name":"defineClaimables","line":66,"loc":{"start":{"line":66,"column":2},"end":{"line":69,"column":3}}}},"statementMap":{"1":{"start":{"line":32,"column":4},"end":{"line":32,"column":1050}},"2":{"start":{"line":33,"column":6},"end":{"line":33,"column":50}},"3":{"start":{"line":36,"column":4},"end":{"line":36,"column":1165}},"4":{"start":{"line":37,"column":6},"end":{"line":37,"column":52}},"5":{"start":{"line":39,"column":4},"end":{"line":39,"column":48}},"6":{"start":{"line":51,"column":4},"end":{"line":51,"column":86}},"7":{"start":{"line":52,"column":4},"end":{"line":52,"column":64}},"8":{"start":{"line":53,"column":4},"end":{"line":53,"column":1968}},"9":{"start":{"line":54,"column":6},"end":{"line":54,"column":2027}},"10":{"start":{"line":55,"column":8},"end":{"line":55,"column":19}},"11":{"start":{"line":58,"column":4},"end":{"line":58,"column":16}},"12":{"start":{"line":70,"column":4},"end":{"line":70,"column":43}},"13":{"start":{"line":71,"column":4},"end":{"line":71,"column":47}},"14":{"start":{"line":72,"column":4},"end":{"line":72,"column":15}}},"branchMap":{"1":{"line":32,"type":"if","locations":[{"start":{"line":32,"column":4},"end":{"line":32,"column":4}},{"start":{"line":32,"column":4},"end":{"line":32,"column":4}}]},"2":{"line":36,"type":"if","locations":[{"start":{"line":36,"column":4},"end":{"line":36,"column":4}},{"start":{"line":36,"column":4},"end":{"line":36,"column":4}}]},"3":{"line":54,"type":"if","locations":[{"start":{"line":54,"column":6},"end":{"line":54,"column":6}},{"start":{"line":54,"column":6},"end":{"line":54,"column":6}}]}}},"contracts/interface/IClaimable.sol":{"l":{},"path":"/home/node/project/c-layer-core/contracts/interface/IClaimable.sol","s":{},"b":{},"f":{},"fnMap":{},"statementMap":{},"branchMap":{}},"contracts/interface/IERC20.sol":{"l":{},"path":"/home/node/project/c-layer-core/contracts/interface/IERC20.sol","s":{},"b":{},"f":{},"fnMap":{},"statementMap":{},"branchMap":{}},"contracts/interface/IRatesProvider.sol":{"l":{},"path":"/home/node/project/c-layer-core/contracts/interface/IRatesProvider.sol","s":{},"b":{},"f":{},"fnMap":{},"statementMap":{},"branchMap":{}},"contracts/interface/IRule.sol":{"l":{},"path":"/home/node/project/c-layer-core/contracts/interface/IRule.sol","s":{},"b":{},"f":{},"fnMap":{},"statementMap":{},"branchMap":{}},"contracts/interface/ITokenCore.sol":{"l":{},"path":"/home/node/project/c-layer-core/contracts/interface/ITokenCore.sol","s":{},"b":{},"f":{},"fnMap":{},"statementMap":{},"branchMap":{}},"contracts/interface/IUserRegistry.sol":{"l":{},"path":"/home/node/project/c-layer-core/contracts/interface/IUserRegistry.sol","s":{},"b":{},"f":{},"fnMap":{},"statementMap":{},"branchMap":{}},"contracts/operable/OperableCore.sol":{"l":{"22":247,"23":247,"32":113,"33":97,"40":278,"41":276,"48":138,"49":116,"60":23,"61":21,"62":21,"63":31,"65":21,"66":21,"77":30,"78":49,"79":49,"81":30,"93":41,"94":42,"95":42,"97":41,"107":3,"108":3,"109":3,"111":3},"path":"/home/node/project/c-layer-core/contracts/operable/OperableCore.sol","s":{"1":247,"2":247,"3":113,"4":278,"5":138,"6":23,"7":21,"8":31,"9":21,"10":21,"11":30,"12":49,"13":49,"14":30,"15":41,"16":42,"17":42,"18":41,"19":3,"20":3,"21":3},"b":{"1":[97,16],"2":[276,2],"3":[116,22],"4":[21,2]},"f":{"1":247,"2":113,"3":278,"4":138,"5":23,"6":30,"7":41,"8":3},"fnMap":{"1":{"name":"constructor","line":21,"loc":{"start":{"line":21,"column":2},"end":{"line":21,"column":22}}},"2":{"name":"onlySysOp","line":31,"loc":{"start":{"line":31,"column":2},"end":{"line":31,"column":22}}},"3":{"name":"onlyCoreOp","line":39,"loc":{"start":{"line":39,"column":2},"end":{"line":39,"column":23}}},"4":{"name":"onlyProxyOp","line":47,"loc":{"start":{"line":47,"column":2},"end":{"line":47,"column":38}}},"5":{"name":"defineRole","line":57,"loc":{"start":{"line":57,"column":2},"end":{"line":59,"column":3}}},"6":{"name":"assignOperators","line":74,"loc":{"start":{"line":74,"column":2},"end":{"line":76,"column":3}}},"7":{"name":"assignProxyOperators","line":89,"loc":{"start":{"line":89,"column":2},"end":{"line":92,"column":3}}},"8":{"name":"revokeOperators","line":104,"loc":{"start":{"line":104,"column":2},"end":{"line":106,"column":3}}}},"statementMap":{"1":{"start":{"line":22,"column":4},"end":{"line":22,"column":50}},"2":{"start":{"line":23,"column":4},"end":{"line":23,"column":65}},"3":{"start":{"line":32,"column":4},"end":{"line":32,"column":80}},"4":{"start":{"line":40,"column":4},"end":{"line":40,"column":57}},"5":{"start":{"line":48,"column":4},"end":{"line":48,"column":66}},"6":{"start":{"line":60,"column":4},"end":{"line":60,"column":43}},"7":{"start":{"line":62,"column":4},"end":{"line":62,"column":1540}},"8":{"start":{"line":63,"column":6},"end":{"line":63,"column":51}},"9":{"start":{"line":65,"column":4},"end":{"line":65,"column":27}},"10":{"start":{"line":66,"column":4},"end":{"line":66,"column":15}},"11":{"start":{"line":77,"column":4},"end":{"line":77,"column":1950}},"12":{"start":{"line":78,"column":6},"end":{"line":78,"column":46}},"13":{"start":{"line":79,"column":6},"end":{"line":79,"column":49}},"14":{"start":{"line":81,"column":4},"end":{"line":81,"column":15}},"15":{"start":{"line":93,"column":4},"end":{"line":93,"column":2407}},"16":{"start":{"line":94,"column":6},"end":{"line":94,"column":56}},"17":{"start":{"line":95,"column":6},"end":{"line":95,"column":62}},"18":{"start":{"line":97,"column":4},"end":{"line":97,"column":15}},"19":{"start":{"line":107,"column":4},"end":{"line":107,"column":2776}},"20":{"start":{"line":109,"column":6},"end":{"line":109,"column":41}},"21":{"start":{"line":111,"column":4},"end":{"line":111,"column":15}}},"branchMap":{"1":{"line":32,"type":"if","locations":[{"start":{"line":32,"column":4},"end":{"line":32,"column":4}},{"start":{"line":32,"column":4},"end":{"line":32,"column":4}}]},"2":{"line":40,"type":"if","locations":[{"start":{"line":40,"column":4},"end":{"line":40,"column":4}},{"start":{"line":40,"column":4},"end":{"line":40,"column":4}}]},"3":{"line":48,"type":"if","locations":[{"start":{"line":48,"column":4},"end":{"line":48,"column":4}},{"start":{"line":48,"column":4},"end":{"line":48,"column":4}}]},"4":{"line":60,"type":"if","locations":[{"start":{"line":60,"column":4},"end":{"line":60,"column":4}},{"start":{"line":60,"column":4},"end":{"line":60,"column":4}}]}}},"contracts/operable/OperableProxy.sol":{"l":{"26":1,"33":3,"35":1},"path":"/home/node/project/c-layer-core/contracts/operable/OperableProxy.sol","s":{"1":1,"2":3},"b":{"1":[1,2]},"f":{"1":259,"2":1,"3":3},"fnMap":{"1":{"name":"constructor","line":20,"loc":{"start":{"line":20,"column":2},"end":{"line":20,"column":48}}},"2":{"name":"owner","line":25,"loc":{"start":{"line":25,"column":2},"end":{"line":25,"column":48}}},"3":{"name":"onlyOperator","line":32,"loc":{"start":{"line":32,"column":2},"end":{"line":32,"column":23}}}},"statementMap":{"1":{"start":{"line":26,"column":4},"end":{"line":26,"column":37}},"2":{"start":{"line":33,"column":4},"end":{"line":33,"column":882}}},"branchMap":{"1":{"line":33,"type":"if","locations":[{"start":{"line":33,"column":4},"end":{"line":33,"column":4}},{"start":{"line":33,"column":4},"end":{"line":33,"column":4}}]}}},"contracts/operable/OperableStorage.sol":{"l":{"39":1,"49":2,"60":0,"67":2,"75":305,"76":305,"85":152,"86":152,"88":152},"path":"/home/node/project/c-layer-core/contracts/operable/OperableStorage.sol","s":{"1":1,"2":2,"3":0,"4":2,"5":305,"6":305,"7":152,"8":152,"9":152},"b":{},"f":{"1":1,"2":2,"3":0,"4":2,"5":305,"6":152},"fnMap":{"1":{"name":"coreRole","line":38,"loc":{"start":{"line":38,"column":2},"end":{"line":38,"column":67}}},"2":{"name":"proxyRole","line":46,"loc":{"start":{"line":46,"column":2},"end":{"line":48,"column":3}}},"3":{"name":"rolePrivilege","line":57,"loc":{"start":{"line":57,"column":2},"end":{"line":59,"column":3}}},"4":{"name":"roleHasPrivilege","line":66,"loc":{"start":{"line":66,"column":2},"end":{"line":66,"column":88}}},"5":{"name":"hasCorePrivilege","line":74,"loc":{"start":{"line":74,"column":2},"end":{"line":74,"column":91}}},"6":{"name":"hasProxyPrivilege","line":84,"loc":{"start":{"line":84,"column":2},"end":{"line":84,"column":108}}}},"statementMap":{"1":{"start":{"line":39,"column":4},"end":{"line":39,"column":39}},"2":{"start":{"line":49,"column":4},"end":{"line":49,"column":49}},"3":{"start":{"line":60,"column":4},"end":{"line":60,"column":46}},"4":{"start":{"line":67,"column":4},"end":{"line":67,"column":75}},"5":{"start":{"line":75,"column":4},"end":{"line":75,"column":47}},"6":{"start":{"line":76,"column":4},"end":{"line":76,"column":73}},"7":{"start":{"line":85,"column":4},"end":{"line":85,"column":51}},"8":{"start":{"line":86,"column":4},"end":{"line":86,"column":2473}},"9":{"start":{"line":88,"column":4},"end":{"line":88,"column":73}}},"branchMap":{}},"contracts/rule/UserRule.sol":{"l":{"25":7,"32":1,"39":2,"48":4},"path":"/home/node/project/c-layer-core/contracts/rule/UserRule.sol","s":{"1":7,"2":1,"3":2,"4":4},"b":{},"f":{"1":7,"2":1,"3":2,"4":4},"fnMap":{"1":{"name":"constructor","line":24,"loc":{"start":{"line":24,"column":2},"end":{"line":24,"column":49}}},"2":{"name":"userRegistry","line":31,"loc":{"start":{"line":31,"column":2},"end":{"line":31,"column":61}}},"3":{"name":"isAddressValid","line":38,"loc":{"start":{"line":38,"column":2},"end":{"line":38,"column":70}}},"4":{"name":"isTransferValid","line":45,"loc":{"start":{"line":45,"column":2},"end":{"line":47,"column":3}}}},"statementMap":{"1":{"start":{"line":25,"column":4},"end":{"line":25,"column":32}},"2":{"start":{"line":32,"column":4},"end":{"line":32,"column":24}},"3":{"start":{"line":39,"column":4},"end":{"line":39,"column":51}},"4":{"start":{"line":48,"column":4},"end":{"line":48,"column":1059}}},"branchMap":{}},"contracts/rule/YesNoRule.sol":{"l":{"18":24,"22":2,"30":20},"path":"/home/node/project/c-layer-core/contracts/rule/YesNoRule.sol","s":{"1":24,"2":2,"3":20},"b":{},"f":{"1":24,"2":2,"3":20},"fnMap":{"1":{"name":"constructor","line":17,"loc":{"start":{"line":17,"column":2},"end":{"line":17,"column":33}}},"2":{"name":"isAddressValid","line":21,"loc":{"start":{"line":21,"column":2},"end":{"line":21,"column":73}}},"3":{"name":"isTransferValid","line":25,"loc":{"start":{"line":25,"column":2},"end":{"line":29,"column":3}}}},"statementMap":{"1":{"start":{"line":18,"column":4},"end":{"line":18,"column":17}},"2":{"start":{"line":22,"column":4},"end":{"line":22,"column":16}},"3":{"start":{"line":30,"column":4},"end":{"line":30,"column":16}}},"branchMap":{}},"contracts/TokenCore.sol":{"l":{"27":208,"28":208,"32":1,"38":2,"47":1,"48":1,"49":1,"50":2,"52":1,"65":5,"66":5,"67":5,"68":5,"69":5,"70":5,"71":5,"85":14,"86":14,"87":14,"88":14,"89":14,"90":14,"91":14,"105":30,"106":30,"107":30,"108":30,"109":30,"110":30,"111":30,"116":2,"120":2,"124":2,"128":11,"132":36,"138":16,"144":90,"150":32,"156":77,"162":2,"168":4,"174":12,"187":13,"189":13,"190":13,"191":13,"192":13,"193":13,"194":13,"195":13,"196":13,"202":7,"203":7,"204":6,"205":6,"207":1,"214":7,"220":3,"226":23,"232":6,"238":15,"244":9,"252":17,"258":7,"264":11,"270":13,"276":9,"288":199,"289":199,"290":199,"291":199,"292":199,"294":199,"295":199,"301":6,"302":6,"304":6,"305":6,"314":43,"316":2,"318":41,"320":41,"321":41,"322":41,"324":41,"325":41,"334":27,"336":27,"337":27,"338":35,"341":27,"342":27},"path":"/home/node/project/c-layer-core/contracts/TokenCore.sol","s":{"1":208,"2":208,"3":1,"4":2,"5":1,"6":1,"7":1,"8":2,"9":1,"10":5,"11":5,"12":5,"13":5,"14":5,"15":5,"16":5,"17":14,"18":14,"19":14,"20":14,"21":14,"22":14,"23":14,"24":30,"25":30,"26":30,"27":30,"28":30,"29":30,"30":30,"31":2,"32":2,"33":2,"34":11,"35":36,"36":16,"37":90,"38":32,"39":77,"40":2,"41":4,"42":12,"43":13,"44":13,"45":13,"46":13,"47":13,"48":13,"49":13,"50":13,"51":13,"52":7,"53":7,"54":6,"55":6,"56":1,"57":7,"58":3,"59":23,"60":6,"61":15,"62":9,"63":17,"64":7,"65":11,"66":13,"67":9,"68":199,"69":199,"70":199,"71":199,"72":199,"73":199,"74":199,"75":6,"76":6,"77":6,"78":43,"79":2,"80":41,"81":41,"82":41,"83":41,"84":41,"85":41,"86":27,"87":27,"88":27,"89":35,"90":27,"91":27},"b":{"1":[6,1],"2":[2,41],"3":[0,2],"4":[27,0]},"f":{"1":208,"2":1,"3":2,"4":1,"5":5,"6":14,"7":30,"8":2,"9":2,"10":2,"11":11,"12":36,"13":16,"14":90,"15":32,"16":77,"17":2,"18":4,"19":12,"20":13,"21":7,"22":7,"23":3,"24":23,"25":6,"26":15,"27":9,"28":17,"29":7,"30":11,"31":13,"32":9,"33":199,"34":6,"35":43,"36":27},"fnMap":{"1":{"name":"constructor","line":26,"loc":{"start":{"line":26,"column":2},"end":{"line":26,"column":70}}},"2":{"name":"name","line":31,"loc":{"start":{"line":31,"column":2},"end":{"line":31,"column":53}}},"3":{"name":"oracles","line":35,"loc":{"start":{"line":35,"column":2},"end":{"line":37,"column":3}}},"4":{"name":"auditSelector","line":41,"loc":{"start":{"line":41,"column":2},"end":{"line":46,"column":3}}},"5":{"name":"auditShared","line":55,"loc":{"start":{"line":55,"column":2},"end":{"line":64,"column":3}}},"6":{"name":"auditUser","line":74,"loc":{"start":{"line":74,"column":2},"end":{"line":84,"column":3}}},"7":{"name":"auditAddress","line":94,"loc":{"start":{"line":94,"column":2},"end":{"line":104,"column":3}}},"8":{"name":"tokenName","line":115,"loc":{"start":{"line":115,"column":2},"end":{"line":115,"column":58}}},"9":{"name":"tokenSymbol","line":119,"loc":{"start":{"line":119,"column":2},"end":{"line":119,"column":60}}},"10":{"name":"tokenDecimals","line":123,"loc":{"start":{"line":123,"column":2},"end":{"line":123,"column":56}}},"11":{"name":"tokenTotalSupply","line":127,"loc":{"start":{"line":127,"column":2},"end":{"line":127,"column":59}}},"12":{"name":"tokenBalanceOf","line":131,"loc":{"start":{"line":131,"column":2},"end":{"line":131,"column":71}}},"13":{"name":"tokenAllowance","line":135,"loc":{"start":{"line":135,"column":2},"end":{"line":137,"column":3}}},"14":{"name":"transfer","line":141,"loc":{"start":{"line":141,"column":2},"end":{"line":143,"column":3}}},"15":{"name":"transferFrom","line":147,"loc":{"start":{"line":147,"column":2},"end":{"line":149,"column":3}}},"16":{"name":"approve","line":153,"loc":{"start":{"line":153,"column":2},"end":{"line":155,"column":3}}},"17":{"name":"increaseApproval","line":159,"loc":{"start":{"line":159,"column":2},"end":{"line":161,"column":3}}},"18":{"name":"decreaseApproval","line":165,"loc":{"start":{"line":165,"column":2},"end":{"line":167,"column":3}}},"19":{"name":"canTransfer","line":171,"loc":{"start":{"line":171,"column":2},"end":{"line":173,"column":3}}},"20":{"name":"token","line":178,"loc":{"start":{"line":178,"column":2},"end":{"line":186,"column":37}}},"21":{"name":"tokenProofs","line":199,"loc":{"start":{"line":199,"column":2},"end":{"line":201,"column":3}}},"22":{"name":"issue","line":211,"loc":{"start":{"line":211,"column":2},"end":{"line":213,"column":3}}},"23":{"name":"redeem","line":217,"loc":{"start":{"line":217,"column":2},"end":{"line":219,"column":3}}},"24":{"name":"mint","line":223,"loc":{"start":{"line":223,"column":2},"end":{"line":225,"column":3}}},"25":{"name":"finishMinting","line":229,"loc":{"start":{"line":229,"column":2},"end":{"line":231,"column":3}}},"26":{"name":"mintAtOnce","line":235,"loc":{"start":{"line":235,"column":2},"end":{"line":237,"column":3}}},"27":{"name":"seize","line":241,"loc":{"start":{"line":241,"column":2},"end":{"line":243,"column":3}}},"28":{"name":"freezeManyAddresses","line":247,"loc":{"start":{"line":247,"column":2},"end":{"line":251,"column":3}}},"29":{"name":"createProof","line":255,"loc":{"start":{"line":255,"column":2},"end":{"line":257,"column":3}}},"30":{"name":"defineLock","line":261,"loc":{"start":{"line":261,"column":2},"end":{"line":263,"column":3}}},"31":{"name":"defineRules","line":267,"loc":{"start":{"line":267,"column":2},"end":{"line":269,"column":3}}},"32":{"name":"defineClaimables","line":273,"loc":{"start":{"line":273,"column":2},"end":{"line":275,"column":3}}},"33":{"name":"defineToken","line":280,"loc":{"start":{"line":280,"column":2},"end":{"line":287,"column":3}}},"34":{"name":"removeToken","line":298,"loc":{"start":{"line":298,"column":2},"end":{"line":300,"column":3}}},"35":{"name":"defineOracles","line":308,"loc":{"start":{"line":308,"column":2},"end":{"line":313,"column":3}}},"36":{"name":"defineAuditSelector","line":328,"loc":{"start":{"line":328,"column":2},"end":{"line":333,"column":3}}}},"statementMap":{"1":{"start":{"line":27,"column":4},"end":{"line":27,"column":16}},"2":{"start":{"line":28,"column":4},"end":{"line":28,"column":25}},"3":{"start":{"line":32,"column":4},"end":{"line":32,"column":16}},"4":{"start":{"line":38,"column":4},"end":{"line":38,"column":60}},"5":{"start":{"line":47,"column":4},"end":{"line":47,"column":64}},"6":{"start":{"line":48,"column":4},"end":{"line":48,"column":58}},"7":{"start":{"line":49,"column":4},"end":{"line":49,"column":1291}},"8":{"start":{"line":50,"column":6},"end":{"line":50,"column":55}},"9":{"start":{"line":52,"column":4},"end":{"line":52,"column":19}},"10":{"start":{"line":65,"column":4},"end":{"line":65,"column":64}},"11":{"start":{"line":66,"column":4},"end":{"line":66,"column":30}},"12":{"start":{"line":67,"column":4},"end":{"line":67,"column":46}},"13":{"start":{"line":68,"column":4},"end":{"line":68,"column":42}},"14":{"start":{"line":69,"column":4},"end":{"line":69,"column":40}},"15":{"start":{"line":70,"column":4},"end":{"line":70,"column":48}},"16":{"start":{"line":71,"column":4},"end":{"line":71,"column":46}},"17":{"start":{"line":85,"column":4},"end":{"line":85,"column":71}},"18":{"start":{"line":86,"column":4},"end":{"line":86,"column":30}},"19":{"start":{"line":87,"column":4},"end":{"line":87,"column":46}},"20":{"start":{"line":88,"column":4},"end":{"line":88,"column":42}},"21":{"start":{"line":89,"column":4},"end":{"line":89,"column":40}},"22":{"start":{"line":90,"column":4},"end":{"line":90,"column":48}},"23":{"start":{"line":91,"column":4},"end":{"line":91,"column":46}},"24":{"start":{"line":105,"column":4},"end":{"line":105,"column":74}},"25":{"start":{"line":106,"column":4},"end":{"line":106,"column":30}},"26":{"start":{"line":107,"column":4},"end":{"line":107,"column":46}},"27":{"start":{"line":108,"column":4},"end":{"line":108,"column":42}},"28":{"start":{"line":109,"column":4},"end":{"line":109,"column":40}},"29":{"start":{"line":110,"column":4},"end":{"line":110,"column":48}},"30":{"start":{"line":111,"column":4},"end":{"line":111,"column":46}},"31":{"start":{"line":116,"column":4},"end":{"line":116,"column":35}},"32":{"start":{"line":120,"column":4},"end":{"line":120,"column":37}},"33":{"start":{"line":124,"column":4},"end":{"line":124,"column":39}},"34":{"start":{"line":128,"column":4},"end":{"line":128,"column":42}},"35":{"start":{"line":132,"column":4},"end":{"line":132,"column":47}},"36":{"start":{"line":138,"column":4},"end":{"line":138,"column":56}},"37":{"start":{"line":144,"column":4},"end":{"line":144,"column":35}},"38":{"start":{"line":150,"column":4},"end":{"line":150,"column":35}},"39":{"start":{"line":156,"column":4},"end":{"line":156,"column":35}},"40":{"start":{"line":162,"column":4},"end":{"line":162,"column":35}},"41":{"start":{"line":168,"column":4},"end":{"line":168,"column":35}},"42":{"start":{"line":174,"column":4},"end":{"line":174,"column":42}},"43":{"start":{"line":187,"column":4},"end":{"line":187,"column":49}},"44":{"start":{"line":189,"column":4},"end":{"line":189,"column":46}},"45":{"start":{"line":190,"column":4},"end":{"line":190,"column":42}},"46":{"start":{"line":191,"column":4},"end":{"line":191,"column":46}},"47":{"start":{"line":192,"column":4},"end":{"line":192,"column":42}},"48":{"start":{"line":193,"column":4},"end":{"line":193,"column":58}},"49":{"start":{"line":194,"column":4},"end":{"line":194,"column":51}},"50":{"start":{"line":195,"column":4},"end":{"line":195,"column":26}},"51":{"start":{"line":196,"column":4},"end":{"line":196,"column":36}},"52":{"start":{"line":202,"column":4},"end":{"line":202,"column":60}},"53":{"start":{"line":203,"column":4},"end":{"line":203,"column":5848}},"54":{"start":{"line":204,"column":6},"end":{"line":204,"column":44}},"55":{"start":{"line":205,"column":6},"end":{"line":205,"column":55}},"56":{"start":{"line":207,"column":4},"end":{"line":207,"column":45}},"57":{"start":{"line":214,"column":4},"end":{"line":214,"column":31}},"58":{"start":{"line":220,"column":4},"end":{"line":220,"column":31}},"59":{"start":{"line":226,"column":4},"end":{"line":226,"column":31}},"60":{"start":{"line":232,"column":4},"end":{"line":232,"column":31}},"61":{"start":{"line":238,"column":4},"end":{"line":238,"column":31}},"62":{"start":{"line":244,"column":4},"end":{"line":244,"column":31}},"63":{"start":{"line":252,"column":4},"end":{"line":252,"column":31}},"64":{"start":{"line":258,"column":4},"end":{"line":258,"column":31}},"65":{"start":{"line":264,"column":4},"end":{"line":264,"column":31}},"66":{"start":{"line":270,"column":4},"end":{"line":270,"column":31}},"67":{"start":{"line":276,"column":4},"end":{"line":276,"column":31}},"68":{"start":{"line":288,"column":4},"end":{"line":288,"column":35}},"69":{"start":{"line":289,"column":4},"end":{"line":289,"column":49}},"70":{"start":{"line":290,"column":4},"end":{"line":290,"column":25}},"71":{"start":{"line":291,"column":4},"end":{"line":291,"column":29}},"72":{"start":{"line":292,"column":4},"end":{"line":292,"column":33}},"73":{"start":{"line":294,"column":4},"end":{"line":294,"column":69}},"74":{"start":{"line":295,"column":4},"end":{"line":295,"column":15}},"75":{"start":{"line":301,"column":4},"end":{"line":301,"column":22}},"76":{"start":{"line":304,"column":4},"end":{"line":304,"column":29}},"77":{"start":{"line":305,"column":4},"end":{"line":305,"column":15}},"78":{"start":{"line":314,"column":4},"end":{"line":314,"column":8522}},"79":{"start":{"line":316,"column":6},"end":{"line":316,"column":58}},"80":{"start":{"line":318,"column":6},"end":{"line":318,"column":40}},"81":{"start":{"line":320,"column":4},"end":{"line":320,"column":31}},"82":{"start":{"line":321,"column":4},"end":{"line":321,"column":33}},"83":{"start":{"line":322,"column":4},"end":{"line":322,"column":23}},"84":{"start":{"line":324,"column":4},"end":{"line":324,"column":72}},"85":{"start":{"line":325,"column":4},"end":{"line":325,"column":15}},"86":{"start":{"line":334,"column":4},"end":{"line":334,"column":71}},"87":{"start":{"line":336,"column":4},"end":{"line":336,"column":64}},"88":{"start":{"line":337,"column":4},"end":{"line":337,"column":9257}},"89":{"start":{"line":338,"column":6},"end":{"line":338,"column":70}},"90":{"start":{"line":341,"column":4},"end":{"line":341,"column":84}},"91":{"start":{"line":342,"column":4},"end":{"line":342,"column":15}}},"branchMap":{"1":{"line":203,"type":"if","locations":[{"start":{"line":203,"column":4},"end":{"line":203,"column":4}},{"start":{"line":203,"column":4},"end":{"line":203,"column":4}}]},"2":{"line":314,"type":"if","locations":[{"start":{"line":314,"column":4},"end":{"line":314,"column":4}},{"start":{"line":314,"column":4},"end":{"line":314,"column":4}}]},"3":{"line":316,"type":"if","locations":[{"start":{"line":316,"column":6},"end":{"line":316,"column":6}},{"start":{"line":316,"column":6},"end":{"line":316,"column":6}}]},"4":{"line":334,"type":"if","locations":[{"start":{"line":334,"column":4},"end":{"line":334,"column":4}},{"start":{"line":334,"column":4},"end":{"line":334,"column":4}}]}}},"contracts/TokenDelegate.sol":{"l":{"16":9,"17":9,"23":9,"29":9},"path":"/home/node/project/c-layer-core/contracts/TokenDelegate.sol","s":{"1":9,"2":9,"3":9,"4":9},"b":{},"f":{"1":9},"fnMap":{"1":{"name":"auditConfigs","line":15,"loc":{"start":{"line":15,"column":2},"end":{"line":15,"column":70}}}},"statementMap":{"1":{"start":{"line":16,"column":4},"end":{"line":16,"column":61}},"2":{"start":{"line":17,"column":4},"end":{"line":17,"column":501}},"3":{"start":{"line":23,"column":4},"end":{"line":23,"column":719}},"4":{"start":{"line":29,"column":4},"end":{"line":29,"column":24}}},"branchMap":{}},"contracts/TokenProxy.sol":{"l":{"19":2,"23":2,"27":2,"31":11,"35":36,"41":16,"46":90,"52":32,"58":77,"64":2,"70":4,"76":12,"82":143,"83":143,"89":83,"90":83},"path":"/home/node/project/c-layer-core/contracts/TokenProxy.sol","s":{"1":2,"2":2,"3":2,"4":11,"5":36,"6":16,"7":90,"8":32,"9":77,"10":2,"11":4,"12":12,"13":143,"14":143,"15":83,"16":83},"b":{},"f":{"1":200,"2":2,"3":2,"4":2,"5":11,"6":36,"7":16,"8":90,"9":32,"10":77,"11":2,"12":4,"13":12,"14":143,"15":83},"fnMap":{"1":{"name":"constructor","line":16,"loc":{"start":{"line":16,"column":2},"end":{"line":16,"column":56}}},"2":{"name":"name","line":18,"loc":{"start":{"line":18,"column":2},"end":{"line":18,"column":53}}},"3":{"name":"symbol","line":22,"loc":{"start":{"line":22,"column":2},"end":{"line":22,"column":55}}},"4":{"name":"decimals","line":26,"loc":{"start":{"line":26,"column":2},"end":{"line":26,"column":51}}},"5":{"name":"totalSupply","line":30,"loc":{"start":{"line":30,"column":2},"end":{"line":30,"column":54}}},"6":{"name":"balanceOf","line":34,"loc":{"start":{"line":34,"column":2},"end":{"line":34,"column":66}}},"7":{"name":"allowance","line":38,"loc":{"start":{"line":38,"column":2},"end":{"line":40,"column":3}}},"8":{"name":"transfer","line":44,"loc":{"start":{"line":44,"column":2},"end":{"line":45,"column":3}}},"9":{"name":"transferFrom","line":49,"loc":{"start":{"line":49,"column":2},"end":{"line":51,"column":3}}},"10":{"name":"approve","line":55,"loc":{"start":{"line":55,"column":2},"end":{"line":57,"column":3}}},"11":{"name":"increaseApproval","line":61,"loc":{"start":{"line":61,"column":2},"end":{"line":63,"column":3}}},"12":{"name":"decreaseApproval","line":67,"loc":{"start":{"line":67,"column":2},"end":{"line":69,"column":3}}},"13":{"name":"canTransfer","line":73,"loc":{"start":{"line":73,"column":2},"end":{"line":75,"column":3}}},"14":{"name":"emitTransfer","line":79,"loc":{"start":{"line":79,"column":2},"end":{"line":81,"column":3}}},"15":{"name":"emitApproval","line":86,"loc":{"start":{"line":86,"column":2},"end":{"line":88,"column":3}}}},"statementMap":{"1":{"start":{"line":19,"column":4},"end":{"line":19,"column":38}},"2":{"start":{"line":23,"column":4},"end":{"line":23,"column":40}},"3":{"start":{"line":27,"column":4},"end":{"line":27,"column":42}},"4":{"start":{"line":31,"column":4},"end":{"line":31,"column":45}},"5":{"start":{"line":35,"column":4},"end":{"line":35,"column":49}},"6":{"start":{"line":41,"column":4},"end":{"line":41,"column":59}},"7":{"start":{"line":46,"column":4},"end":{"line":46,"column":60}},"8":{"start":{"line":52,"column":4},"end":{"line":52,"column":71}},"9":{"start":{"line":58,"column":4},"end":{"line":58,"column":64}},"10":{"start":{"line":64,"column":4},"end":{"line":64,"column":78}},"11":{"start":{"line":70,"column":4},"end":{"line":70,"column":83}},"12":{"start":{"line":76,"column":4},"end":{"line":76,"column":58}},"13":{"start":{"line":82,"column":4},"end":{"line":82,"column":37}},"14":{"start":{"line":83,"column":4},"end":{"line":83,"column":15}},"15":{"start":{"line":89,"column":4},"end":{"line":89,"column":43}},"16":{"start":{"line":90,"column":4},"end":{"line":90,"column":15}}},"branchMap":{}},"contracts/TokenStorage.sol":{"l":{"98":240},"path":"/home/node/project/c-layer-core/contracts/TokenStorage.sol","s":{"1":240},"b":{},"f":{"1":240},"fnMap":{"1":{"name":"currentTime","line":96,"loc":{"start":{"line":96,"column":2},"end":{"line":96,"column":55}}}},"statementMap":{"1":{"start":{"line":98,"column":4},"end":{"line":98,"column":22}}},"branchMap":{}}}