{"contracts/abstract/Core.sol":{"l":{"25":190,"26":189,"31":319,"32":319,"34":319,"35":319,"41":12,"47":13,"48":13,"49":13,"51":13,"52":13,"60":198,"61":196,"63":196,"64":194,"65":194,"71":7,"72":7},"path":"/home/node/project/c-layer-core/contracts/abstract/Core.sol","s":{"1":190,"2":319,"3":319,"4":319,"5":319,"6":12,"7":13,"8":13,"9":13,"10":13,"11":13,"12":198,"13":196,"14":196,"15":194,"16":194,"17":7},"b":{"1":[189,1],"2":[319,0],"3":[283,36],"4":[13,0],"5":[13,0],"6":[196,2],"7":[194,2]},"f":{"1":190,"2":319,"3":12,"4":13,"5":198,"6":7},"fnMap":{"1":{"name":"onlyProxy","line":24,"loc":{"start":{"line":24,"column":2},"end":{"line":24,"column":20}}},"2":{"name":"delegateCall","line":29,"loc":{"start":{"line":29,"column":2},"end":{"line":30,"column":3}}},"3":{"name":"delegateCallUint256","line":38,"loc":{"start":{"line":38,"column":2},"end":{"line":40,"column":3}}},"4":{"name":"delegateCallBytes","line":44,"loc":{"start":{"line":44,"column":2},"end":{"line":46,"column":3}}},"5":{"name":"defineProxy","line":55,"loc":{"start":{"line":55,"column":2},"end":{"line":59,"column":3}}},"6":{"name":"removeProxy","line":68,"loc":{"start":{"line":68,"column":2},"end":{"line":70,"column":3}}}},"statementMap":{"1":{"start":{"line":25,"column":4},"end":{"line":25,"column":60}},"2":{"start":{"line":31,"column":4},"end":{"line":31,"column":45}},"3":{"start":{"line":32,"column":4},"end":{"line":32,"column":42}},"4":{"start":{"line":34,"column":4},"end":{"line":34,"column":47}},"5":{"start":{"line":35,"column":4},"end":{"line":35,"column":26}},"6":{"start":{"line":41,"column":4},"end":{"line":41,"column":48}},"7":{"start":{"line":47,"column":4},"end":{"line":47,"column":15}},"8":{"start":{"line":48,"column":4},"end":{"line":48,"column":45}},"9":{"start":{"line":49,"column":4},"end":{"line":49,"column":42}},"10":{"start":{"line":51,"column":4},"end":{"line":51,"column":53}},"11":{"start":{"line":52,"column":4},"end":{"line":52,"column":26}},"12":{"start":{"line":60,"column":4},"end":{"line":60,"column":50}},"13":{"start":{"line":61,"column":4},"end":{"line":61,"column":45}},"14":{"start":{"line":63,"column":4},"end":{"line":63,"column":40}},"15":{"start":{"line":64,"column":4},"end":{"line":64,"column":36}},"16":{"start":{"line":65,"column":4},"end":{"line":65,"column":15}},"17":{"start":{"line":72,"column":4},"end":{"line":72,"column":15}}},"branchMap":{"1":{"line":25,"type":"if","locations":[{"start":{"line":25,"column":4},"end":{"line":25,"column":4}},{"start":{"line":25,"column":4},"end":{"line":25,"column":4}}]},"2":{"line":32,"type":"if","locations":[{"start":{"line":32,"column":4},"end":{"line":32,"column":4}},{"start":{"line":32,"column":4},"end":{"line":32,"column":4}}]},"3":{"line":35,"type":"if","locations":[{"start":{"line":35,"column":4},"end":{"line":35,"column":4}},{"start":{"line":35,"column":4},"end":{"line":35,"column":4}}]},"4":{"line":49,"type":"if","locations":[{"start":{"line":49,"column":4},"end":{"line":49,"column":4}},{"start":{"line":49,"column":4},"end":{"line":49,"column":4}}]},"5":{"line":52,"type":"if","locations":[{"start":{"line":52,"column":4},"end":{"line":52,"column":4}},{"start":{"line":52,"column":4},"end":{"line":52,"column":4}}]},"6":{"line":60,"type":"if","locations":[{"start":{"line":60,"column":4},"end":{"line":60,"column":4}},{"start":{"line":60,"column":4},"end":{"line":60,"column":4}}]},"7":{"line":63,"type":"if","locations":[{"start":{"line":63,"column":4},"end":{"line":63,"column":4}},{"start":{"line":63,"column":4},"end":{"line":63,"column":4}}]}}},"contracts/abstract/Delegate.sol":{"l":{},"path":"/home/node/project/c-layer-core/contracts/abstract/Delegate.sol","s":{},"b":{},"f":{},"fnMap":{},"statementMap":{},"branchMap":{}},"contracts/abstract/Proxy.sol":{"l":{"21":204,"22":203,"26":248},"path":"/home/node/project/c-layer-core/contracts/abstract/Proxy.sol","s":{"1":204,"2":248},"b":{"1":[203,1]},"f":{"1":204,"2":248},"fnMap":{"1":{"name":"onlyCore","line":20,"loc":{"start":{"line":20,"column":2},"end":{"line":20,"column":19}}},"2":{"name":"constructor","line":25,"loc":{"start":{"line":25,"column":2},"end":{"line":25,"column":35}}}},"statementMap":{"1":{"start":{"line":21,"column":4},"end":{"line":21,"column":38}},"2":{"start":{"line":26,"column":4},"end":{"line":26,"column":15}}},"branchMap":{"1":{"line":21,"type":"if","locations":[{"start":{"line":21,"column":4},"end":{"line":21,"column":4}},{"start":{"line":21,"column":4},"end":{"line":21,"column":4}}]}}},"contracts/abstract/Storage.sol":{"l":{},"path":"/home/node/project/c-layer-core/contracts/abstract/Storage.sol","s":{},"b":{},"f":{},"fnMap":{},"statementMap":{},"branchMap":{}},"contracts/claims/EmptyClaimable.sol":{"l":{"19":17,"25":10},"path":"/home/node/project/c-layer-core/contracts/claims/EmptyClaimable.sol","s":{"1":17,"2":10},"b":{},"f":{"1":17,"2":10},"fnMap":{"1":{"name":"constructor","line":18,"loc":{"start":{"line":18,"column":2},"end":{"line":18,"column":34}}},"2":{"name":"hasClaimsSince","line":22,"loc":{"start":{"line":22,"column":2},"end":{"line":24,"column":3}}}},"statementMap":{"1":{"start":{"line":19,"column":4},"end":{"line":19,"column":19}},"2":{"start":{"line":25,"column":4},"end":{"line":25,"column":17}}},"branchMap":{}},"contracts/delegate/AuditableTokenDelegate.sol":{"l":{"43":5,"50":42,"51":38,"52":38,"54":0,"64":66,"65":112,"68":112,"73":112,"74":35,"76":77,"77":17,"81":60,"82":38,"83":38,"85":60,"86":7,"87":7,"90":7,"91":7,"94":60,"95":53,"96":53,"106":98,"107":98,"108":66,"110":98,"111":91,"113":98,"114":76,"116":98,"118":76,"128":98,"129":98,"130":40,"132":98,"133":91,"135":98,"136":69,"138":98,"140":69},"path":"/home/node/project/c-layer-core/contracts/delegate/AuditableTokenDelegate.sol","s":{"1":5,"2":42,"3":38,"4":38,"5":0,"6":66,"7":112,"8":112,"9":112,"10":77,"11":60,"12":38,"13":38,"14":60,"15":7,"16":7,"17":7,"18":7,"19":60,"20":53,"21":53,"22":98,"23":98,"24":66,"25":98,"26":91,"27":98,"28":76,"29":98,"30":76,"31":98,"32":98,"33":40,"34":98,"35":91,"36":98,"37":69,"38":98,"39":69},"b":{"1":[38,0],"2":[35,77],"3":[17,60],"4":[38,22],"5":[7,53],"6":[7,0],"7":[7,0],"8":[53,7],"9":[66,32],"10":[91,7],"11":[76,22],"12":[76,22],"13":[40,58],"14":[91,7],"15":[69,29],"16":[69,29]},"f":{"1":5,"2":42,"3":66,"4":98,"5":98},"fnMap":{"1":{"name":"auditConfigs","line":42,"loc":{"start":{"line":42,"column":2},"end":{"line":42,"column":70}}},"2":{"name":"transferInternal","line":49,"loc":{"start":{"line":49,"column":2},"end":{"line":49,"column":86}}},"3":{"name":"updateAuditInternal","line":60,"loc":{"start":{"line":60,"column":2},"end":{"line":63,"column":3}}},"4":{"name":"updateSenderAuditPrivate","line":101,"loc":{"start":{"line":101,"column":2},"end":{"line":105,"column":13}}},"5":{"name":"updateReceiverAuditPrivate","line":123,"loc":{"start":{"line":123,"column":2},"end":{"line":127,"column":13}}}},"statementMap":{"1":{"start":{"line":43,"column":4},"end":{"line":43,"column":31}},"2":{"start":{"line":50,"column":4},"end":{"line":50,"column":1350}},"3":{"start":{"line":51,"column":6},"end":{"line":51,"column":55}},"4":{"start":{"line":52,"column":6},"end":{"line":52,"column":17}},"5":{"start":{"line":54,"column":4},"end":{"line":54,"column":16}},"6":{"start":{"line":64,"column":4},"end":{"line":64,"column":1669}},"7":{"start":{"line":65,"column":6},"end":{"line":65,"column":55}},"8":{"start":{"line":68,"column":6},"end":{"line":68,"column":1840}},"9":{"start":{"line":73,"column":6},"end":{"line":73,"column":2005}},"10":{"start":{"line":76,"column":6},"end":{"line":76,"column":2119}},"11":{"start":{"line":81,"column":6},"end":{"line":81,"column":2274}},"12":{"start":{"line":82,"column":8},"end":{"line":82,"column":84}},"13":{"start":{"line":83,"column":8},"end":{"line":83,"column":86}},"14":{"start":{"line":85,"column":6},"end":{"line":85,"column":2494}},"15":{"start":{"line":86,"column":8},"end":{"line":86,"column":2532}},"16":{"start":{"line":87,"column":10},"end":{"line":87,"column":108}},"17":{"start":{"line":90,"column":8},"end":{"line":90,"column":2697}},"18":{"start":{"line":91,"column":10},"end":{"line":91,"column":112}},"19":{"start":{"line":94,"column":6},"end":{"line":94,"column":2871}},"20":{"start":{"line":95,"column":8},"end":{"line":95,"column":107}},"21":{"start":{"line":96,"column":8},"end":{"line":96,"column":111}},"22":{"start":{"line":106,"column":4},"end":{"line":106,"column":38}},"23":{"start":{"line":107,"column":4},"end":{"line":107,"column":3349}},"24":{"start":{"line":108,"column":6},"end":{"line":108,"column":41}},"25":{"start":{"line":110,"column":4},"end":{"line":110,"column":3469}},"26":{"start":{"line":111,"column":6},"end":{"line":111,"column":49}},"27":{"start":{"line":113,"column":4},"end":{"line":113,"column":3574}},"28":{"start":{"line":114,"column":6},"end":{"line":114,"column":46}},"29":{"start":{"line":116,"column":4},"end":{"line":116,"column":3673}},"30":{"start":{"line":118,"column":6},"end":{"line":118,"column":3797}},"31":{"start":{"line":128,"column":4},"end":{"line":128,"column":38}},"32":{"start":{"line":129,"column":4},"end":{"line":129,"column":4086}},"33":{"start":{"line":130,"column":6},"end":{"line":130,"column":43}},"34":{"start":{"line":132,"column":4},"end":{"line":132,"column":4210}},"35":{"start":{"line":133,"column":6},"end":{"line":133,"column":51}},"36":{"start":{"line":135,"column":4},"end":{"line":135,"column":4317}},"37":{"start":{"line":136,"column":6},"end":{"line":136,"column":49}},"38":{"start":{"line":138,"column":4},"end":{"line":138,"column":4420}},"39":{"start":{"line":140,"column":6},"end":{"line":140,"column":4545}}},"branchMap":{"1":{"line":50,"type":"if","locations":[{"start":{"line":50,"column":4},"end":{"line":50,"column":4}},{"start":{"line":50,"column":4},"end":{"line":50,"column":4}}]},"2":{"line":73,"type":"if","locations":[{"start":{"line":73,"column":6},"end":{"line":73,"column":6}},{"start":{"line":73,"column":6},"end":{"line":73,"column":6}}]},"3":{"line":76,"type":"if","locations":[{"start":{"line":76,"column":6},"end":{"line":76,"column":6}},{"start":{"line":76,"column":6},"end":{"line":76,"column":6}}]},"4":{"line":81,"type":"if","locations":[{"start":{"line":81,"column":6},"end":{"line":81,"column":6}},{"start":{"line":81,"column":6},"end":{"line":81,"column":6}}]},"5":{"line":85,"type":"if","locations":[{"start":{"line":85,"column":6},"end":{"line":85,"column":6}},{"start":{"line":85,"column":6},"end":{"line":85,"column":6}}]},"6":{"line":86,"type":"if","locations":[{"start":{"line":86,"column":8},"end":{"line":86,"column":8}},{"start":{"line":86,"column":8},"end":{"line":86,"column":8}}]},"7":{"line":90,"type":"if","locations":[{"start":{"line":90,"column":8},"end":{"line":90,"column":8}},{"start":{"line":90,"column":8},"end":{"line":90,"column":8}}]},"8":{"line":94,"type":"if","locations":[{"start":{"line":94,"column":6},"end":{"line":94,"column":6}},{"start":{"line":94,"column":6},"end":{"line":94,"column":6}}]},"9":{"line":107,"type":"if","locations":[{"start":{"line":107,"column":4},"end":{"line":107,"column":4}},{"start":{"line":107,"column":4},"end":{"line":107,"column":4}}]},"10":{"line":110,"type":"if","locations":[{"start":{"line":110,"column":4},"end":{"line":110,"column":4}},{"start":{"line":110,"column":4},"end":{"line":110,"column":4}}]},"11":{"line":113,"type":"if","locations":[{"start":{"line":113,"column":4},"end":{"line":113,"column":4}},{"start":{"line":113,"column":4},"end":{"line":113,"column":4}}]},"12":{"line":116,"type":"if","locations":[{"start":{"line":116,"column":4},"end":{"line":116,"column":4}},{"start":{"line":116,"column":4},"end":{"line":116,"column":4}}]},"13":{"line":129,"type":"if","locations":[{"start":{"line":129,"column":4},"end":{"line":129,"column":4}},{"start":{"line":129,"column":4},"end":{"line":129,"column":4}}]},"14":{"line":132,"type":"if","locations":[{"start":{"line":132,"column":4},"end":{"line":132,"column":4}},{"start":{"line":132,"column":4},"end":{"line":132,"column":4}}]},"15":{"line":135,"type":"if","locations":[{"start":{"line":135,"column":4},"end":{"line":135,"column":4}},{"start":{"line":135,"column":4},"end":{"line":135,"column":4}}]},"16":{"line":138,"type":"if","locations":[{"start":{"line":138,"column":4},"end":{"line":138,"column":4}},{"start":{"line":138,"column":4},"end":{"line":138,"column":4}}]}}},"contracts/delegate/BaseTokenDelegate.sol":{"l":{"27":56,"28":56,"29":56,"31":50,"32":50,"33":50,"36":50,"46":26,"47":26,"48":26,"49":26,"51":20,"52":20,"53":20,"54":20,"57":20,"66":75,"67":75,"68":75,"71":75,"80":2,"81":2,"83":2,"86":2,"95":4,"96":4,"97":4,"98":2,"100":2,"102":4,"105":4,"114":7,"115":1,"118":6,"119":6,"120":1,"123":5},"path":"/home/node/project/c-layer-core/contracts/delegate/BaseTokenDelegate.sol","s":{"1":56,"2":56,"3":56,"4":50,"5":50,"6":50,"7":50,"8":26,"9":26,"10":26,"11":26,"12":20,"13":20,"14":20,"15":20,"16":20,"17":75,"18":75,"19":75,"20":75,"21":2,"22":2,"23":2,"24":2,"25":4,"26":4,"27":4,"28":2,"29":2,"30":4,"31":4,"32":7,"33":1,"34":6,"35":6,"36":1,"37":5},"b":{"1":[56,0],"2":[50,6],"3":[50,0],"4":[26,0],"5":[26,0],"6":[20,6],"7":[20,0],"8":[75,0],"9":[2,0],"10":[2,2],"11":[4,0],"12":[1,6],"13":[1,5]},"f":{"1":56,"2":26,"3":75,"4":2,"5":4,"6":7},"fnMap":{"1":{"name":"transfer","line":23,"loc":{"start":{"line":23,"column":2},"end":{"line":26,"column":3}}},"2":{"name":"transferFrom","line":42,"loc":{"start":{"line":42,"column":2},"end":{"line":45,"column":3}}},"3":{"name":"approve","line":63,"loc":{"start":{"line":63,"column":2},"end":{"line":65,"column":3}}},"4":{"name":"increaseApproval","line":77,"loc":{"start":{"line":77,"column":2},"end":{"line":79,"column":3}}},"5":{"name":"decreaseApproval","line":92,"loc":{"start":{"line":92,"column":2},"end":{"line":94,"column":3}}},"6":{"name":"canTransfer","line":111,"loc":{"start":{"line":111,"column":2},"end":{"line":113,"column":3}}}},"statementMap":{"1":{"start":{"line":27,"column":4},"end":{"line":27,"column":37}},"2":{"start":{"line":28,"column":4},"end":{"line":28,"column":49}},"3":{"start":{"line":29,"column":4},"end":{"line":29,"column":53}},"4":{"start":{"line":31,"column":4},"end":{"line":31,"column":64}},"5":{"start":{"line":32,"column":4},"end":{"line":32,"column":56}},"6":{"start":{"line":33,"column":4},"end":{"line":33,"column":843}},"7":{"start":{"line":36,"column":4},"end":{"line":36,"column":15}},"8":{"start":{"line":46,"column":4},"end":{"line":46,"column":37}},"9":{"start":{"line":47,"column":4},"end":{"line":47,"column":49}},"10":{"start":{"line":48,"column":4},"end":{"line":48,"column":51}},"11":{"start":{"line":49,"column":4},"end":{"line":49,"column":59}},"12":{"start":{"line":51,"column":4},"end":{"line":51,"column":60}},"13":{"start":{"line":52,"column":4},"end":{"line":52,"column":56}},"14":{"start":{"line":53,"column":4},"end":{"line":53,"column":76}},"15":{"start":{"line":54,"column":4},"end":{"line":54,"column":1524}},"16":{"start":{"line":57,"column":4},"end":{"line":57,"column":15}},"17":{"start":{"line":66,"column":4},"end":{"line":66,"column":49}},"18":{"start":{"line":67,"column":4},"end":{"line":67,"column":44}},"19":{"start":{"line":68,"column":4},"end":{"line":68,"column":1865}},"20":{"start":{"line":71,"column":4},"end":{"line":71,"column":15}},"21":{"start":{"line":80,"column":4},"end":{"line":80,"column":49}},"22":{"start":{"line":81,"column":4},"end":{"line":81,"column":2230}},"23":{"start":{"line":83,"column":4},"end":{"line":83,"column":2286}},"24":{"start":{"line":86,"column":4},"end":{"line":86,"column":15}},"25":{"start":{"line":95,"column":4},"end":{"line":95,"column":49}},"26":{"start":{"line":96,"column":4},"end":{"line":96,"column":52}},"27":{"start":{"line":97,"column":4},"end":{"line":97,"column":2685}},"28":{"start":{"line":98,"column":6},"end":{"line":98,"column":41}},"29":{"start":{"line":100,"column":6},"end":{"line":100,"column":70}},"30":{"start":{"line":102,"column":4},"end":{"line":102,"column":2868}},"31":{"start":{"line":105,"column":4},"end":{"line":105,"column":15}},"32":{"start":{"line":114,"column":4},"end":{"line":114,"column":3151}},"33":{"start":{"line":115,"column":6},"end":{"line":115,"column":38}},"34":{"start":{"line":118,"column":4},"end":{"line":118,"column":49}},"35":{"start":{"line":119,"column":4},"end":{"line":119,"column":3278}},"36":{"start":{"line":120,"column":6},"end":{"line":120,"column":45}},"37":{"start":{"line":123,"column":4},"end":{"line":123,"column":26}}},"branchMap":{"1":{"line":27,"type":"if","locations":[{"start":{"line":27,"column":4},"end":{"line":27,"column":4}},{"start":{"line":27,"column":4},"end":{"line":27,"column":4}}]},"2":{"line":29,"type":"if","locations":[{"start":{"line":29,"column":4},"end":{"line":29,"column":4}},{"start":{"line":29,"column":4},"end":{"line":29,"column":4}}]},"3":{"line":33,"type":"if","locations":[{"start":{"line":33,"column":4},"end":{"line":33,"column":4}},{"start":{"line":33,"column":4},"end":{"line":33,"column":4}}]},"4":{"line":46,"type":"if","locations":[{"start":{"line":46,"column":4},"end":{"line":46,"column":4}},{"start":{"line":46,"column":4},"end":{"line":46,"column":4}}]},"5":{"line":48,"type":"if","locations":[{"start":{"line":48,"column":4},"end":{"line":48,"column":4}},{"start":{"line":48,"column":4},"end":{"line":48,"column":4}}]},"6":{"line":49,"type":"if","locations":[{"start":{"line":49,"column":4},"end":{"line":49,"column":4}},{"start":{"line":49,"column":4},"end":{"line":49,"column":4}}]},"7":{"line":54,"type":"if","locations":[{"start":{"line":54,"column":4},"end":{"line":54,"column":4}},{"start":{"line":54,"column":4},"end":{"line":54,"column":4}}]},"8":{"line":68,"type":"if","locations":[{"start":{"line":68,"column":4},"end":{"line":68,"column":4}},{"start":{"line":68,"column":4},"end":{"line":68,"column":4}}]},"9":{"line":83,"type":"if","locations":[{"start":{"line":83,"column":4},"end":{"line":83,"column":4}},{"start":{"line":83,"column":4},"end":{"line":83,"column":4}}]},"10":{"line":97,"type":"if","locations":[{"start":{"line":97,"column":4},"end":{"line":97,"column":4}},{"start":{"line":97,"column":4},"end":{"line":97,"column":4}}]},"11":{"line":102,"type":"if","locations":[{"start":{"line":102,"column":4},"end":{"line":102,"column":4}},{"start":{"line":102,"column":4},"end":{"line":102,"column":4}}]},"12":{"line":114,"type":"if","locations":[{"start":{"line":114,"column":4},"end":{"line":114,"column":4}},{"start":{"line":114,"column":4},"end":{"line":114,"column":4}}]},"13":{"line":119,"type":"if","locations":[{"start":{"line":119,"column":4},"end":{"line":119,"column":4}},{"start":{"line":119,"column":4},"end":{"line":119,"column":4}}]}}},"contracts/delegate/CLayerTokenDelegate.sol":{"l":{},"path":"/home/node/project/c-layer-core/contracts/delegate/CLayerTokenDelegate.sol","s":{},"b":{},"f":{},"fnMap":{},"statementMap":{},"branchMap":{}},"contracts/delegate/FreezableTokenDelegate.sol":{"l":{"24":13,"25":11,"35":7,"36":5,"47":5,"61":17,"62":17,"63":18,"64":18,"72":25,"74":25,"75":25},"path":"/home/node/project/c-layer-core/contracts/delegate/FreezableTokenDelegate.sol","s":{"1":13,"2":11,"3":7,"4":5,"5":5,"6":17,"7":17,"8":18,"9":18,"10":25,"11":25,"12":25},"b":{"1":[11,2],"2":[5,2]},"f":{"1":13,"2":7,"3":5,"4":17,"5":25},"fnMap":{"1":{"name":"transfer","line":21,"loc":{"start":{"line":21,"column":2},"end":{"line":23,"column":3}}},"2":{"name":"transferFrom","line":31,"loc":{"start":{"line":31,"column":2},"end":{"line":34,"column":3}}},"3":{"name":"canTransfer","line":42,"loc":{"start":{"line":42,"column":2},"end":{"line":46,"column":3}}},"4":{"name":"freezeManyAddresses","line":56,"loc":{"start":{"line":56,"column":2},"end":{"line":60,"column":3}}},"5":{"name":"areNotFrozen","line":71,"loc":{"start":{"line":71,"column":2},"end":{"line":71,"column":79}}}},"statementMap":{"1":{"start":{"line":24,"column":4},"end":{"line":24,"column":47}},"2":{"start":{"line":25,"column":4},"end":{"line":25,"column":47}},"3":{"start":{"line":35,"column":4},"end":{"line":35,"column":45}},"4":{"start":{"line":36,"column":4},"end":{"line":36,"column":58}},"5":{"start":{"line":47,"column":4},"end":{"line":47,"column":1146}},"6":{"start":{"line":61,"column":4},"end":{"line":61,"column":83}},"7":{"start":{"line":62,"column":4},"end":{"line":62,"column":1589}},"8":{"start":{"line":63,"column":6},"end":{"line":63,"column":41}},"9":{"start":{"line":64,"column":6},"end":{"line":64,"column":40}},"10":{"start":{"line":72,"column":4},"end":{"line":72,"column":87}},"11":{"start":{"line":74,"column":4},"end":{"line":74,"column":29}},"12":{"start":{"line":75,"column":4},"end":{"line":75,"column":2064}}},"branchMap":{"1":{"line":24,"type":"if","locations":[{"start":{"line":24,"column":4},"end":{"line":24,"column":4}},{"start":{"line":24,"column":4},"end":{"line":24,"column":4}}]},"2":{"line":35,"type":"if","locations":[{"start":{"line":35,"column":4},"end":{"line":35,"column":4}},{"start":{"line":35,"column":4},"end":{"line":35,"column":4}}]}}},"contracts/delegate/IssuableTokenDelegate.sol":{"l":{"23":7,"24":7,"25":7,"26":7,"28":7,"31":7,"32":7,"41":3,"42":3,"43":3,"44":3,"46":3,"49":3,"50":3},"path":"/home/node/project/c-layer-core/contracts/delegate/IssuableTokenDelegate.sol","s":{"1":7,"2":7,"3":7,"4":7,"5":7,"6":7,"7":7,"8":3,"9":3,"10":3,"11":3,"12":3,"13":3,"14":3},"b":{"1":[7,0],"2":[3,0]},"f":{"1":7,"2":3},"fnMap":{"1":{"name":"issue","line":20,"loc":{"start":{"line":20,"column":2},"end":{"line":22,"column":3}}},"2":{"name":"redeem","line":38,"loc":{"start":{"line":38,"column":2},"end":{"line":40,"column":3}}}},"statementMap":{"1":{"start":{"line":23,"column":4},"end":{"line":23,"column":45}},"2":{"start":{"line":24,"column":4},"end":{"line":24,"column":71}},"3":{"start":{"line":25,"column":4},"end":{"line":25,"column":53}},"4":{"start":{"line":26,"column":4},"end":{"line":26,"column":33}},"5":{"start":{"line":28,"column":4},"end":{"line":28,"column":753}},"6":{"start":{"line":31,"column":4},"end":{"line":31,"column":31}},"7":{"start":{"line":32,"column":4},"end":{"line":32,"column":15}},"8":{"start":{"line":41,"column":4},"end":{"line":41,"column":45}},"9":{"start":{"line":42,"column":4},"end":{"line":42,"column":71}},"10":{"start":{"line":43,"column":4},"end":{"line":43,"column":53}},"11":{"start":{"line":44,"column":4},"end":{"line":44,"column":35}},"12":{"start":{"line":46,"column":4},"end":{"line":46,"column":1270}},"13":{"start":{"line":49,"column":4},"end":{"line":49,"column":32}},"14":{"start":{"line":50,"column":4},"end":{"line":50,"column":15}}},"branchMap":{"1":{"line":28,"type":"if","locations":[{"start":{"line":28,"column":4},"end":{"line":28,"column":4}},{"start":{"line":28,"column":4},"end":{"line":28,"column":4}}]},"2":{"line":46,"type":"if","locations":[{"start":{"line":46,"column":4},"end":{"line":46,"column":4}},{"start":{"line":46,"column":4},"end":{"line":46,"column":4}}]}}},"contracts/delegate/LimitableReceptionTokenDelegate.sol":{"l":{"24":1,"31":1,"32":1,"38":1,"46":1,"47":1,"56":0,"65":1,"66":1},"path":"/home/node/project/c-layer-core/contracts/delegate/LimitableReceptionTokenDelegate.sol","s":{"1":1,"2":1,"3":1,"4":1,"5":1,"6":1,"7":0,"8":1,"9":1},"b":{"1":[1,0]},"f":{"1":1,"2":1,"3":1,"4":0,"5":1},"fnMap":{"1":{"name":"transferDataConfig","line":23,"loc":{"start":{"line":23,"column":2},"end":{"line":23,"column":81}}},"2":{"name":"auditConfigs","line":30,"loc":{"start":{"line":30,"column":2},"end":{"line":30,"column":70}}},"3":{"name":"transferInternal","line":44,"loc":{"start":{"line":44,"column":2},"end":{"line":45,"column":3}}},"4":{"name":"canTransferInternal","line":53,"loc":{"start":{"line":53,"column":2},"end":{"line":55,"column":3}}},"5":{"name":"belowReceptionLimit","line":64,"loc":{"start":{"line":64,"column":2},"end":{"line":64,"column":93}}}},"statementMap":{"1":{"start":{"line":24,"column":4},"end":{"line":24,"column":75}},"2":{"start":{"line":31,"column":4},"end":{"line":31,"column":61}},"3":{"start":{"line":32,"column":4},"end":{"line":32,"column":889}},"4":{"start":{"line":38,"column":4},"end":{"line":38,"column":24}},"5":{"start":{"line":46,"column":4},"end":{"line":46,"column":54}},"6":{"start":{"line":47,"column":4},"end":{"line":47,"column":48}},"7":{"start":{"line":56,"column":4},"end":{"line":56,"column":1620}},"8":{"start":{"line":65,"column":4},"end":{"line":65,"column":92}},"9":{"start":{"line":66,"column":4},"end":{"line":66,"column":2059}}},"branchMap":{"1":{"line":46,"type":"if","locations":[{"start":{"line":46,"column":4},"end":{"line":46,"column":4}},{"start":{"line":46,"column":4},"end":{"line":46,"column":4}}]}}},"contracts/delegate/LockableTokenDelegate.sol":{"l":{"25":19,"26":17,"36":4,"37":4,"46":6,"59":11,"60":11,"61":11,"62":11,"63":8,"65":11,"66":11,"73":29,"75":29,"76":29},"path":"/home/node/project/c-layer-core/contracts/delegate/LockableTokenDelegate.sol","s":{"1":19,"2":17,"3":4,"4":4,"5":6,"6":11,"7":11,"8":11,"9":11,"10":8,"11":11,"12":11,"13":29,"14":29,"15":29},"b":{"1":[17,2],"2":[4,0],"3":[11,0]},"f":{"1":19,"2":4,"3":6,"4":11,"5":29},"fnMap":{"1":{"name":"transfer","line":22,"loc":{"start":{"line":22,"column":2},"end":{"line":24,"column":3}}},"2":{"name":"transferFrom","line":32,"loc":{"start":{"line":32,"column":2},"end":{"line":35,"column":3}}},"3":{"name":"canTransfer","line":43,"loc":{"start":{"line":43,"column":2},"end":{"line":45,"column":3}}},"4":{"name":"defineLock","line":53,"loc":{"start":{"line":53,"column":2},"end":{"line":58,"column":3}}},"5":{"name":"isUnlocked","line":72,"loc":{"start":{"line":72,"column":2},"end":{"line":72,"column":66}}}},"statementMap":{"1":{"start":{"line":25,"column":4},"end":{"line":25,"column":40}},"2":{"start":{"line":26,"column":4},"end":{"line":26,"column":47}},"3":{"start":{"line":36,"column":4},"end":{"line":36,"column":38}},"4":{"start":{"line":37,"column":4},"end":{"line":37,"column":58}},"5":{"start":{"line":46,"column":4},"end":{"line":46,"column":1163}},"6":{"start":{"line":59,"column":4},"end":{"line":59,"column":38}},"7":{"start":{"line":60,"column":4},"end":{"line":60,"column":48}},"8":{"start":{"line":61,"column":4},"end":{"line":61,"column":49}},"9":{"start":{"line":62,"column":4},"end":{"line":62,"column":1527}},"10":{"start":{"line":63,"column":6},"end":{"line":63,"column":48}},"11":{"start":{"line":65,"column":4},"end":{"line":65,"column":59}},"12":{"start":{"line":66,"column":4},"end":{"line":66,"column":15}},"13":{"start":{"line":73,"column":4},"end":{"line":73,"column":53}},"14":{"start":{"line":75,"column":4},"end":{"line":75,"column":29}},"15":{"start":{"line":76,"column":4},"end":{"line":76,"column":1992}}},"branchMap":{"1":{"line":25,"type":"if","locations":[{"start":{"line":25,"column":4},"end":{"line":25,"column":4}},{"start":{"line":25,"column":4},"end":{"line":25,"column":4}}]},"2":{"line":36,"type":"if","locations":[{"start":{"line":36,"column":4},"end":{"line":36,"column":4}},{"start":{"line":36,"column":4},"end":{"line":36,"column":4}}]},"3":{"line":59,"type":"if","locations":[{"start":{"line":59,"column":4},"end":{"line":59,"column":4}},{"start":{"line":59,"column":4},"end":{"line":59,"column":4}}]}}},"contracts/delegate/MintableTokenDelegate.sol":{"l":{"20":72,"21":68,"33":36,"34":36,"35":36,"37":36,"40":36,"41":36,"51":17,"52":17,"53":17,"65":15,"67":13,"68":13,"69":15,"71":13},"path":"/home/node/project/c-layer-core/contracts/delegate/MintableTokenDelegate.sol","s":{"1":72,"2":36,"3":36,"4":36,"5":36,"6":36,"7":36,"8":17,"9":17,"10":17,"11":15,"12":13,"13":13,"14":15,"15":13},"b":{"1":[68,4],"2":[36,0],"3":[13,2]},"f":{"1":72,"2":36,"3":17,"4":15},"fnMap":{"1":{"name":"canMint","line":19,"loc":{"start":{"line":19,"column":2},"end":{"line":19,"column":34}}},"2":{"name":"mint","line":30,"loc":{"start":{"line":30,"column":2},"end":{"line":32,"column":3}}},"3":{"name":"finishMinting","line":48,"loc":{"start":{"line":48,"column":2},"end":{"line":50,"column":3}}},"4":{"name":"mintAtOnce","line":62,"loc":{"start":{"line":62,"column":2},"end":{"line":64,"column":3}}}},"statementMap":{"1":{"start":{"line":20,"column":4},"end":{"line":20,"column":52}},"2":{"start":{"line":33,"column":4},"end":{"line":33,"column":45}},"3":{"start":{"line":34,"column":4},"end":{"line":34,"column":53}},"4":{"start":{"line":35,"column":4},"end":{"line":35,"column":57}},"5":{"start":{"line":37,"column":4},"end":{"line":37,"column":1048}},"6":{"start":{"line":40,"column":4},"end":{"line":40,"column":30}},"7":{"start":{"line":41,"column":4},"end":{"line":41,"column":15}},"8":{"start":{"line":51,"column":4},"end":{"line":51,"column":41}},"9":{"start":{"line":52,"column":4},"end":{"line":52,"column":29}},"10":{"start":{"line":53,"column":4},"end":{"line":53,"column":15}},"11":{"start":{"line":65,"column":4},"end":{"line":65,"column":57}},"12":{"start":{"line":67,"column":4},"end":{"line":67,"column":22}},"13":{"start":{"line":68,"column":4},"end":{"line":68,"column":1963}},"14":{"start":{"line":69,"column":6},"end":{"line":69,"column":65}},"15":{"start":{"line":71,"column":4},"end":{"line":71,"column":42}}},"branchMap":{"1":{"line":20,"type":"if","locations":[{"start":{"line":20,"column":4},"end":{"line":20,"column":4}},{"start":{"line":20,"column":4},"end":{"line":20,"column":4}}]},"2":{"line":37,"type":"if","locations":[{"start":{"line":37,"column":4},"end":{"line":37,"column":4}},{"start":{"line":37,"column":4},"end":{"line":37,"column":4}}]},"3":{"line":65,"type":"if","locations":[{"start":{"line":65,"column":4},"end":{"line":65,"column":4}},{"start":{"line":65,"column":4},"end":{"line":65,"column":4}}]}}},"contracts/delegate/OracleEnrichedTokenDelegate.sol":{"l":{"55":28,"67":20,"80":3,"90":50,"98":48,"99":28,"104":20,"118":3,"133":61,"134":61,"149":61,"150":3,"152":58,"155":59,"156":1,"158":58,"161":59,"162":2,"164":57,"167":59,"168":4,"169":4,"173":57},"path":"/home/node/project/c-layer-core/contracts/delegate/OracleEnrichedTokenDelegate.sol","s":{"1":28,"2":20,"3":3,"4":50,"5":48,"6":28,"7":20,"8":3,"9":61,"10":61,"11":61,"12":3,"13":58,"14":59,"15":1,"16":58,"17":59,"18":2,"19":57,"20":59,"21":4,"22":4,"23":57},"b":{"1":[28,20],"2":[3,58],"3":[1,58],"4":[2,57],"5":[4,55]},"f":{"1":28,"2":20,"3":3,"4":50,"5":48,"6":3,"7":61},"fnMap":{"1":{"name":"transfer","line":52,"loc":{"start":{"line":52,"column":2},"end":{"line":54,"column":3}}},"2":{"name":"transferFrom","line":63,"loc":{"start":{"line":63,"column":2},"end":{"line":66,"column":3}}},"3":{"name":"canTransfer","line":75,"loc":{"start":{"line":75,"column":2},"end":{"line":79,"column":3}}},"4":{"name":"transferDataConfig","line":89,"loc":{"start":{"line":89,"column":2},"end":{"line":89,"column":81}}},"5":{"name":"transferInternal","line":96,"loc":{"start":{"line":96,"column":2},"end":{"line":97,"column":3}}},"6":{"name":"canTransferInternal","line":115,"loc":{"start":{"line":115,"column":2},"end":{"line":117,"column":3}}},"7":{"name":"transferData","line":127,"loc":{"start":{"line":127,"column":2},"end":{"line":132,"column":49}}}},"statementMap":{"1":{"start":{"line":55,"column":4},"end":{"line":55,"column":1155}},"2":{"start":{"line":67,"column":4},"end":{"line":67,"column":1474}},"3":{"start":{"line":80,"column":4},"end":{"line":80,"column":1770}},"4":{"start":{"line":90,"column":4},"end":{"line":90,"column":78}},"5":{"start":{"line":98,"column":4},"end":{"line":98,"column":2294}},"6":{"start":{"line":99,"column":6},"end":{"line":99,"column":2366}},"7":{"start":{"line":104,"column":6},"end":{"line":104,"column":2500}},"8":{"start":{"line":118,"column":4},"end":{"line":118,"column":2833}},"9":{"start":{"line":133,"column":4},"end":{"line":133,"column":50}},"10":{"start":{"line":134,"column":4},"end":{"line":134,"column":3234}},"11":{"start":{"line":149,"column":4},"end":{"line":149,"column":3474}},"12":{"start":{"line":150,"column":6},"end":{"line":150,"column":81}},"13":{"start":{"line":152,"column":6},"end":{"line":152,"column":83}},"14":{"start":{"line":155,"column":4},"end":{"line":155,"column":3698}},"15":{"start":{"line":156,"column":6},"end":{"line":156,"column":81}},"16":{"start":{"line":158,"column":6},"end":{"line":158,"column":83}},"17":{"start":{"line":161,"column":4},"end":{"line":161,"column":3922}},"18":{"start":{"line":162,"column":6},"end":{"line":162,"column":87}},"19":{"start":{"line":164,"column":6},"end":{"line":164,"column":89}},"20":{"start":{"line":167,"column":4},"end":{"line":167,"column":4160}},"21":{"start":{"line":168,"column":6},"end":{"line":168,"column":50}},"22":{"start":{"line":169,"column":6},"end":{"line":169,"column":4320}},"23":{"start":{"line":173,"column":4},"end":{"line":173,"column":15}}},"branchMap":{"1":{"line":98,"type":"if","locations":[{"start":{"line":98,"column":4},"end":{"line":98,"column":4}},{"start":{"line":98,"column":4},"end":{"line":98,"column":4}}]},"2":{"line":149,"type":"if","locations":[{"start":{"line":149,"column":4},"end":{"line":149,"column":4}},{"start":{"line":149,"column":4},"end":{"line":149,"column":4}}]},"3":{"line":155,"type":"if","locations":[{"start":{"line":155,"column":4},"end":{"line":155,"column":4}},{"start":{"line":155,"column":4},"end":{"line":155,"column":4}}]},"4":{"line":161,"type":"if","locations":[{"start":{"line":161,"column":4},"end":{"line":161,"column":4}},{"start":{"line":161,"column":4},"end":{"line":161,"column":4}}]},"5":{"line":167,"type":"if","locations":[{"start":{"line":167,"column":4},"end":{"line":167,"column":4}},{"start":{"line":167,"column":4},"end":{"line":167,"column":4}}]}}},"contracts/delegate/ProvableOwnershipTokenDelegate.sol":{"l":{"26":6,"27":6,"29":6,"30":6,"34":6,"35":6,"42":15,"43":15,"49":15},"path":"/home/node/project/c-layer-core/contracts/delegate/ProvableOwnershipTokenDelegate.sol","s":{"1":6,"2":6,"3":6,"4":6,"5":6,"6":6,"7":15,"8":15,"9":15},"b":{},"f":{"1":6,"2":15},"fnMap":{"1":{"name":"createProof","line":23,"loc":{"start":{"line":23,"column":2},"end":{"line":25,"column":3}}},"2":{"name":"auditConfigs","line":41,"loc":{"start":{"line":41,"column":2},"end":{"line":41,"column":70}}}},"statementMap":{"1":{"start":{"line":26,"column":4},"end":{"line":26,"column":60}},"2":{"start":{"line":27,"column":4},"end":{"line":27,"column":35}},"3":{"start":{"line":29,"column":4},"end":{"line":29,"column":45}},"4":{"start":{"line":30,"column":4},"end":{"line":30,"column":834}},"5":{"start":{"line":34,"column":4},"end":{"line":34,"column":47}},"6":{"start":{"line":35,"column":4},"end":{"line":35,"column":15}},"7":{"start":{"line":42,"column":4},"end":{"line":42,"column":61}},"8":{"start":{"line":43,"column":4},"end":{"line":43,"column":1212}},"9":{"start":{"line":49,"column":4},"end":{"line":49,"column":24}}},"branchMap":{}},"contracts/delegate/RuleEngineTokenDelegate.sol":{"l":{"24":11,"35":5,"46":6,"56":13,"57":13,"64":0,"65":0,"66":0,"67":0,"70":0,"78":0,"79":0,"88":30,"89":30,"90":18,"91":10,"94":20,"106":24,"107":16},"path":"/home/node/project/c-layer-core/contracts/delegate/RuleEngineTokenDelegate.sol","s":{"1":11,"2":5,"3":6,"4":13,"5":13,"6":0,"7":0,"8":0,"9":0,"10":0,"11":0,"12":30,"13":30,"14":18,"15":10,"16":20,"17":24},"b":{"1":[0,0],"2":[0,0],"3":[10,8],"4":[16,8]},"f":{"1":11,"2":5,"3":6,"4":13,"5":0,"6":0,"7":30,"8":24},"fnMap":{"1":{"name":"transfer","line":20,"loc":{"start":{"line":20,"column":2},"end":{"line":23,"column":3}}},"2":{"name":"transferFrom","line":30,"loc":{"start":{"line":30,"column":2},"end":{"line":34,"column":3}}},"3":{"name":"canTransfer","line":41,"loc":{"start":{"line":41,"column":2},"end":{"line":45,"column":3}}},"4":{"name":"defineRules","line":53,"loc":{"start":{"line":53,"column":2},"end":{"line":55,"column":3}}},"5":{"name":"validateAddress","line":63,"loc":{"start":{"line":63,"column":2},"end":{"line":63,"column":87}}},"6":{"name":"whenAddressRulesAreValid","line":77,"loc":{"start":{"line":77,"column":2},"end":{"line":77,"column":53}}},"7":{"name":"validateTransfer","line":85,"loc":{"start":{"line":85,"column":2},"end":{"line":87,"column":3}}},"8":{"name":"whenTransferRulesAreValid","line":101,"loc":{"start":{"line":101,"column":2},"end":{"line":105,"column":3}}}},"statementMap":{"1":{"start":{"line":24,"column":4},"end":{"line":24,"column":47}},"2":{"start":{"line":35,"column":4},"end":{"line":35,"column":58}},"3":{"start":{"line":46,"column":4},"end":{"line":46,"column":1149}},"4":{"start":{"line":56,"column":4},"end":{"line":56,"column":33}},"5":{"start":{"line":57,"column":4},"end":{"line":57,"column":37}},"6":{"start":{"line":64,"column":4},"end":{"line":64,"column":49}},"7":{"start":{"line":65,"column":4},"end":{"line":65,"column":1623}},"8":{"start":{"line":66,"column":6},"end":{"line":66,"column":1677}},"9":{"start":{"line":67,"column":8},"end":{"line":67,"column":20}},"10":{"start":{"line":70,"column":4},"end":{"line":70,"column":15}},"11":{"start":{"line":78,"column":4},"end":{"line":78,"column":57}},"12":{"start":{"line":88,"column":4},"end":{"line":88,"column":53}},"13":{"start":{"line":89,"column":4},"end":{"line":89,"column":2221}},"14":{"start":{"line":90,"column":6},"end":{"line":90,"column":2275}},"15":{"start":{"line":91,"column":8},"end":{"line":91,"column":20}},"16":{"start":{"line":94,"column":4},"end":{"line":94,"column":15}},"17":{"start":{"line":106,"column":4},"end":{"line":106,"column":57}}},"branchMap":{"1":{"line":66,"type":"if","locations":[{"start":{"line":66,"column":6},"end":{"line":66,"column":6}},{"start":{"line":66,"column":6},"end":{"line":66,"column":6}}]},"2":{"line":78,"type":"if","locations":[{"start":{"line":78,"column":4},"end":{"line":78,"column":4}},{"start":{"line":78,"column":4},"end":{"line":78,"column":4}}]},"3":{"line":90,"type":"if","locations":[{"start":{"line":90,"column":6},"end":{"line":90,"column":6}},{"start":{"line":90,"column":6},"end":{"line":90,"column":6}}]},"4":{"line":106,"type":"if","locations":[{"start":{"line":106,"column":4},"end":{"line":106,"column":4}},{"start":{"line":106,"column":4},"end":{"line":106,"column":4}}]}}},"contracts/delegate/SeizableTokenDelegate.sol":{"l":{"26":9,"27":7,"29":7,"30":5,"31":5,"33":5,"36":5,"37":5},"path":"/home/node/project/c-layer-core/contracts/delegate/SeizableTokenDelegate.sol","s":{"1":9,"2":7,"3":7,"4":5,"5":5,"6":5,"7":5,"8":5},"b":{"1":[7,2],"2":[5,0]},"f":{"1":9},"fnMap":{"1":{"name":"seize","line":21,"loc":{"start":{"line":21,"column":2},"end":{"line":25,"column":3}}}},"statementMap":{"1":{"start":{"line":26,"column":4},"end":{"line":26,"column":42}},"2":{"start":{"line":27,"column":4},"end":{"line":27,"column":45}},"3":{"start":{"line":29,"column":4},"end":{"line":29,"column":67}},"4":{"start":{"line":30,"column":4},"end":{"line":30,"column":71}},"5":{"start":{"line":31,"column":4},"end":{"line":31,"column":33}},"6":{"start":{"line":33,"column":4},"end":{"line":33,"column":871}},"7":{"start":{"line":36,"column":4},"end":{"line":36,"column":41}},"8":{"start":{"line":37,"column":4},"end":{"line":37,"column":15}}},"branchMap":{"1":{"line":26,"type":"if","locations":[{"start":{"line":26,"column":4},"end":{"line":26,"column":4}},{"start":{"line":26,"column":4},"end":{"line":26,"column":4}}]},"2":{"line":33,"type":"if","locations":[{"start":{"line":33,"column":4},"end":{"line":33,"column":4}},{"start":{"line":33,"column":4},"end":{"line":33,"column":4}}]}}},"contracts/delegate/WithClaimsTokenDelegate.sol":{"l":{"30":13,"31":11,"32":1,"35":11,"36":1,"39":11,"41":0,"52":5,"53":3,"54":1,"57":3,"58":1,"61":3,"63":0,"71":28,"72":28,"73":28,"74":8,"75":4,"78":24,"88":7,"89":7,"90":7},"path":"/home/node/project/c-layer-core/contracts/delegate/WithClaimsTokenDelegate.sol","s":{"1":13,"2":11,"3":1,"4":11,"5":1,"6":11,"7":0,"8":5,"9":3,"10":1,"11":3,"12":1,"13":3,"14":0,"15":28,"16":28,"17":28,"18":8,"19":4,"20":24,"21":7,"22":7,"23":7},"b":{"1":[11,0],"2":[1,10],"3":[1,10],"4":[3,0],"5":[1,2],"6":[1,2],"7":[4,4]},"f":{"1":13,"2":5,"3":28,"4":7},"fnMap":{"1":{"name":"transfer","line":26,"loc":{"start":{"line":26,"column":2},"end":{"line":29,"column":3}}},"2":{"name":"transferFrom","line":48,"loc":{"start":{"line":48,"column":2},"end":{"line":51,"column":3}}},"3":{"name":"hasClaims","line":70,"loc":{"start":{"line":70,"column":2},"end":{"line":70,"column":80}}},"4":{"name":"defineClaimables","line":84,"loc":{"start":{"line":84,"column":2},"end":{"line":87,"column":3}}}},"statementMap":{"1":{"start":{"line":30,"column":4},"end":{"line":30,"column":922}},"2":{"start":{"line":31,"column":6},"end":{"line":31,"column":974}},"3":{"start":{"line":32,"column":8},"end":{"line":32,"column":39}},"4":{"start":{"line":35,"column":6},"end":{"line":35,"column":1069}},"5":{"start":{"line":36,"column":8},"end":{"line":36,"column":35}},"6":{"start":{"line":39,"column":6},"end":{"line":39,"column":17}},"7":{"start":{"line":41,"column":4},"end":{"line":41,"column":16}},"8":{"start":{"line":52,"column":4},"end":{"line":52,"column":1486}},"9":{"start":{"line":53,"column":6},"end":{"line":53,"column":1549}},"10":{"start":{"line":54,"column":8},"end":{"line":54,"column":37}},"11":{"start":{"line":57,"column":6},"end":{"line":57,"column":1640}},"12":{"start":{"line":58,"column":8},"end":{"line":58,"column":35}},"13":{"start":{"line":61,"column":6},"end":{"line":61,"column":17}},"14":{"start":{"line":63,"column":4},"end":{"line":63,"column":16}},"15":{"start":{"line":71,"column":4},"end":{"line":71,"column":94}},"16":{"start":{"line":72,"column":4},"end":{"line":72,"column":64}},"17":{"start":{"line":73,"column":4},"end":{"line":73,"column":2150}},"18":{"start":{"line":74,"column":6},"end":{"line":74,"column":2209}},"19":{"start":{"line":75,"column":8},"end":{"line":75,"column":19}},"20":{"start":{"line":78,"column":4},"end":{"line":78,"column":16}},"21":{"start":{"line":88,"column":4},"end":{"line":88,"column":43}},"22":{"start":{"line":89,"column":4},"end":{"line":89,"column":47}},"23":{"start":{"line":90,"column":4},"end":{"line":90,"column":15}}},"branchMap":{"1":{"line":30,"type":"if","locations":[{"start":{"line":30,"column":4},"end":{"line":30,"column":4}},{"start":{"line":30,"column":4},"end":{"line":30,"column":4}}]},"2":{"line":31,"type":"if","locations":[{"start":{"line":31,"column":6},"end":{"line":31,"column":6}},{"start":{"line":31,"column":6},"end":{"line":31,"column":6}}]},"3":{"line":35,"type":"if","locations":[{"start":{"line":35,"column":6},"end":{"line":35,"column":6}},{"start":{"line":35,"column":6},"end":{"line":35,"column":6}}]},"4":{"line":52,"type":"if","locations":[{"start":{"line":52,"column":4},"end":{"line":52,"column":4}},{"start":{"line":52,"column":4},"end":{"line":52,"column":4}}]},"5":{"line":53,"type":"if","locations":[{"start":{"line":53,"column":6},"end":{"line":53,"column":6}},{"start":{"line":53,"column":6},"end":{"line":53,"column":6}}]},"6":{"line":57,"type":"if","locations":[{"start":{"line":57,"column":6},"end":{"line":57,"column":6}},{"start":{"line":57,"column":6},"end":{"line":57,"column":6}}]},"7":{"line":74,"type":"if","locations":[{"start":{"line":74,"column":6},"end":{"line":74,"column":6}},{"start":{"line":74,"column":6},"end":{"line":74,"column":6}}]}}},"contracts/interface/IClaimable.sol":{"l":{},"path":"/home/node/project/c-layer-core/contracts/interface/IClaimable.sol","s":{},"b":{},"f":{},"fnMap":{},"statementMap":{},"branchMap":{}},"contracts/interface/IERC20.sol":{"l":{},"path":"/home/node/project/c-layer-core/contracts/interface/IERC20.sol","s":{},"b":{},"f":{},"fnMap":{},"statementMap":{},"branchMap":{}},"contracts/interface/IRatesProvider.sol":{"l":{},"path":"/home/node/project/c-layer-core/contracts/interface/IRatesProvider.sol","s":{},"b":{},"f":{},"fnMap":{},"statementMap":{},"branchMap":{}},"contracts/interface/IRule.sol":{"l":{},"path":"/home/node/project/c-layer-core/contracts/interface/IRule.sol","s":{},"b":{},"f":{},"fnMap":{},"statementMap":{},"branchMap":{}},"contracts/interface/ITokenCore.sol":{"l":{},"path":"/home/node/project/c-layer-core/contracts/interface/ITokenCore.sol","s":{},"b":{},"f":{},"fnMap":{},"statementMap":{},"branchMap":{}},"contracts/interface/IUserRegistry.sol":{"l":{},"path":"/home/node/project/c-layer-core/contracts/interface/IUserRegistry.sol","s":{},"b":{},"f":{},"fnMap":{},"statementMap":{},"branchMap":{}},"contracts/operable/OperableCore.sol":{"l":{"22":233,"23":233,"32":103,"33":93,"40":245,"41":243,"48":136,"49":114,"60":22,"61":20,"62":20,"63":29,"65":20,"66":20,"77":29,"78":46,"79":46,"81":29,"93":41,"94":42,"95":42,"97":41,"107":1,"108":1,"109":1,"111":1},"path":"/home/node/project/c-layer-core/contracts/operable/OperableCore.sol","s":{"1":233,"2":233,"3":103,"4":245,"5":136,"6":22,"7":20,"8":29,"9":20,"10":20,"11":29,"12":46,"13":46,"14":29,"15":41,"16":42,"17":42,"18":41,"19":1,"20":1,"21":1},"b":{"1":[93,10],"2":[243,2],"3":[114,22],"4":[20,2]},"f":{"1":233,"2":103,"3":245,"4":136,"5":22,"6":29,"7":41,"8":1},"fnMap":{"1":{"name":"constructor","line":21,"loc":{"start":{"line":21,"column":2},"end":{"line":21,"column":22}}},"2":{"name":"onlySysOp","line":31,"loc":{"start":{"line":31,"column":2},"end":{"line":31,"column":22}}},"3":{"name":"onlyCoreOp","line":39,"loc":{"start":{"line":39,"column":2},"end":{"line":39,"column":23}}},"4":{"name":"onlyProxyOp","line":47,"loc":{"start":{"line":47,"column":2},"end":{"line":47,"column":38}}},"5":{"name":"defineRole","line":57,"loc":{"start":{"line":57,"column":2},"end":{"line":59,"column":3}}},"6":{"name":"assignOperators","line":74,"loc":{"start":{"line":74,"column":2},"end":{"line":76,"column":3}}},"7":{"name":"assignProxyOperators","line":89,"loc":{"start":{"line":89,"column":2},"end":{"line":92,"column":3}}},"8":{"name":"revokeOperators","line":104,"loc":{"start":{"line":104,"column":2},"end":{"line":106,"column":3}}}},"statementMap":{"1":{"start":{"line":22,"column":4},"end":{"line":22,"column":50}},"2":{"start":{"line":23,"column":4},"end":{"line":23,"column":65}},"3":{"start":{"line":32,"column":4},"end":{"line":32,"column":80}},"4":{"start":{"line":40,"column":4},"end":{"line":40,"column":57}},"5":{"start":{"line":48,"column":4},"end":{"line":48,"column":66}},"6":{"start":{"line":60,"column":4},"end":{"line":60,"column":43}},"7":{"start":{"line":62,"column":4},"end":{"line":62,"column":1532}},"8":{"start":{"line":63,"column":6},"end":{"line":63,"column":51}},"9":{"start":{"line":65,"column":4},"end":{"line":65,"column":27}},"10":{"start":{"line":66,"column":4},"end":{"line":66,"column":15}},"11":{"start":{"line":77,"column":4},"end":{"line":77,"column":1910}},"12":{"start":{"line":78,"column":6},"end":{"line":78,"column":46}},"13":{"start":{"line":79,"column":6},"end":{"line":79,"column":49}},"14":{"start":{"line":81,"column":4},"end":{"line":81,"column":15}},"15":{"start":{"line":93,"column":4},"end":{"line":93,"column":2335}},"16":{"start":{"line":94,"column":6},"end":{"line":94,"column":56}},"17":{"start":{"line":95,"column":6},"end":{"line":95,"column":62}},"18":{"start":{"line":97,"column":4},"end":{"line":97,"column":15}},"19":{"start":{"line":107,"column":4},"end":{"line":107,"column":2704}},"20":{"start":{"line":109,"column":6},"end":{"line":109,"column":41}},"21":{"start":{"line":111,"column":4},"end":{"line":111,"column":15}}},"branchMap":{"1":{"line":32,"type":"if","locations":[{"start":{"line":32,"column":4},"end":{"line":32,"column":4}},{"start":{"line":32,"column":4},"end":{"line":32,"column":4}}]},"2":{"line":40,"type":"if","locations":[{"start":{"line":40,"column":4},"end":{"line":40,"column":4}},{"start":{"line":40,"column":4},"end":{"line":40,"column":4}}]},"3":{"line":48,"type":"if","locations":[{"start":{"line":48,"column":4},"end":{"line":48,"column":4}},{"start":{"line":48,"column":4},"end":{"line":48,"column":4}}]},"4":{"line":60,"type":"if","locations":[{"start":{"line":60,"column":4},"end":{"line":60,"column":4}},{"start":{"line":60,"column":4},"end":{"line":60,"column":4}}]}}},"contracts/operable/OperableProxy.sol":{"l":{"26":1,"33":3,"35":1},"path":"/home/node/project/c-layer-core/contracts/operable/OperableProxy.sol","s":{"1":1,"2":3},"b":{"1":[1,2]},"f":{"1":246,"2":1,"3":3},"fnMap":{"1":{"name":"constructor","line":20,"loc":{"start":{"line":20,"column":2},"end":{"line":20,"column":48}}},"2":{"name":"owner","line":25,"loc":{"start":{"line":25,"column":2},"end":{"line":25,"column":48}}},"3":{"name":"onlyOperator","line":32,"loc":{"start":{"line":32,"column":2},"end":{"line":32,"column":23}}}},"statementMap":{"1":{"start":{"line":26,"column":4},"end":{"line":26,"column":37}},"2":{"start":{"line":33,"column":4},"end":{"line":33,"column":882}}},"branchMap":{"1":{"line":33,"type":"if","locations":[{"start":{"line":33,"column":4},"end":{"line":33,"column":4}},{"start":{"line":33,"column":4},"end":{"line":33,"column":4}}]}}},"contracts/operable/OperableStorage.sol":{"l":{"39":1,"49":2,"60":0,"67":2,"75":266,"76":266,"85":150,"86":150,"88":150},"path":"/home/node/project/c-layer-core/contracts/operable/OperableStorage.sol","s":{"1":1,"2":2,"3":0,"4":2,"5":266,"6":266,"7":150,"8":150,"9":150},"b":{},"f":{"1":1,"2":2,"3":0,"4":2,"5":266,"6":150},"fnMap":{"1":{"name":"coreRole","line":38,"loc":{"start":{"line":38,"column":2},"end":{"line":38,"column":67}}},"2":{"name":"proxyRole","line":46,"loc":{"start":{"line":46,"column":2},"end":{"line":48,"column":3}}},"3":{"name":"rolePrivilege","line":57,"loc":{"start":{"line":57,"column":2},"end":{"line":59,"column":3}}},"4":{"name":"roleHasPrivilege","line":66,"loc":{"start":{"line":66,"column":2},"end":{"line":66,"column":88}}},"5":{"name":"hasCorePrivilege","line":74,"loc":{"start":{"line":74,"column":2},"end":{"line":74,"column":91}}},"6":{"name":"hasProxyPrivilege","line":84,"loc":{"start":{"line":84,"column":2},"end":{"line":84,"column":108}}}},"statementMap":{"1":{"start":{"line":39,"column":4},"end":{"line":39,"column":39}},"2":{"start":{"line":49,"column":4},"end":{"line":49,"column":49}},"3":{"start":{"line":60,"column":4},"end":{"line":60,"column":46}},"4":{"start":{"line":67,"column":4},"end":{"line":67,"column":75}},"5":{"start":{"line":75,"column":4},"end":{"line":75,"column":47}},"6":{"start":{"line":76,"column":4},"end":{"line":76,"column":73}},"7":{"start":{"line":85,"column":4},"end":{"line":85,"column":51}},"8":{"start":{"line":86,"column":4},"end":{"line":86,"column":2473}},"9":{"start":{"line":88,"column":4},"end":{"line":88,"column":73}}},"branchMap":{}},"contracts/rule/UserRule.sol":{"l":{"25":7,"32":1,"39":2,"48":4},"path":"/home/node/project/c-layer-core/contracts/rule/UserRule.sol","s":{"1":7,"2":1,"3":2,"4":4},"b":{},"f":{"1":7,"2":1,"3":2,"4":4},"fnMap":{"1":{"name":"constructor","line":24,"loc":{"start":{"line":24,"column":2},"end":{"line":24,"column":49}}},"2":{"name":"userRegistry","line":31,"loc":{"start":{"line":31,"column":2},"end":{"line":31,"column":61}}},"3":{"name":"isAddressValid","line":38,"loc":{"start":{"line":38,"column":2},"end":{"line":38,"column":70}}},"4":{"name":"isTransferValid","line":45,"loc":{"start":{"line":45,"column":2},"end":{"line":47,"column":3}}}},"statementMap":{"1":{"start":{"line":25,"column":4},"end":{"line":25,"column":32}},"2":{"start":{"line":32,"column":4},"end":{"line":32,"column":24}},"3":{"start":{"line":39,"column":4},"end":{"line":39,"column":51}},"4":{"start":{"line":48,"column":4},"end":{"line":48,"column":1059}}},"branchMap":{}},"contracts/rule/YesNoRule.sol":{"l":{"18":24,"22":2,"30":20},"path":"/home/node/project/c-layer-core/contracts/rule/YesNoRule.sol","s":{"1":24,"2":2,"3":20},"b":{},"f":{"1":24,"2":2,"3":20},"fnMap":{"1":{"name":"constructor","line":17,"loc":{"start":{"line":17,"column":2},"end":{"line":17,"column":33}}},"2":{"name":"isAddressValid","line":21,"loc":{"start":{"line":21,"column":2},"end":{"line":21,"column":73}}},"3":{"name":"isTransferValid","line":25,"loc":{"start":{"line":25,"column":2},"end":{"line":29,"column":3}}}},"statementMap":{"1":{"start":{"line":18,"column":4},"end":{"line":18,"column":17}},"2":{"start":{"line":22,"column":4},"end":{"line":22,"column":16}},"3":{"start":{"line":30,"column":4},"end":{"line":30,"column":16}}},"branchMap":{}},"contracts/TokenCore.sol":{"l":{"26":195,"27":195,"31":1,"37":2,"46":1,"47":1,"48":1,"49":2,"51":1,"64":5,"65":5,"66":5,"67":5,"68":5,"69":5,"70":5,"84":13,"85":13,"86":13,"87":13,"88":13,"89":13,"90":13,"104":30,"105":30,"106":30,"107":30,"108":30,"109":30,"110":30,"115":2,"119":2,"123":2,"127":11,"131":36,"137":15,"143":64,"149":32,"155":75,"161":2,"167":4,"173":11,"186":13,"188":13,"189":13,"190":13,"191":13,"192":13,"193":13,"194":13,"195":13,"201":2,"202":2,"203":1,"204":1,"206":1,"213":7,"219":3,"225":23,"231":6,"237":15,"243":9,"249":0,"257":17,"263":2,"269":11,"275":13,"281":7,"293":187,"294":187,"295":187,"296":187,"297":187,"299":187,"300":187,"306":6,"307":6,"309":6,"310":6,"319":27,"321":0,"323":27,"325":27,"326":27,"327":27,"329":27,"338":22,"339":22,"340":30,"343":22,"344":22},"path":"/home/node/project/c-layer-core/contracts/TokenCore.sol","s":{"1":195,"2":195,"3":1,"4":2,"5":1,"6":1,"7":1,"8":2,"9":1,"10":5,"11":5,"12":5,"13":5,"14":5,"15":5,"16":5,"17":13,"18":13,"19":13,"20":13,"21":13,"22":13,"23":13,"24":30,"25":30,"26":30,"27":30,"28":30,"29":30,"30":30,"31":2,"32":2,"33":2,"34":11,"35":36,"36":15,"37":64,"38":32,"39":75,"40":2,"41":4,"42":11,"43":13,"44":13,"45":13,"46":13,"47":13,"48":13,"49":13,"50":13,"51":13,"52":2,"53":2,"54":1,"55":1,"56":1,"57":7,"58":3,"59":23,"60":6,"61":15,"62":9,"63":0,"64":17,"65":2,"66":11,"67":13,"68":7,"69":187,"70":187,"71":187,"72":187,"73":187,"74":187,"75":187,"76":6,"77":6,"78":6,"79":27,"80":0,"81":27,"82":27,"83":27,"84":27,"85":27,"86":22,"87":22,"88":30,"89":22,"90":22},"b":{"1":[1,1],"2":[0,27],"3":[0,0]},"f":{"1":195,"2":1,"3":2,"4":1,"5":5,"6":13,"7":30,"8":2,"9":2,"10":2,"11":11,"12":36,"13":15,"14":64,"15":32,"16":75,"17":2,"18":4,"19":11,"20":13,"21":2,"22":7,"23":3,"24":23,"25":6,"26":15,"27":9,"28":0,"29":17,"30":2,"31":11,"32":13,"33":7,"34":187,"35":6,"36":27,"37":22},"fnMap":{"1":{"name":"constructor","line":25,"loc":{"start":{"line":25,"column":2},"end":{"line":25,"column":70}}},"2":{"name":"name","line":30,"loc":{"start":{"line":30,"column":2},"end":{"line":30,"column":53}}},"3":{"name":"oracles","line":34,"loc":{"start":{"line":34,"column":2},"end":{"line":36,"column":3}}},"4":{"name":"auditSelector","line":40,"loc":{"start":{"line":40,"column":2},"end":{"line":45,"column":3}}},"5":{"name":"auditShared","line":54,"loc":{"start":{"line":54,"column":2},"end":{"line":63,"column":3}}},"6":{"name":"auditUser","line":73,"loc":{"start":{"line":73,"column":2},"end":{"line":83,"column":3}}},"7":{"name":"auditAddress","line":93,"loc":{"start":{"line":93,"column":2},"end":{"line":103,"column":3}}},"8":{"name":"tokenName","line":114,"loc":{"start":{"line":114,"column":2},"end":{"line":114,"column":58}}},"9":{"name":"tokenSymbol","line":118,"loc":{"start":{"line":118,"column":2},"end":{"line":118,"column":60}}},"10":{"name":"tokenDecimals","line":122,"loc":{"start":{"line":122,"column":2},"end":{"line":122,"column":56}}},"11":{"name":"tokenTotalSupply","line":126,"loc":{"start":{"line":126,"column":2},"end":{"line":126,"column":59}}},"12":{"name":"tokenBalanceOf","line":130,"loc":{"start":{"line":130,"column":2},"end":{"line":130,"column":71}}},"13":{"name":"tokenAllowance","line":134,"loc":{"start":{"line":134,"column":2},"end":{"line":136,"column":3}}},"14":{"name":"transfer","line":140,"loc":{"start":{"line":140,"column":2},"end":{"line":142,"column":3}}},"15":{"name":"transferFrom","line":146,"loc":{"start":{"line":146,"column":2},"end":{"line":148,"column":3}}},"16":{"name":"approve","line":152,"loc":{"start":{"line":152,"column":2},"end":{"line":154,"column":3}}},"17":{"name":"increaseApproval","line":158,"loc":{"start":{"line":158,"column":2},"end":{"line":160,"column":3}}},"18":{"name":"decreaseApproval","line":164,"loc":{"start":{"line":164,"column":2},"end":{"line":166,"column":3}}},"19":{"name":"canTransfer","line":170,"loc":{"start":{"line":170,"column":2},"end":{"line":172,"column":3}}},"20":{"name":"token","line":177,"loc":{"start":{"line":177,"column":2},"end":{"line":185,"column":37}}},"21":{"name":"tokenProofs","line":198,"loc":{"start":{"line":198,"column":2},"end":{"line":200,"column":3}}},"22":{"name":"issue","line":210,"loc":{"start":{"line":210,"column":2},"end":{"line":212,"column":3}}},"23":{"name":"redeem","line":216,"loc":{"start":{"line":216,"column":2},"end":{"line":218,"column":3}}},"24":{"name":"mint","line":222,"loc":{"start":{"line":222,"column":2},"end":{"line":224,"column":3}}},"25":{"name":"finishMinting","line":228,"loc":{"start":{"line":228,"column":2},"end":{"line":230,"column":3}}},"26":{"name":"mintAtOnce","line":234,"loc":{"start":{"line":234,"column":2},"end":{"line":236,"column":3}}},"27":{"name":"seize","line":240,"loc":{"start":{"line":240,"column":2},"end":{"line":242,"column":3}}},"28":{"name":"freeze","line":246,"loc":{"start":{"line":246,"column":2},"end":{"line":248,"column":3}}},"29":{"name":"freezeManyAddresses","line":252,"loc":{"start":{"line":252,"column":2},"end":{"line":256,"column":3}}},"30":{"name":"createProof","line":260,"loc":{"start":{"line":260,"column":2},"end":{"line":262,"column":3}}},"31":{"name":"defineLock","line":266,"loc":{"start":{"line":266,"column":2},"end":{"line":268,"column":3}}},"32":{"name":"defineRules","line":272,"loc":{"start":{"line":272,"column":2},"end":{"line":274,"column":3}}},"33":{"name":"defineClaimables","line":278,"loc":{"start":{"line":278,"column":2},"end":{"line":280,"column":3}}},"34":{"name":"defineToken","line":285,"loc":{"start":{"line":285,"column":2},"end":{"line":292,"column":3}}},"35":{"name":"removeToken","line":303,"loc":{"start":{"line":303,"column":2},"end":{"line":305,"column":3}}},"36":{"name":"defineOracles","line":313,"loc":{"start":{"line":313,"column":2},"end":{"line":318,"column":3}}},"37":{"name":"defineAuditSelector","line":332,"loc":{"start":{"line":332,"column":2},"end":{"line":337,"column":3}}}},"statementMap":{"1":{"start":{"line":26,"column":4},"end":{"line":26,"column":16}},"2":{"start":{"line":27,"column":4},"end":{"line":27,"column":25}},"3":{"start":{"line":31,"column":4},"end":{"line":31,"column":16}},"4":{"start":{"line":37,"column":4},"end":{"line":37,"column":60}},"5":{"start":{"line":46,"column":4},"end":{"line":46,"column":64}},"6":{"start":{"line":47,"column":4},"end":{"line":47,"column":58}},"7":{"start":{"line":48,"column":4},"end":{"line":48,"column":1201}},"8":{"start":{"line":49,"column":6},"end":{"line":49,"column":55}},"9":{"start":{"line":51,"column":4},"end":{"line":51,"column":19}},"10":{"start":{"line":64,"column":4},"end":{"line":64,"column":64}},"11":{"start":{"line":65,"column":4},"end":{"line":65,"column":30}},"12":{"start":{"line":66,"column":4},"end":{"line":66,"column":46}},"13":{"start":{"line":67,"column":4},"end":{"line":67,"column":42}},"14":{"start":{"line":68,"column":4},"end":{"line":68,"column":40}},"15":{"start":{"line":69,"column":4},"end":{"line":69,"column":48}},"16":{"start":{"line":70,"column":4},"end":{"line":70,"column":46}},"17":{"start":{"line":84,"column":4},"end":{"line":84,"column":71}},"18":{"start":{"line":85,"column":4},"end":{"line":85,"column":30}},"19":{"start":{"line":86,"column":4},"end":{"line":86,"column":46}},"20":{"start":{"line":87,"column":4},"end":{"line":87,"column":42}},"21":{"start":{"line":88,"column":4},"end":{"line":88,"column":40}},"22":{"start":{"line":89,"column":4},"end":{"line":89,"column":48}},"23":{"start":{"line":90,"column":4},"end":{"line":90,"column":46}},"24":{"start":{"line":104,"column":4},"end":{"line":104,"column":74}},"25":{"start":{"line":105,"column":4},"end":{"line":105,"column":30}},"26":{"start":{"line":106,"column":4},"end":{"line":106,"column":46}},"27":{"start":{"line":107,"column":4},"end":{"line":107,"column":42}},"28":{"start":{"line":108,"column":4},"end":{"line":108,"column":40}},"29":{"start":{"line":109,"column":4},"end":{"line":109,"column":48}},"30":{"start":{"line":110,"column":4},"end":{"line":110,"column":46}},"31":{"start":{"line":115,"column":4},"end":{"line":115,"column":35}},"32":{"start":{"line":119,"column":4},"end":{"line":119,"column":37}},"33":{"start":{"line":123,"column":4},"end":{"line":123,"column":39}},"34":{"start":{"line":127,"column":4},"end":{"line":127,"column":42}},"35":{"start":{"line":131,"column":4},"end":{"line":131,"column":47}},"36":{"start":{"line":137,"column":4},"end":{"line":137,"column":56}},"37":{"start":{"line":143,"column":4},"end":{"line":143,"column":35}},"38":{"start":{"line":149,"column":4},"end":{"line":149,"column":35}},"39":{"start":{"line":155,"column":4},"end":{"line":155,"column":35}},"40":{"start":{"line":161,"column":4},"end":{"line":161,"column":35}},"41":{"start":{"line":167,"column":4},"end":{"line":167,"column":35}},"42":{"start":{"line":173,"column":4},"end":{"line":173,"column":42}},"43":{"start":{"line":186,"column":4},"end":{"line":186,"column":49}},"44":{"start":{"line":188,"column":4},"end":{"line":188,"column":46}},"45":{"start":{"line":189,"column":4},"end":{"line":189,"column":42}},"46":{"start":{"line":190,"column":4},"end":{"line":190,"column":46}},"47":{"start":{"line":191,"column":4},"end":{"line":191,"column":42}},"48":{"start":{"line":192,"column":4},"end":{"line":192,"column":58}},"49":{"start":{"line":193,"column":4},"end":{"line":193,"column":51}},"50":{"start":{"line":194,"column":4},"end":{"line":194,"column":26}},"51":{"start":{"line":195,"column":4},"end":{"line":195,"column":36}},"52":{"start":{"line":201,"column":4},"end":{"line":201,"column":60}},"53":{"start":{"line":202,"column":4},"end":{"line":202,"column":5758}},"54":{"start":{"line":203,"column":6},"end":{"line":203,"column":44}},"55":{"start":{"line":204,"column":6},"end":{"line":204,"column":55}},"56":{"start":{"line":206,"column":4},"end":{"line":206,"column":45}},"57":{"start":{"line":213,"column":4},"end":{"line":213,"column":31}},"58":{"start":{"line":219,"column":4},"end":{"line":219,"column":31}},"59":{"start":{"line":225,"column":4},"end":{"line":225,"column":31}},"60":{"start":{"line":231,"column":4},"end":{"line":231,"column":31}},"61":{"start":{"line":237,"column":4},"end":{"line":237,"column":31}},"62":{"start":{"line":243,"column":4},"end":{"line":243,"column":31}},"63":{"start":{"line":249,"column":4},"end":{"line":249,"column":31}},"64":{"start":{"line":257,"column":4},"end":{"line":257,"column":31}},"65":{"start":{"line":263,"column":4},"end":{"line":263,"column":31}},"66":{"start":{"line":269,"column":4},"end":{"line":269,"column":31}},"67":{"start":{"line":275,"column":4},"end":{"line":275,"column":31}},"68":{"start":{"line":281,"column":4},"end":{"line":281,"column":31}},"69":{"start":{"line":293,"column":4},"end":{"line":293,"column":35}},"70":{"start":{"line":294,"column":4},"end":{"line":294,"column":49}},"71":{"start":{"line":295,"column":4},"end":{"line":295,"column":25}},"72":{"start":{"line":296,"column":4},"end":{"line":296,"column":29}},"73":{"start":{"line":297,"column":4},"end":{"line":297,"column":33}},"74":{"start":{"line":299,"column":4},"end":{"line":299,"column":69}},"75":{"start":{"line":300,"column":4},"end":{"line":300,"column":15}},"76":{"start":{"line":306,"column":4},"end":{"line":306,"column":22}},"77":{"start":{"line":309,"column":4},"end":{"line":309,"column":29}},"78":{"start":{"line":310,"column":4},"end":{"line":310,"column":15}},"79":{"start":{"line":319,"column":4},"end":{"line":319,"column":8572}},"80":{"start":{"line":321,"column":6},"end":{"line":321,"column":58}},"81":{"start":{"line":323,"column":6},"end":{"line":323,"column":40}},"82":{"start":{"line":325,"column":4},"end":{"line":325,"column":31}},"83":{"start":{"line":326,"column":4},"end":{"line":326,"column":33}},"84":{"start":{"line":327,"column":4},"end":{"line":327,"column":23}},"85":{"start":{"line":329,"column":4},"end":{"line":329,"column":72}},"86":{"start":{"line":338,"column":4},"end":{"line":338,"column":64}},"87":{"start":{"line":339,"column":4},"end":{"line":339,"column":9215}},"88":{"start":{"line":340,"column":6},"end":{"line":340,"column":70}},"89":{"start":{"line":343,"column":4},"end":{"line":343,"column":84}},"90":{"start":{"line":344,"column":4},"end":{"line":344,"column":15}}},"branchMap":{"1":{"line":202,"type":"if","locations":[{"start":{"line":202,"column":4},"end":{"line":202,"column":4}},{"start":{"line":202,"column":4},"end":{"line":202,"column":4}}]},"2":{"line":319,"type":"if","locations":[{"start":{"line":319,"column":4},"end":{"line":319,"column":4}},{"start":{"line":319,"column":4},"end":{"line":319,"column":4}}]},"3":{"line":321,"type":"if","locations":[{"start":{"line":321,"column":6},"end":{"line":321,"column":6}},{"start":{"line":321,"column":6},"end":{"line":321,"column":6}}]}}},"contracts/TokenDelegate.sol":{"l":{},"path":"/home/node/project/c-layer-core/contracts/TokenDelegate.sol","s":{},"b":{},"f":{},"fnMap":{},"statementMap":{},"branchMap":{}},"contracts/TokenProxy.sol":{"l":{"19":2,"23":2,"27":2,"31":11,"35":36,"41":15,"46":64,"52":32,"58":75,"64":2,"70":4,"76":11,"82":121,"83":121,"89":81,"90":81},"path":"/home/node/project/c-layer-core/contracts/TokenProxy.sol","s":{"1":2,"2":2,"3":2,"4":11,"5":36,"6":15,"7":64,"8":32,"9":75,"10":2,"11":4,"12":11,"13":121,"14":121,"15":81,"16":81},"b":{},"f":{"1":188,"2":2,"3":2,"4":2,"5":11,"6":36,"7":15,"8":64,"9":32,"10":75,"11":2,"12":4,"13":11,"14":121,"15":81},"fnMap":{"1":{"name":"constructor","line":16,"loc":{"start":{"line":16,"column":2},"end":{"line":16,"column":56}}},"2":{"name":"name","line":18,"loc":{"start":{"line":18,"column":2},"end":{"line":18,"column":53}}},"3":{"name":"symbol","line":22,"loc":{"start":{"line":22,"column":2},"end":{"line":22,"column":55}}},"4":{"name":"decimals","line":26,"loc":{"start":{"line":26,"column":2},"end":{"line":26,"column":51}}},"5":{"name":"totalSupply","line":30,"loc":{"start":{"line":30,"column":2},"end":{"line":30,"column":54}}},"6":{"name":"balanceOf","line":34,"loc":{"start":{"line":34,"column":2},"end":{"line":34,"column":66}}},"7":{"name":"allowance","line":38,"loc":{"start":{"line":38,"column":2},"end":{"line":40,"column":3}}},"8":{"name":"transfer","line":44,"loc":{"start":{"line":44,"column":2},"end":{"line":45,"column":3}}},"9":{"name":"transferFrom","line":49,"loc":{"start":{"line":49,"column":2},"end":{"line":51,"column":3}}},"10":{"name":"approve","line":55,"loc":{"start":{"line":55,"column":2},"end":{"line":57,"column":3}}},"11":{"name":"increaseApproval","line":61,"loc":{"start":{"line":61,"column":2},"end":{"line":63,"column":3}}},"12":{"name":"decreaseApproval","line":67,"loc":{"start":{"line":67,"column":2},"end":{"line":69,"column":3}}},"13":{"name":"canTransfer","line":73,"loc":{"start":{"line":73,"column":2},"end":{"line":75,"column":3}}},"14":{"name":"emitTransfer","line":79,"loc":{"start":{"line":79,"column":2},"end":{"line":81,"column":3}}},"15":{"name":"emitApproval","line":86,"loc":{"start":{"line":86,"column":2},"end":{"line":88,"column":3}}}},"statementMap":{"1":{"start":{"line":19,"column":4},"end":{"line":19,"column":38}},"2":{"start":{"line":23,"column":4},"end":{"line":23,"column":40}},"3":{"start":{"line":27,"column":4},"end":{"line":27,"column":42}},"4":{"start":{"line":31,"column":4},"end":{"line":31,"column":45}},"5":{"start":{"line":35,"column":4},"end":{"line":35,"column":49}},"6":{"start":{"line":41,"column":4},"end":{"line":41,"column":59}},"7":{"start":{"line":46,"column":4},"end":{"line":46,"column":60}},"8":{"start":{"line":52,"column":4},"end":{"line":52,"column":71}},"9":{"start":{"line":58,"column":4},"end":{"line":58,"column":64}},"10":{"start":{"line":64,"column":4},"end":{"line":64,"column":78}},"11":{"start":{"line":70,"column":4},"end":{"line":70,"column":83}},"12":{"start":{"line":76,"column":4},"end":{"line":76,"column":58}},"13":{"start":{"line":82,"column":4},"end":{"line":82,"column":37}},"14":{"start":{"line":83,"column":4},"end":{"line":83,"column":15}},"15":{"start":{"line":89,"column":4},"end":{"line":89,"column":43}},"16":{"start":{"line":90,"column":4},"end":{"line":90,"column":15}}},"branchMap":{}},"contracts/TokenStorage.sol":{"l":{"98":202},"path":"/home/node/project/c-layer-core/contracts/TokenStorage.sol","s":{"1":202},"b":{},"f":{"1":202},"fnMap":{"1":{"name":"currentTime","line":96,"loc":{"start":{"line":96,"column":2},"end":{"line":96,"column":55}}}},"statementMap":{"1":{"start":{"line":98,"column":4},"end":{"line":98,"column":22}}},"branchMap":{}}}