TN:
SF:/home/node/project/c-layer-oracle/contracts/interface/IERC20.sol
FNF:0
FNH:0
LF:0
LH:0
BRF:0
BRH:0
end_of_record
TN:
SF:/home/node/project/c-layer-oracle/contracts/interface/IRatesProvider.sol
FNF:0
FNH:0
LF:0
LH:0
BRF:0
BRH:0
end_of_record
TN:
SF:/home/node/project/c-layer-oracle/contracts/interface/ITokensale.sol
FNF:0
FNH:0
LF:0
LH:0
BRF:0
BRH:0
end_of_record
TN:
SF:/home/node/project/c-layer-oracle/contracts/interface/IUserRegistry.sol
FNF:0
FNH:0
LF:0
LH:0
BRF:0
BRH:0
end_of_record
TN:
SF:/home/node/project/c-layer-oracle/contracts/RatesProvider.sol
FN:43,constructor
FN:53,defineRatesExternal
FN:72,name
FN:79,rate
FN:86,currencies
FN:95,rates
FN:102,convert
FN:121,defineCurrencies
FN:158,defineRates
FN:177,ratePrivate
FNF:10
FNH:10
FNDA:31,constructor
FNDA:3,defineRatesExternal
FNDA:1,name
FNDA:3,rate
FNDA:2,currencies
FNDA:3,rates
FNDA:32,convert
FNDA:22,defineCurrencies
FNDA:47,defineRates
FNDA:31,ratePrivate
DA:44,31
DA:45,31
DA:46,341
DA:56,3
DA:59,3
DA:60,3
DA:61,27
DA:62,3
DA:63,3
DA:66,1
DA:73,1
DA:80,3
DA:89,2
DA:96,3
DA:105,32
DA:106,6
DA:109,26
DA:111,26
DA:114,26
DA:126,22
DA:127,20
DA:129,18
DA:130,90
DA:132,18
DA:134,18
DA:135,37
DA:136,37
DA:137,12
DA:138,12
DA:142,18
DA:143,18
DA:144,18
DA:146,18
DA:147,11
DA:148,11
DA:151,18
DA:152,18
DA:161,47
DA:164,45
DA:165,45
DA:166,97
DA:167,65
DA:168,65
DA:171,45
DA:178,31
DA:179,1
DA:182,30
DA:183,30
LF:48
LH:48
BRDA:56,1,0,3
BRDA:56,1,1,0
BRDA:61,2,0,3
BRDA:61,2,1,22
BRDA:105,3,0,6
BRDA:105,3,1,26
BRDA:126,4,0,20
BRDA:126,4,1,2
BRDA:127,5,0,18
BRDA:127,5,1,2
BRDA:136,6,0,12
BRDA:136,6,1,25
BRDA:146,7,0,11
BRDA:146,7,1,7
BRDA:161,8,0,45
BRDA:161,8,1,2
BRDA:166,9,0,65
BRDA:166,9,1,32
BRDA:178,10,0,1
BRDA:178,10,1,30
BRF:20
BRH:19
end_of_record
TN:
SF:/home/node/project/c-layer-oracle/contracts/Tokensale.sol
FN:21,constructor
FNF:1
FNH:1
FNDA:14,constructor
DA:37,14
DA:38,14
DA:39,14
DA:40,14
DA:42,14
DA:43,14
LF:6
LH:6
BRF:0
BRH:0
end_of_record
TN:
SF:/home/node/project/c-layer-oracle/contracts/tokensale/BaseTokensale.sol
FN:50,constructor
FN:67,
FN:73,investETH
FN:84,token
FN:91,vaultETH
FN:98,vaultERC20
FN:105,tokenPrice
FN:112,priceUnit
FN:119,totalRaised
FN:126,totalTokensSold
FN:133,totalUnspentETH
FN:140,totalRefundedETH
FN:147,availableSupply
FN:154,investorUnspentETH
FN:160,investorInvested
FN:166,investorTokens
FN:173,tokenInvestment
FN:185,refundManyUnspentETH
FN:197,refundUnspentETH
FN:205,withdrawAllETHFunds
FN:213,fundETH
FN:220,investorInternal
FN:229,evalUnspentETHInternal
FN:239,evalInvestmentInternal
FN:249,distributeTokensInternal
FN:258,refundUnspentETHInternal
FN:276,withdrawETHInternal
FN:286,investInternal
FNF:28
FNH:27
FNDA:133,constructor
FNDA:3,
FNDA:90,investETH
FNDA:6,token
FNDA:6,vaultETH
FNDA:6,vaultERC20
FNDA:6,tokenPrice
FNDA:0,priceUnit
FNDA:4,totalRaised
FNDA:2,totalTokensSold
FNDA:7,totalUnspentETH
FNDA:4,totalRefundedETH
FNDA:124,availableSupply
FNDA:16,investorUnspentETH
FNDA:16,investorInvested
FNDA:16,investorTokens
FNDA:121,tokenInvestment
FNDA:5,refundManyUnspentETH
FNDA:25,refundUnspentETH
FNDA:1,withdrawAllETHFunds
FNDA:1,fundETH
FNDA:273,investorInternal
FNDA:100,evalUnspentETHInternal
FNDA:115,evalInvestmentInternal
FNDA:115,distributeTokensInternal
FNDA:30,refundUnspentETHInternal
FNDA:101,withdrawETHInternal
FNDA:118,investInternal
DA:57,133
DA:58,133
DA:59,133
DA:60,133
DA:68,3
DA:69,2
DA:75,90
DA:76,90
DA:78,90
DA:85,6
DA:92,6
DA:99,6
DA:106,6
DA:113,0
DA:120,4
DA:127,2
DA:134,7
DA:141,4
DA:148,124
DA:149,124
DA:150,124
DA:157,16
DA:163,16
DA:167,16
DA:176,121
DA:177,121
DA:179,121
DA:188,5
DA:189,5
DA:191,1
DA:198,25
DA:199,25
DA:206,1
DA:207,1
DA:214,1
DA:223,273
DA:233,100
DA:242,115
DA:243,115
DA:250,115
DA:259,30
DA:260,30
DA:262,26
DA:263,26
DA:264,26
DA:265,26
DA:269,26
DA:270,26
DA:279,101
DA:280,101
DA:289,118
DA:291,115
DA:292,115
DA:293,115
DA:295,115
DA:296,115
DA:297,115
DA:298,100
DA:302,115
DA:303,115
DA:304,115
DA:305,115
DA:307,115
DA:308,115
DA:310,115
DA:313,115
DA:315,115
DA:316,115
DA:317,115
DA:318,100
LF:70
LH:69
BRDA:68,1,0,2
BRDA:68,1,1,1
BRDA:250,2,0,115
BRDA:250,2,1,0
BRDA:260,3,0,26
BRDA:260,3,1,4
BRDA:289,4,0,115
BRDA:289,4,1,3
BRDA:293,5,0,115
BRDA:293,5,1,0
BRDA:297,6,0,100
BRDA:297,6,1,15
BRDA:317,7,0,100
BRDA:317,7,1,15
BRF:14
BRH:12
end_of_record
TN:
SF:/home/node/project/c-layer-oracle/contracts/tokensale/BonusTokensale.sol
FN:29,constructor
FN:41,bonusMode
FN:48,bonusUntil
FN:55,bonuses
FN:62,earlyBonus
FN:74,firstBonus
FN:86,defineBonus
FN:102,currentBonus
FN:112,evalInvestmentInternal
FN:123,tokenBonusInternal
FNF:10
FNH:10
FNDA:31,constructor
FNDA:2,bonusMode
FNDA:2,bonusUntil
FNDA:1,bonuses
FNDA:14,earlyBonus
FNDA:2,firstBonus
FNDA:20,defineBonus
FNDA:13,currentBonus
FNDA:13,evalInvestmentInternal
FNDA:13,tokenBonusInternal
DA:42,2
DA:49,2
DA:56,1
DA:63,14
DA:64,13
DA:65,13
DA:66,13
DA:68,1
DA:75,2
DA:76,1
DA:77,1
DA:78,1
DA:80,1
DA:89,20
DA:90,20
DA:92,20
DA:93,20
DA:94,20
DA:96,20
DA:103,13
DA:104,1
DA:106,12
DA:115,13
DA:116,13
DA:117,13
DA:126,13
LF:26
LH:26
BRDA:63,1,0,13
BRDA:63,1,1,1
BRDA:75,2,0,1
BRDA:75,2,1,1
BRDA:89,3,0,20
BRDA:89,3,1,0
BRDA:90,4,0,20
BRDA:90,4,1,0
BRDA:103,5,0,1
BRDA:103,5,1,12
BRF:10
BRH:8
end_of_record
TN:
SF:/home/node/project/c-layer-oracle/contracts/tokensale/ChangeTokensale.sol
FN:25,investETH
FN:42,baseCurrency
FN:49,ratesProvider
FN:56,totalRaisedETH
FN:63,totalReceivedETH
FN:70,addOffchainInvestment
FN:81,evalUnspentETHInternal
FNF:7
FNH:7
FNDA:15,investETH
FNDA:3,baseCurrency
FNDA:2,ratesProvider
FNDA:3,totalRaisedETH
FNDA:1,totalReceivedETH
FNDA:17,addOffchainInvestment
FNDA:11,evalUnspentETHInternal
DA:27,15
DA:28,13
DA:30,13
DA:31,13
DA:32,13
DA:34,13
DA:36,11
DA:43,3
DA:50,2
DA:57,3
DA:64,1
DA:73,17
DA:75,15
DA:85,11
DA:87,11
LF:15
LH:15
BRDA:27,1,0,13
BRDA:27,1,1,2
BRDA:34,2,0,11
BRDA:34,2,1,2
BRF:4
BRH:4
end_of_record
TN:
SF:/home/node/project/c-layer-oracle/contracts/tokensale/SchedulableTokensale.sol
FN:31,beforeSaleIsOpened
FN:39,saleIsOpened
FN:51,beforeSaleIsClosed
FN:59,afterSaleIsClosed
FN:67,constructor
FN:79,schedule
FN:86,isClosed
FN:93,updateSchedule
FN:105,closeEarly
FN:113,investInternal
FN:123,currentTime
FNF:11
FNH:10
FNDA:54,beforeSaleIsOpened
FNDA:14,saleIsOpened
FNDA:6,beforeSaleIsClosed
FNDA:0,afterSaleIsClosed
FNDA:46,constructor
FNDA:2,schedule
FNDA:3,isClosed
FNDA:32,updateSchedule
FNDA:4,closeEarly
FNDA:14,investInternal
FNDA:104,currentTime
DA:32,54
DA:33,52
DA:40,14
DA:45,14
DA:52,6
DA:53,4
DA:60,0
DA:61,0
DA:80,2
DA:87,3
DA:96,32
DA:97,32
DA:98,32
DA:99,32
DA:108,4
DA:109,4
DA:116,14
DA:125,104
LF:18
LH:16
BRDA:32,1,0,52
BRDA:32,1,1,2
BRDA:40,2,0,14
BRDA:40,2,1,0
BRDA:52,3,0,4
BRDA:52,3,1,2
BRDA:60,4,0,0
BRDA:60,4,1,0
BRDA:96,5,0,32
BRDA:96,5,1,0
BRF:10
BRH:6
end_of_record
TN:
SF:/home/node/project/c-layer-oracle/contracts/tokensale/UserTokensale.sol
FN:34,userRegistry
FN:38,registredInvestorUnspentETH
FN:44,registredInvestorInvested
FN:50,registredInvestorTokens
FN:56,investorCount
FN:65,contributionLimit
FN:78,tokenInvestment
FN:89,investorInternal
FNF:8
FNH:8
FNDA:2,userRegistry
FNDA:1,registredInvestorUnspentETH
FNDA:1,registredInvestorInvested
FNDA:1,registredInvestorTokens
FNDA:1,investorCount
FNDA:15,contributionLimit
FNDA:14,tokenInvestment
FNDA:23,investorInternal
DA:35,2
DA:41,1
DA:47,1
DA:53,1
DA:59,1
DA:68,15
DA:69,15
DA:70,15
DA:72,15
DA:81,14
DA:82,14
DA:83,14
DA:92,23
LF:13
LH:13
BRF:0
BRH:0
end_of_record
TN:
SF:/home/node/project/c-layer-oracle/contracts/UserRegistry.sol
FN:44,constructor
FN:60,registerManyUsersExternal
FN:72,registerManyUsersFullExternal
FN:88,attachManyAddressesExternal
FN:103,detachManyAddressesExternal
FN:115,suspendManyUsersExternal
FN:127,restoreManyUsersExternal
FN:139,updateManyUsersExternal
FN:153,updateManyUsersExtendedExternal
FN:166,updateManyUsersAllExtendedExternal
FN:180,updateManyUsersFullExternal
FN:197,name
FN:204,currency
FN:211,userCount
FN:218,userId
FN:225,validUserId
FN:236,validUser
FN:251,validity
FN:259,extendedKeys
FN:266,extended
FN:275,manyExtended
FN:287,isAddressValid
FN:294,isValid
FN:301,defineExtendedKeys
FN:312,registerUser
FN:322,registerUserFull
FN:336,attachAddress
FN:350,detachAddress
FN:360,detachSelf
FN:368,detachSelfAddress
FN:381,suspendUser
FN:394,restoreUser
FN:407,updateUser
FN:432,updateUserExtended
FN:444,updateUserAllExtended
FN:456,updateUserFull
FN:471,registerUserPrivate
FN:484,updateUserExtendedPrivate
FN:497,detachAddressPrivate
FN:507,isValidPrivate
FNF:40
FNH:40
FNDA:79,constructor
FNDA:1,registerManyUsersExternal
FNDA:1,registerManyUsersFullExternal
FNDA:45,attachManyAddressesExternal
FNDA:1,detachManyAddressesExternal
FNDA:5,suspendManyUsersExternal
FNDA:3,restoreManyUsersExternal
FNDA:3,updateManyUsersExternal
FNDA:3,updateManyUsersExtendedExternal
FNDA:1,updateManyUsersAllExtendedExternal
FNDA:1,updateManyUsersFullExternal
FNDA:1,name
FNDA:1,currency
FNDA:7,userCount
FNDA:36,userId
FNDA:20,validUserId
FNDA:5,validUser
FNDA:18,validity
FNDA:1,extendedKeys
FNDA:46,extended
FNDA:4,manyExtended
FNDA:4,isAddressValid
FNDA:3,isValid
FNDA:1,defineExtendedKeys
FNDA:3,registerUser
FNDA:1,registerUserFull
FNDA:131,attachAddress
FNDA:3,detachAddress
FNDA:3,detachSelf
FNDA:3,detachSelfAddress
FNDA:14,suspendUser
FNDA:9,restoreUser
FNDA:53,updateUser
FNDA:19,updateUserExtended
FNDA:3,updateUserAllExtended
FNDA:3,updateUserFull
FNDA:192,registerUserPrivate
FNDA:11,updateUserExtendedPrivate
FNDA:10,detachAddressPrivate
FNDA:32,isValidPrivate
DA:50,79
DA:51,79
DA:52,79
DA:53,184
DA:63,1
DA:64,2
DA:66,1
DA:77,1
DA:78,1
DA:79,2
DA:80,2
DA:82,1
DA:93,45
DA:94,43
DA:95,84
DA:97,41
DA:106,1
DA:107,3
DA:109,1
DA:118,5
DA:119,8
DA:121,3
DA:130,3
DA:131,4
DA:133,1
DA:144,3
DA:145,4
DA:147,1
DA:157,3
DA:158,4
DA:160,1
DA:170,1
DA:171,1
DA:172,2
DA:174,1
DA:186,1
DA:187,1
DA:188,2
DA:189,2
DA:191,1
DA:198,1
DA:205,1
DA:212,7
DA:219,36
DA:226,20
DA:227,20
DA:228,20
DA:230,0
DA:237,5
DA:238,5
DA:239,5
DA:240,5
DA:241,8
DA:243,5
DA:245,0
DA:252,18
DA:253,18
DA:260,1
DA:269,46
DA:278,4
DA:279,4
DA:280,8
DA:288,4
DA:295,3
DA:304,1
DA:305,1
DA:306,1
DA:315,3
DA:316,1
DA:327,1
DA:328,1
DA:329,1
DA:330,1
DA:339,131
DA:340,127
DA:341,123
DA:343,123
DA:344,123
DA:353,3
DA:354,1
DA:361,3
DA:362,1
DA:371,3
DA:374,1
DA:375,1
DA:384,14
DA:385,10
DA:386,8
DA:387,8
DA:388,8
DA:397,9
DA:398,5
DA:399,3
DA:400,3
DA:401,3
DA:412,53
DA:413,47
DA:414,44
DA:415,44
DA:418,47
DA:419,5
DA:420,5
DA:421,5
DA:423,0
DA:426,47
DA:435,19
DA:436,15
DA:437,15
DA:438,15
DA:448,3
DA:449,3
DA:450,1
DA:462,3
DA:463,3
DA:464,1
DA:465,1
DA:474,192
DA:475,190
DA:476,190
DA:478,190
DA:487,11
DA:488,9
DA:489,18
DA:491,9
DA:498,10
DA:499,10
DA:500,6
DA:501,6
DA:509,32
LF:129
LH:126
BRDA:77,1,0,1
BRDA:77,1,1,0
BRDA:93,2,0,43
BRDA:93,2,1,2
BRDA:170,3,0,1
BRDA:170,3,1,0
BRDA:186,4,0,1
BRDA:186,4,1,0
BRDA:227,5,0,20
BRDA:227,5,1,0
BRDA:238,6,0,5
BRDA:238,6,1,0
BRDA:327,7,0,1
BRDA:327,7,1,0
BRDA:339,8,0,127
BRDA:339,8,1,4
BRDA:340,9,0,123
BRDA:340,9,1,4
BRDA:371,10,0,1
BRDA:371,10,1,2
BRDA:384,11,0,10
BRDA:384,11,1,4
BRDA:385,12,0,8
BRDA:385,12,1,2
BRDA:397,13,0,5
BRDA:397,13,1,4
BRDA:398,14,0,3
BRDA:398,14,1,2
BRDA:412,15,0,47
BRDA:412,15,1,6
BRDA:413,16,0,44
BRDA:413,16,1,3
BRDA:418,17,0,5
BRDA:418,17,1,42
BRDA:420,18,0,5
BRDA:420,18,1,0
BRDA:435,19,0,15
BRDA:435,19,1,4
BRDA:448,20,0,3
BRDA:448,20,1,0
BRDA:462,21,0,3
BRDA:462,21,1,0
BRDA:474,22,0,190
BRDA:474,22,1,2
BRDA:487,23,0,9
BRDA:487,23,1,2
BRDA:499,24,0,6
BRDA:499,24,1,4
BRF:48
BRH:39
end_of_record
