{"contracts/interface/IERC20.sol":{"l":{},"path":"/home/node/project/c-layer-oracle/contracts/interface/IERC20.sol","s":{},"b":{},"f":{},"fnMap":{},"statementMap":{},"branchMap":{}},"contracts/interface/IRatesProvider.sol":{"l":{},"path":"/home/node/project/c-layer-oracle/contracts/interface/IRatesProvider.sol","s":{},"b":{},"f":{},"fnMap":{},"statementMap":{},"branchMap":{}},"contracts/interface/ITokensale.sol":{"l":{},"path":"/home/node/project/c-layer-oracle/contracts/interface/ITokensale.sol","s":{},"b":{},"f":{},"fnMap":{},"statementMap":{},"branchMap":{}},"contracts/interface/IUserRegistry.sol":{"l":{},"path":"/home/node/project/c-layer-oracle/contracts/interface/IUserRegistry.sol","s":{},"b":{},"f":{},"fnMap":{},"statementMap":{},"branchMap":{}},"contracts/RatesProvider.sol":{"l":{"44":31,"45":31,"46":341,"56":3,"59":3,"60":3,"61":27,"62":3,"63":3,"66":1,"73":1,"80":3,"89":2,"96":3,"105":32,"106":6,"109":26,"111":26,"114":26,"126":22,"127":20,"129":18,"130":90,"132":18,"134":18,"135":37,"136":37,"137":12,"138":12,"142":18,"143":18,"144":18,"146":18,"147":11,"148":11,"151":18,"152":18,"161":47,"164":45,"165":45,"166":97,"167":65,"168":65,"171":45,"178":31,"179":1,"182":30,"183":30},"path":"/home/node/project/c-layer-oracle/contracts/RatesProvider.sol","s":{"1":31,"2":31,"3":341,"4":3,"5":3,"6":3,"7":27,"8":3,"9":3,"10":1,"11":1,"12":3,"13":2,"14":3,"15":32,"16":6,"17":26,"18":26,"19":26,"20":22,"21":20,"22":18,"23":18,"24":18,"25":37,"26":37,"27":12,"28":12,"29":18,"30":18,"31":18,"32":18,"33":11,"34":11,"35":18,"36":18,"37":47,"38":45,"39":45,"40":97,"41":65,"42":65,"43":45,"44":31,"45":1,"46":30,"47":30},"b":{"1":[3,0],"2":[3,22],"3":[6,26],"4":[20,2],"5":[18,2],"6":[12,25],"7":[11,7],"8":[45,2],"9":[65,32],"10":[1,30]},"f":{"1":31,"2":3,"3":1,"4":3,"5":2,"6":3,"7":32,"8":22,"9":47,"10":31},"fnMap":{"1":{"name":"constructor","line":43,"loc":{"start":{"line":43,"column":2},"end":{"line":43,"column":41}}},"2":{"name":"defineRatesExternal","line":53,"loc":{"start":{"line":53,"column":2},"end":{"line":55,"column":3}}},"3":{"name":"name","line":72,"loc":{"start":{"line":72,"column":2},"end":{"line":72,"column":53}}},"4":{"name":"rate","line":79,"loc":{"start":{"line":79,"column":2},"end":{"line":79,"column":64}}},"5":{"name":"currencies","line":86,"loc":{"start":{"line":86,"column":2},"end":{"line":88,"column":3}}},"6":{"name":"rates","line":95,"loc":{"start":{"line":95,"column":2},"end":{"line":95,"column":66}}},"7":{"name":"convert","line":102,"loc":{"start":{"line":102,"column":2},"end":{"line":104,"column":3}}},"8":{"name":"defineCurrencies","line":121,"loc":{"start":{"line":121,"column":2},"end":{"line":125,"column":3}}},"9":{"name":"defineRates","line":158,"loc":{"start":{"line":158,"column":2},"end":{"line":160,"column":3}}},"10":{"name":"ratePrivate","line":177,"loc":{"start":{"line":177,"column":2},"end":{"line":177,"column":72}}}},"statementMap":{"1":{"start":{"line":44,"column":4},"end":{"line":44,"column":16}},"2":{"start":{"line":45,"column":4},"end":{"line":45,"column":1440}},"3":{"start":{"line":46,"column":6},"end":{"line":46,"column":33}},"4":{"start":{"line":56,"column":4},"end":{"line":56,"column":55}},"5":{"start":{"line":59,"column":4},"end":{"line":59,"column":19}},"6":{"start":{"line":60,"column":4},"end":{"line":60,"column":1813}},"7":{"start":{"line":61,"column":6},"end":{"line":61,"column":1865}},"8":{"start":{"line":62,"column":8},"end":{"line":62,"column":28}},"9":{"start":{"line":63,"column":8},"end":{"line":63,"column":58}},"10":{"start":{"line":66,"column":4},"end":{"line":66,"column":15}},"11":{"start":{"line":73,"column":4},"end":{"line":73,"column":16}},"12":{"start":{"line":80,"column":4},"end":{"line":80,"column":33}},"13":{"start":{"line":89,"column":4},"end":{"line":89,"column":48}},"14":{"start":{"line":96,"column":4},"end":{"line":96,"column":31}},"15":{"start":{"line":105,"column":4},"end":{"line":105,"column":2805}},"16":{"start":{"line":106,"column":6},"end":{"line":106,"column":20}},"17":{"start":{"line":109,"column":4},"end":{"line":109,"column":2916}},"18":{"start":{"line":111,"column":4},"end":{"line":111,"column":3021}},"19":{"start":{"line":114,"column":4},"end":{"line":114,"column":3122}},"20":{"start":{"line":126,"column":4},"end":{"line":126,"column":58}},"21":{"start":{"line":127,"column":4},"end":{"line":127,"column":36}},"22":{"start":{"line":129,"column":4},"end":{"line":129,"column":3464}},"23":{"start":{"line":132,"column":4},"end":{"line":132,"column":39}},"24":{"start":{"line":134,"column":4},"end":{"line":134,"column":3623}},"25":{"start":{"line":135,"column":6},"end":{"line":135,"column":39}},"26":{"start":{"line":136,"column":6},"end":{"line":136,"column":3721}},"27":{"start":{"line":137,"column":8},"end":{"line":137,"column":29}},"28":{"start":{"line":138,"column":8},"end":{"line":138,"column":22}},"29":{"start":{"line":142,"column":4},"end":{"line":142,"column":17}},"30":{"start":{"line":143,"column":4},"end":{"line":143,"column":28}},"31":{"start":{"line":144,"column":4},"end":{"line":144,"column":24}},"32":{"start":{"line":146,"column":4},"end":{"line":146,"column":3905}},"33":{"start":{"line":147,"column":6},"end":{"line":147,"column":34}},"34":{"start":{"line":148,"column":6},"end":{"line":148,"column":30}},"35":{"start":{"line":151,"column":4},"end":{"line":151,"column":43}},"36":{"start":{"line":152,"column":4},"end":{"line":152,"column":15}},"37":{"start":{"line":161,"column":4},"end":{"line":161,"column":54}},"38":{"start":{"line":164,"column":4},"end":{"line":164,"column":19}},"39":{"start":{"line":165,"column":4},"end":{"line":165,"column":4348}},"40":{"start":{"line":166,"column":6},"end":{"line":166,"column":4400}},"41":{"start":{"line":167,"column":8},"end":{"line":167,"column":28}},"42":{"start":{"line":168,"column":8},"end":{"line":168,"column":58}},"43":{"start":{"line":171,"column":4},"end":{"line":171,"column":15}},"44":{"start":{"line":178,"column":4},"end":{"line":178,"column":4676}},"45":{"start":{"line":179,"column":6},"end":{"line":179,"column":14}},"46":{"start":{"line":182,"column":4},"end":{"line":182,"column":36}},"47":{"start":{"line":183,"column":4},"end":{"line":183,"column":38}}},"branchMap":{"1":{"line":56,"type":"if","locations":[{"start":{"line":56,"column":4},"end":{"line":56,"column":4}},{"start":{"line":56,"column":4},"end":{"line":56,"column":4}}]},"2":{"line":61,"type":"if","locations":[{"start":{"line":61,"column":6},"end":{"line":61,"column":6}},{"start":{"line":61,"column":6},"end":{"line":61,"column":6}}]},"3":{"line":105,"type":"if","locations":[{"start":{"line":105,"column":4},"end":{"line":105,"column":4}},{"start":{"line":105,"column":4},"end":{"line":105,"column":4}}]},"4":{"line":126,"type":"if","locations":[{"start":{"line":126,"column":4},"end":{"line":126,"column":4}},{"start":{"line":126,"column":4},"end":{"line":126,"column":4}}]},"5":{"line":127,"type":"if","locations":[{"start":{"line":127,"column":4},"end":{"line":127,"column":4}},{"start":{"line":127,"column":4},"end":{"line":127,"column":4}}]},"6":{"line":136,"type":"if","locations":[{"start":{"line":136,"column":6},"end":{"line":136,"column":6}},{"start":{"line":136,"column":6},"end":{"line":136,"column":6}}]},"7":{"line":146,"type":"if","locations":[{"start":{"line":146,"column":4},"end":{"line":146,"column":4}},{"start":{"line":146,"column":4},"end":{"line":146,"column":4}}]},"8":{"line":161,"type":"if","locations":[{"start":{"line":161,"column":4},"end":{"line":161,"column":4}},{"start":{"line":161,"column":4},"end":{"line":161,"column":4}}]},"9":{"line":166,"type":"if","locations":[{"start":{"line":166,"column":6},"end":{"line":166,"column":6}},{"start":{"line":166,"column":6},"end":{"line":166,"column":6}}]},"10":{"line":178,"type":"if","locations":[{"start":{"line":178,"column":4},"end":{"line":178,"column":4}},{"start":{"line":178,"column":4},"end":{"line":178,"column":4}}]}}},"contracts/Tokensale.sol":{"l":{"37":14,"38":14,"39":14,"40":14,"42":14,"43":14},"path":"/home/node/project/c-layer-oracle/contracts/Tokensale.sol","s":{"1":14,"2":14,"3":14,"4":14,"5":14,"6":14},"b":{},"f":{"1":14},"fnMap":{"1":{"name":"constructor","line":21,"loc":{"start":{"line":21,"column":2},"end":{"line":36,"column":3}}}},"statementMap":{"1":{"start":{"line":37,"column":4},"end":{"line":37,"column":26}},"2":{"start":{"line":38,"column":4},"end":{"line":38,"column":32}},"3":{"start":{"line":39,"column":4},"end":{"line":39,"column":32}},"4":{"start":{"line":40,"column":4},"end":{"line":40,"column":34}},"5":{"start":{"line":42,"column":4},"end":{"line":42,"column":31}},"6":{"start":{"line":43,"column":4},"end":{"line":43,"column":54}}},"branchMap":{}},"contracts/tokensale/BaseTokensale.sol":{"l":{"57":119,"58":119,"59":119,"60":119,"68":3,"69":2,"75":90,"76":90,"78":90,"85":6,"92":6,"99":6,"106":6,"113":0,"120":4,"127":2,"134":7,"141":4,"148":124,"149":124,"150":124,"157":16,"163":16,"167":16,"176":121,"177":121,"179":121,"188":5,"189":5,"191":1,"198":25,"199":25,"206":1,"207":1,"214":1,"223":273,"233":100,"242":115,"243":115,"250":115,"259":30,"260":30,"262":26,"263":26,"264":26,"265":26,"269":26,"270":26,"279":101,"280":101,"289":118,"291":115,"292":115,"293":115,"295":115,"296":115,"297":115,"298":100,"302":115,"303":115,"304":115,"305":115,"307":115,"308":115,"310":115,"313":115,"315":115,"316":115,"317":115,"318":100},"path":"/home/node/project/c-layer-oracle/contracts/tokensale/BaseTokensale.sol","s":{"1":119,"2":119,"3":119,"4":119,"5":3,"6":2,"7":90,"8":90,"9":90,"10":6,"11":6,"12":6,"13":6,"14":0,"15":4,"16":2,"17":7,"18":4,"19":124,"20":124,"21":124,"22":16,"23":16,"24":16,"25":121,"26":121,"27":121,"28":5,"29":5,"30":1,"31":25,"32":25,"33":1,"34":1,"35":1,"36":273,"37":100,"38":115,"39":115,"40":115,"41":30,"42":30,"43":26,"44":26,"45":26,"46":26,"47":26,"48":26,"49":101,"50":101,"51":118,"52":115,"53":115,"54":115,"55":115,"56":115,"57":115,"58":100,"59":115,"60":115,"61":115,"62":115,"63":115,"64":115,"65":115,"66":115,"67":115,"68":115,"69":115,"70":100},"b":{"1":[2,1],"2":[115,0],"3":[26,4],"4":[115,3],"5":[115,0],"6":[100,15],"7":[100,15]},"f":{"1":119,"2":3,"3":90,"4":6,"5":6,"6":6,"7":6,"8":0,"9":4,"10":2,"11":7,"12":4,"13":124,"14":16,"15":16,"16":16,"17":121,"18":5,"19":25,"20":1,"21":1,"22":273,"23":100,"24":115,"25":115,"26":30,"27":101,"28":118},"fnMap":{"1":{"name":"constructor","line":50,"loc":{"start":{"line":50,"column":2},"end":{"line":56,"column":3}}},"2":{"name":"","line":67,"loc":{"start":{"line":67,"column":2},"end":{"line":67,"column":30}}},"3":{"name":"investETH","line":73,"loc":{"start":{"line":73,"column":2},"end":{"line":74,"column":3}}},"4":{"name":"token","line":84,"loc":{"start":{"line":84,"column":2},"end":{"line":84,"column":47}}},"5":{"name":"vaultETH","line":91,"loc":{"start":{"line":91,"column":2},"end":{"line":91,"column":51}}},"6":{"name":"vaultERC20","line":98,"loc":{"start":{"line":98,"column":2},"end":{"line":98,"column":53}}},"7":{"name":"tokenPrice","line":105,"loc":{"start":{"line":105,"column":2},"end":{"line":105,"column":53}}},"8":{"name":"priceUnit","line":112,"loc":{"start":{"line":112,"column":2},"end":{"line":112,"column":52}}},"9":{"name":"totalRaised","line":119,"loc":{"start":{"line":119,"column":2},"end":{"line":119,"column":54}}},"10":{"name":"totalTokensSold","line":126,"loc":{"start":{"line":126,"column":2},"end":{"line":126,"column":58}}},"11":{"name":"totalUnspentETH","line":133,"loc":{"start":{"line":133,"column":2},"end":{"line":133,"column":58}}},"12":{"name":"totalRefundedETH","line":140,"loc":{"start":{"line":140,"column":2},"end":{"line":140,"column":59}}},"13":{"name":"availableSupply","line":147,"loc":{"start":{"line":147,"column":2},"end":{"line":147,"column":58}}},"14":{"name":"investorUnspentETH","line":154,"loc":{"start":{"line":154,"column":2},"end":{"line":156,"column":3}}},"15":{"name":"investorInvested","line":160,"loc":{"start":{"line":160,"column":2},"end":{"line":162,"column":3}}},"16":{"name":"investorTokens","line":166,"loc":{"start":{"line":166,"column":2},"end":{"line":166,"column":74}}},"17":{"name":"tokenInvestment","line":173,"loc":{"start":{"line":173,"column":2},"end":{"line":175,"column":3}}},"18":{"name":"refundManyUnspentETH","line":185,"loc":{"start":{"line":185,"column":2},"end":{"line":187,"column":3}}},"19":{"name":"refundUnspentETH","line":197,"loc":{"start":{"line":197,"column":2},"end":{"line":197,"column":51}}},"20":{"name":"withdrawAllETHFunds","line":205,"loc":{"start":{"line":205,"column":2},"end":{"line":205,"column":67}}},"21":{"name":"fundETH","line":213,"loc":{"start":{"line":213,"column":2},"end":{"line":213,"column":48}}},"22":{"name":"investorInternal","line":220,"loc":{"start":{"line":220,"column":2},"end":{"line":222,"column":3}}},"23":{"name":"evalUnspentETHInternal","line":229,"loc":{"start":{"line":229,"column":2},"end":{"line":232,"column":3}}},"24":{"name":"evalInvestmentInternal","line":239,"loc":{"start":{"line":239,"column":2},"end":{"line":241,"column":3}}},"25":{"name":"distributeTokensInternal","line":249,"loc":{"start":{"line":249,"column":2},"end":{"line":249,"column":80}}},"26":{"name":"refundUnspentETHInternal","line":258,"loc":{"start":{"line":258,"column":2},"end":{"line":258,"column":71}}},"27":{"name":"withdrawETHInternal","line":276,"loc":{"start":{"line":276,"column":2},"end":{"line":276,"column":56}}},"28":{"name":"investInternal","line":286,"loc":{"start":{"line":286,"column":2},"end":{"line":288,"column":3}}}},"statementMap":{"1":{"start":{"line":57,"column":4},"end":{"line":57,"column":18}},"2":{"start":{"line":58,"column":4},"end":{"line":58,"column":28}},"3":{"start":{"line":59,"column":4},"end":{"line":59,"column":24}},"4":{"start":{"line":60,"column":4},"end":{"line":60,"column":28}},"5":{"start":{"line":68,"column":4},"end":{"line":68,"column":41}},"6":{"start":{"line":69,"column":4},"end":{"line":69,"column":14}},"7":{"start":{"line":75,"column":4},"end":{"line":75,"column":60}},"8":{"start":{"line":76,"column":4},"end":{"line":76,"column":58}},"9":{"start":{"line":78,"column":4},"end":{"line":78,"column":46}},"10":{"start":{"line":85,"column":4},"end":{"line":85,"column":17}},"11":{"start":{"line":92,"column":4},"end":{"line":92,"column":20}},"12":{"start":{"line":99,"column":4},"end":{"line":99,"column":22}},"13":{"start":{"line":106,"column":4},"end":{"line":106,"column":22}},"14":{"start":{"line":113,"column":4},"end":{"line":113,"column":21}},"15":{"start":{"line":120,"column":4},"end":{"line":120,"column":23}},"16":{"start":{"line":127,"column":4},"end":{"line":127,"column":27}},"17":{"start":{"line":134,"column":4},"end":{"line":134,"column":27}},"18":{"start":{"line":141,"column":4},"end":{"line":141,"column":28}},"19":{"start":{"line":148,"column":4},"end":{"line":148,"column":55}},"20":{"start":{"line":149,"column":4},"end":{"line":149,"column":68}},"21":{"start":{"line":150,"column":4},"end":{"line":150,"column":62}},"22":{"start":{"line":157,"column":4},"end":{"line":157,"column":49}},"23":{"start":{"line":163,"column":4},"end":{"line":163,"column":47}},"24":{"start":{"line":167,"column":4},"end":{"line":167,"column":45}},"25":{"start":{"line":176,"column":4},"end":{"line":176,"column":52}},"26":{"start":{"line":177,"column":4},"end":{"line":177,"column":67}},"27":{"start":{"line":179,"column":4},"end":{"line":179,"column":86}},"28":{"start":{"line":188,"column":4},"end":{"line":188,"column":4327}},"29":{"start":{"line":189,"column":6},"end":{"line":189,"column":44}},"30":{"start":{"line":191,"column":4},"end":{"line":191,"column":15}},"31":{"start":{"line":198,"column":4},"end":{"line":198,"column":39}},"32":{"start":{"line":199,"column":4},"end":{"line":199,"column":15}},"33":{"start":{"line":206,"column":4},"end":{"line":206,"column":43}},"34":{"start":{"line":207,"column":4},"end":{"line":207,"column":31}},"35":{"start":{"line":214,"column":4},"end":{"line":214,"column":27}},"36":{"start":{"line":223,"column":4},"end":{"line":223,"column":31}},"37":{"start":{"line":233,"column":4},"end":{"line":233,"column":64}},"38":{"start":{"line":242,"column":4},"end":{"line":242,"column":63}},"39":{"start":{"line":243,"column":4},"end":{"line":243,"column":30}},"40":{"start":{"line":250,"column":4},"end":{"line":250,"column":5740}},"41":{"start":{"line":259,"column":4},"end":{"line":259,"column":59}},"42":{"start":{"line":260,"column":4},"end":{"line":260,"column":44}},"43":{"start":{"line":262,"column":4},"end":{"line":262,"column":44}},"44":{"start":{"line":263,"column":4},"end":{"line":263,"column":56}},"45":{"start":{"line":264,"column":4},"end":{"line":264,"column":54}},"46":{"start":{"line":265,"column":4},"end":{"line":265,"column":26}},"47":{"start":{"line":269,"column":4},"end":{"line":269,"column":33}},"48":{"start":{"line":270,"column":4},"end":{"line":270,"column":41}},"49":{"start":{"line":279,"column":4},"end":{"line":279,"column":30}},"50":{"start":{"line":280,"column":4},"end":{"line":280,"column":29}},"51":{"start":{"line":289,"column":4},"end":{"line":289,"column":33}},"52":{"start":{"line":291,"column":4},"end":{"line":291,"column":59}},"53":{"start":{"line":292,"column":4},"end":{"line":292,"column":60}},"54":{"start":{"line":293,"column":4},"end":{"line":293,"column":36}},"55":{"start":{"line":295,"column":4},"end":{"line":295,"column":75}},"56":{"start":{"line":296,"column":4},"end":{"line":296,"column":26}},"57":{"start":{"line":297,"column":4},"end":{"line":297,"column":7166}},"58":{"start":{"line":298,"column":6},"end":{"line":298,"column":60}},"59":{"start":{"line":302,"column":4},"end":{"line":302,"column":54}},"60":{"start":{"line":303,"column":4},"end":{"line":303,"column":48}},"61":{"start":{"line":304,"column":4},"end":{"line":304,"column":44}},"62":{"start":{"line":305,"column":4},"end":{"line":305,"column":50}},"63":{"start":{"line":307,"column":4},"end":{"line":307,"column":79}},"64":{"start":{"line":308,"column":4},"end":{"line":308,"column":35}},"65":{"start":{"line":310,"column":4},"end":{"line":310,"column":48}},"66":{"start":{"line":313,"column":4},"end":{"line":313,"column":46}},"67":{"start":{"line":315,"column":4},"end":{"line":315,"column":43}},"68":{"start":{"line":316,"column":4},"end":{"line":316,"column":59}},"69":{"start":{"line":317,"column":4},"end":{"line":317,"column":7884}},"70":{"start":{"line":318,"column":6},"end":{"line":318,"column":41}}},"branchMap":{"1":{"line":68,"type":"if","locations":[{"start":{"line":68,"column":4},"end":{"line":68,"column":4}},{"start":{"line":68,"column":4},"end":{"line":68,"column":4}}]},"2":{"line":250,"type":"if","locations":[{"start":{"line":250,"column":4},"end":{"line":250,"column":4}},{"start":{"line":250,"column":4},"end":{"line":250,"column":4}}]},"3":{"line":260,"type":"if","locations":[{"start":{"line":260,"column":4},"end":{"line":260,"column":4}},{"start":{"line":260,"column":4},"end":{"line":260,"column":4}}]},"4":{"line":289,"type":"if","locations":[{"start":{"line":289,"column":4},"end":{"line":289,"column":4}},{"start":{"line":289,"column":4},"end":{"line":289,"column":4}}]},"5":{"line":293,"type":"if","locations":[{"start":{"line":293,"column":4},"end":{"line":293,"column":4}},{"start":{"line":293,"column":4},"end":{"line":293,"column":4}}]},"6":{"line":297,"type":"if","locations":[{"start":{"line":297,"column":4},"end":{"line":297,"column":4}},{"start":{"line":297,"column":4},"end":{"line":297,"column":4}}]},"7":{"line":317,"type":"if","locations":[{"start":{"line":317,"column":4},"end":{"line":317,"column":4}},{"start":{"line":317,"column":4},"end":{"line":317,"column":4}}]}}},"contracts/tokensale/BonusTokensale.sol":{"l":{"40":0,"47":0,"54":1,"61":12,"62":12,"63":12,"64":12,"66":0,"73":0,"74":0,"75":0,"76":0,"78":0,"87":16,"88":16,"90":16,"91":16,"92":16,"99":13,"100":1,"102":12,"111":13,"112":13,"113":13,"122":13},"path":"/home/node/project/c-layer-oracle/contracts/tokensale/BonusTokensale.sol","s":{"1":0,"2":0,"3":1,"4":12,"5":12,"6":12,"7":12,"8":0,"9":0,"10":0,"11":0,"12":0,"13":0,"14":16,"15":16,"16":16,"17":16,"18":16,"19":13,"20":1,"21":12,"22":13,"23":13,"24":13,"25":13},"b":{"1":[12,0],"2":[0,0],"3":[16,0],"4":[16,0],"5":[1,12]},"f":{"1":23,"2":0,"3":0,"4":1,"5":12,"6":0,"7":16,"8":13,"9":13,"10":13},"fnMap":{"1":{"name":"constructor","line":27,"loc":{"start":{"line":27,"column":2},"end":{"line":34,"column":3}}},"2":{"name":"bonusMode","line":39,"loc":{"start":{"line":39,"column":2},"end":{"line":39,"column":54}}},"3":{"name":"bonusUntil","line":46,"loc":{"start":{"line":46,"column":2},"end":{"line":46,"column":53}}},"4":{"name":"bonuses","line":53,"loc":{"start":{"line":53,"column":2},"end":{"line":53,"column":59}}},"5":{"name":"earlyBonus","line":60,"loc":{"start":{"line":60,"column":2},"end":{"line":60,"column":53}}},"6":{"name":"firstBonus","line":72,"loc":{"start":{"line":72,"column":2},"end":{"line":72,"column":53}}},"7":{"name":"defineBonus","line":84,"loc":{"start":{"line":84,"column":2},"end":{"line":86,"column":3}}},"8":{"name":"currentBonus","line":98,"loc":{"start":{"line":98,"column":2},"end":{"line":98,"column":55}}},"9":{"name":"evalInvestmentInternal","line":108,"loc":{"start":{"line":108,"column":2},"end":{"line":110,"column":3}}},"10":{"name":"tokenBonusInternal","line":119,"loc":{"start":{"line":119,"column":2},"end":{"line":121,"column":3}}}},"statementMap":{"1":{"start":{"line":40,"column":4},"end":{"line":40,"column":21}},"2":{"start":{"line":47,"column":4},"end":{"line":47,"column":22}},"3":{"start":{"line":54,"column":4},"end":{"line":54,"column":19}},"4":{"start":{"line":61,"column":4},"end":{"line":61,"column":1224}},"5":{"start":{"line":62,"column":6},"end":{"line":62,"column":63}},"6":{"start":{"line":63,"column":6},"end":{"line":63,"column":52}},"7":{"start":{"line":64,"column":6},"end":{"line":64,"column":25}},"8":{"start":{"line":66,"column":4},"end":{"line":66,"column":12}},"9":{"start":{"line":73,"column":4},"end":{"line":73,"column":1517}},"10":{"start":{"line":74,"column":6},"end":{"line":74,"column":51}},"11":{"start":{"line":75,"column":6},"end":{"line":75,"column":39}},"12":{"start":{"line":76,"column":6},"end":{"line":76,"column":25}},"13":{"start":{"line":78,"column":4},"end":{"line":78,"column":12}},"14":{"start":{"line":87,"column":4},"end":{"line":87,"column":60}},"15":{"start":{"line":88,"column":4},"end":{"line":88,"column":66}},"16":{"start":{"line":90,"column":4},"end":{"line":90,"column":22}},"17":{"start":{"line":91,"column":4},"end":{"line":91,"column":26}},"18":{"start":{"line":92,"column":4},"end":{"line":92,"column":28}},"19":{"start":{"line":99,"column":4},"end":{"line":99,"column":2205}},"20":{"start":{"line":100,"column":6},"end":{"line":100,"column":14}},"21":{"start":{"line":102,"column":4},"end":{"line":102,"column":72}},"22":{"start":{"line":111,"column":4},"end":{"line":111,"column":78}},"23":{"start":{"line":112,"column":4},"end":{"line":112,"column":46}},"24":{"start":{"line":113,"column":4},"end":{"line":113,"column":40}},"25":{"start":{"line":122,"column":4},"end":{"line":122,"column":47}}},"branchMap":{"1":{"line":61,"type":"if","locations":[{"start":{"line":61,"column":4},"end":{"line":61,"column":4}},{"start":{"line":61,"column":4},"end":{"line":61,"column":4}}]},"2":{"line":73,"type":"if","locations":[{"start":{"line":73,"column":4},"end":{"line":73,"column":4}},{"start":{"line":73,"column":4},"end":{"line":73,"column":4}}]},"3":{"line":87,"type":"if","locations":[{"start":{"line":87,"column":4},"end":{"line":87,"column":4}},{"start":{"line":87,"column":4},"end":{"line":87,"column":4}}]},"4":{"line":88,"type":"if","locations":[{"start":{"line":88,"column":4},"end":{"line":88,"column":4}},{"start":{"line":88,"column":4},"end":{"line":88,"column":4}}]},"5":{"line":99,"type":"if","locations":[{"start":{"line":99,"column":4},"end":{"line":99,"column":4}},{"start":{"line":99,"column":4},"end":{"line":99,"column":4}}]}}},"contracts/tokensale/ChangeTokensale.sol":{"l":{"27":15,"28":13,"30":13,"31":13,"32":13,"34":13,"36":11,"43":3,"50":2,"57":3,"64":1,"73":17,"75":15,"85":11,"87":11},"path":"/home/node/project/c-layer-oracle/contracts/tokensale/ChangeTokensale.sol","s":{"1":15,"2":13,"3":13,"4":13,"5":13,"6":13,"7":11,"8":3,"9":2,"10":3,"11":1,"12":17,"13":15,"14":11,"15":11},"b":{"1":[13,2],"2":[11,2]},"f":{"1":15,"2":3,"3":2,"4":3,"5":1,"6":17,"7":11},"fnMap":{"1":{"name":"investETH","line":25,"loc":{"start":{"line":25,"column":2},"end":{"line":26,"column":3}}},"2":{"name":"baseCurrency","line":42,"loc":{"start":{"line":42,"column":2},"end":{"line":42,"column":55}}},"3":{"name":"ratesProvider","line":49,"loc":{"start":{"line":49,"column":2},"end":{"line":49,"column":63}}},"4":{"name":"totalRaisedETH","line":56,"loc":{"start":{"line":56,"column":2},"end":{"line":56,"column":57}}},"5":{"name":"totalReceivedETH","line":63,"loc":{"start":{"line":63,"column":2},"end":{"line":63,"column":59}}},"6":{"name":"addOffchainInvestment","line":70,"loc":{"start":{"line":70,"column":2},"end":{"line":72,"column":3}}},"7":{"name":"evalUnspentETHInternal","line":81,"loc":{"start":{"line":81,"column":2},"end":{"line":84,"column":3}}}},"statementMap":{"1":{"start":{"line":27,"column":4},"end":{"line":27,"column":34}},"2":{"start":{"line":28,"column":4},"end":{"line":28,"column":55}},"3":{"start":{"line":30,"column":4},"end":{"line":30,"column":60}},"4":{"start":{"line":31,"column":4},"end":{"line":31,"column":58}},"5":{"start":{"line":32,"column":4},"end":{"line":32,"column":843}},"6":{"start":{"line":34,"column":4},"end":{"line":34,"column":39}},"7":{"start":{"line":36,"column":4},"end":{"line":36,"column":51}},"8":{"start":{"line":43,"column":4},"end":{"line":43,"column":24}},"9":{"start":{"line":50,"column":4},"end":{"line":50,"column":25}},"10":{"start":{"line":57,"column":4},"end":{"line":57,"column":73}},"11":{"start":{"line":64,"column":4},"end":{"line":64,"column":28}},"12":{"start":{"line":73,"column":4},"end":{"line":73,"column":44}},"13":{"start":{"line":75,"column":4},"end":{"line":75,"column":15}},"14":{"start":{"line":85,"column":4},"end":{"line":85,"column":2032}},"15":{"start":{"line":87,"column":4},"end":{"line":87,"column":63}}},"branchMap":{"1":{"line":27,"type":"if","locations":[{"start":{"line":27,"column":4},"end":{"line":27,"column":4}},{"start":{"line":27,"column":4},"end":{"line":27,"column":4}}]},"2":{"line":34,"type":"if","locations":[{"start":{"line":34,"column":4},"end":{"line":34,"column":4}},{"start":{"line":34,"column":4},"end":{"line":34,"column":4}}]}}},"contracts/tokensale/SchedulableTokensale.sol":{"l":{"29":44,"30":42,"37":14,"42":14,"49":0,"50":0,"57":0,"58":0,"77":2,"84":1,"93":26,"94":26,"95":26,"104":0,"111":14,"120":85},"path":"/home/node/project/c-layer-oracle/contracts/tokensale/SchedulableTokensale.sol","s":{"1":44,"2":14,"3":0,"4":0,"5":2,"6":1,"7":26,"8":26,"9":26,"10":0,"11":14,"12":85},"b":{"1":[42,2],"2":[14,0],"3":[0,0],"4":[0,0],"5":[26,0]},"f":{"1":44,"2":14,"3":0,"4":0,"5":32,"6":2,"7":1,"8":26,"9":0,"10":14,"11":85},"fnMap":{"1":{"name":"beforeSaleIsOpened","line":28,"loc":{"start":{"line":28,"column":2},"end":{"line":28,"column":29}}},"2":{"name":"saleIsOpened","line":36,"loc":{"start":{"line":36,"column":2},"end":{"line":36,"column":23}}},"3":{"name":"beforeSaleIsClosed","line":48,"loc":{"start":{"line":48,"column":2},"end":{"line":48,"column":29}}},"4":{"name":"afterSaleIsClosed","line":56,"loc":{"start":{"line":56,"column":2},"end":{"line":56,"column":28}}},"5":{"name":"constructor","line":64,"loc":{"start":{"line":64,"column":2},"end":{"line":71,"column":3}}},"6":{"name":"schedule","line":76,"loc":{"start":{"line":76,"column":2},"end":{"line":76,"column":60}}},"7":{"name":"isClosed","line":83,"loc":{"start":{"line":83,"column":2},"end":{"line":83,"column":48}}},"8":{"name":"updateSchedule","line":90,"loc":{"start":{"line":90,"column":2},"end":{"line":92,"column":3}}},"9":{"name":"closeEarly","line":101,"loc":{"start":{"line":101,"column":2},"end":{"line":103,"column":3}}},"10":{"name":"investInternal","line":108,"loc":{"start":{"line":108,"column":2},"end":{"line":110,"column":3}}},"11":{"name":"currentTime","line":118,"loc":{"start":{"line":118,"column":2},"end":{"line":118,"column":56}}}},"statementMap":{"1":{"start":{"line":29,"column":4},"end":{"line":29,"column":55}},"2":{"start":{"line":37,"column":4},"end":{"line":37,"column":821}},"3":{"start":{"line":49,"column":4},"end":{"line":49,"column":54}},"4":{"start":{"line":57,"column":4},"end":{"line":57,"column":31}},"5":{"start":{"line":77,"column":4},"end":{"line":77,"column":27}},"6":{"start":{"line":84,"column":4},"end":{"line":84,"column":42}},"7":{"start":{"line":93,"column":4},"end":{"line":93,"column":38}},"8":{"start":{"line":94,"column":4},"end":{"line":94,"column":21}},"9":{"start":{"line":95,"column":4},"end":{"line":95,"column":17}},"10":{"start":{"line":104,"column":4},"end":{"line":104,"column":16}},"11":{"start":{"line":111,"column":4},"end":{"line":111,"column":62}},"12":{"start":{"line":120,"column":4},"end":{"line":120,"column":14}}},"branchMap":{"1":{"line":29,"type":"if","locations":[{"start":{"line":29,"column":4},"end":{"line":29,"column":4}},{"start":{"line":29,"column":4},"end":{"line":29,"column":4}}]},"2":{"line":37,"type":"if","locations":[{"start":{"line":37,"column":4},"end":{"line":37,"column":4}},{"start":{"line":37,"column":4},"end":{"line":37,"column":4}}]},"3":{"line":49,"type":"if","locations":[{"start":{"line":49,"column":4},"end":{"line":49,"column":4}},{"start":{"line":49,"column":4},"end":{"line":49,"column":4}}]},"4":{"line":57,"type":"if","locations":[{"start":{"line":57,"column":4},"end":{"line":57,"column":4}},{"start":{"line":57,"column":4},"end":{"line":57,"column":4}}]},"5":{"line":93,"type":"if","locations":[{"start":{"line":93,"column":4},"end":{"line":93,"column":4}},{"start":{"line":93,"column":4},"end":{"line":93,"column":4}}]}}},"contracts/tokensale/UserTokensale.sol":{"l":{"35":2,"41":1,"47":1,"53":1,"59":1,"68":15,"69":15,"70":15,"72":15,"81":14,"82":14,"83":14,"92":23},"path":"/home/node/project/c-layer-oracle/contracts/tokensale/UserTokensale.sol","s":{"1":2,"2":1,"3":1,"4":1,"5":1,"6":15,"7":15,"8":15,"9":15,"10":14,"11":14,"12":14,"13":23},"b":{},"f":{"1":2,"2":1,"3":1,"4":1,"5":1,"6":15,"7":14,"8":23},"fnMap":{"1":{"name":"userRegistry","line":34,"loc":{"start":{"line":34,"column":2},"end":{"line":34,"column":61}}},"2":{"name":"registredInvestorUnspentETH","line":38,"loc":{"start":{"line":38,"column":2},"end":{"line":40,"column":3}}},"3":{"name":"registredInvestorInvested","line":44,"loc":{"start":{"line":44,"column":2},"end":{"line":46,"column":3}}},"4":{"name":"registredInvestorTokens","line":50,"loc":{"start":{"line":50,"column":2},"end":{"line":52,"column":3}}},"5":{"name":"investorCount","line":56,"loc":{"start":{"line":56,"column":2},"end":{"line":58,"column":3}}},"6":{"name":"contributionLimit","line":65,"loc":{"start":{"line":65,"column":2},"end":{"line":67,"column":3}}},"7":{"name":"tokenInvestment","line":78,"loc":{"start":{"line":78,"column":2},"end":{"line":80,"column":3}}},"8":{"name":"investorInternal","line":89,"loc":{"start":{"line":89,"column":2},"end":{"line":91,"column":3}}}},"statementMap":{"1":{"start":{"line":35,"column":4},"end":{"line":35,"column":24}},"2":{"start":{"line":41,"column":4},"end":{"line":41,"column":46}},"3":{"start":{"line":47,"column":4},"end":{"line":47,"column":44}},"4":{"start":{"line":53,"column":4},"end":{"line":53,"column":42}},"5":{"start":{"line":59,"column":4},"end":{"line":59,"column":36}},"6":{"start":{"line":68,"column":4},"end":{"line":68,"column":73}},"7":{"start":{"line":69,"column":4},"end":{"line":69,"column":73}},"8":{"start":{"line":70,"column":4},"end":{"line":70,"column":70}},"9":{"start":{"line":72,"column":4},"end":{"line":72,"column":58}},"10":{"start":{"line":81,"column":4},"end":{"line":81,"column":61}},"11":{"start":{"line":82,"column":4},"end":{"line":82,"column":52}},"12":{"start":{"line":83,"column":4},"end":{"line":83,"column":86}},"13":{"start":{"line":92,"column":4},"end":{"line":92,"column":55}}},"branchMap":{}},"contracts/UserRegistry.sol":{"l":{"50":55,"51":55,"52":55,"53":124,"63":1,"64":2,"66":1,"77":1,"78":1,"79":2,"80":2,"82":1,"93":30,"94":28,"95":54,"97":26,"106":1,"107":3,"109":1,"118":5,"119":8,"121":3,"130":3,"131":4,"133":1,"144":3,"145":4,"147":1,"157":3,"158":4,"160":1,"170":0,"171":0,"172":0,"174":0,"186":0,"187":0,"188":0,"189":0,"191":0,"198":1,"205":1,"212":7,"219":36,"226":20,"227":20,"228":20,"230":0,"237":5,"238":5,"239":5,"240":5,"241":8,"243":5,"245":0,"252":18,"253":18,"260":0,"269":40,"278":4,"279":4,"280":8,"288":4,"295":3,"304":0,"305":0,"314":3,"315":1,"326":1,"327":1,"328":1,"329":1,"338":86,"339":82,"340":78,"342":78,"343":78,"352":3,"353":1,"360":3,"361":1,"370":3,"371":3,"372":1,"373":1,"382":14,"383":10,"384":8,"393":9,"394":5,"395":3,"396":3,"407":33,"408":29,"409":29,"410":29,"419":19,"420":15,"421":15,"431":0,"432":0,"433":0,"445":0,"446":0,"447":0,"448":0,"457":132,"458":130,"459":130,"461":130,"462":130,"471":3,"472":3,"473":6,"481":10,"482":10,"483":6,"484":6,"492":32},"path":"/home/node/project/c-layer-oracle/contracts/UserRegistry.sol","s":{"1":55,"2":55,"3":55,"4":124,"5":1,"6":2,"7":1,"8":1,"9":1,"10":2,"11":2,"12":1,"13":30,"14":28,"15":54,"16":26,"17":1,"18":3,"19":1,"20":5,"21":8,"22":3,"23":3,"24":4,"25":1,"26":3,"27":4,"28":1,"29":3,"30":4,"31":1,"32":0,"33":0,"34":0,"35":0,"36":0,"37":0,"38":0,"39":0,"40":0,"41":1,"42":1,"43":7,"44":36,"45":20,"46":20,"47":20,"48":0,"49":5,"50":5,"51":5,"52":5,"53":8,"54":5,"55":0,"56":18,"57":18,"58":0,"59":40,"60":4,"61":4,"62":8,"63":4,"64":3,"65":0,"66":0,"67":3,"68":1,"69":1,"70":1,"71":1,"72":1,"73":86,"74":82,"75":78,"76":78,"77":78,"78":3,"79":1,"80":3,"81":1,"82":3,"83":3,"84":1,"85":1,"86":14,"87":10,"88":8,"89":9,"90":5,"91":3,"92":3,"93":33,"94":29,"95":29,"96":29,"97":19,"98":15,"99":15,"100":0,"101":0,"102":0,"103":0,"104":0,"105":0,"106":0,"107":132,"108":130,"109":130,"110":130,"111":130,"112":3,"113":3,"114":6,"115":10,"116":10,"117":6,"118":32},"b":{"1":[1,0],"2":[28,2],"3":[0,0],"4":[0,0],"5":[20,0],"6":[5,0],"7":[1,0],"8":[82,4],"9":[78,4],"10":[1,2],"11":[10,4],"12":[8,2],"13":[5,4],"14":[3,2],"15":[29,4],"16":[15,4],"17":[0,0],"18":[0,0],"19":[130,2],"20":[3,0],"21":[6,4]},"f":{"1":55,"2":1,"3":1,"4":30,"5":1,"6":5,"7":3,"8":3,"9":3,"10":0,"11":0,"12":1,"13":1,"14":7,"15":36,"16":20,"17":5,"18":18,"19":0,"20":40,"21":4,"22":4,"23":3,"24":0,"25":3,"26":1,"27":86,"28":3,"29":3,"30":3,"31":14,"32":9,"33":33,"34":19,"35":0,"36":0,"37":132,"38":3,"39":10,"40":32},"fnMap":{"1":{"name":"constructor","line":44,"loc":{"start":{"line":44,"column":2},"end":{"line":49,"column":3}}},"2":{"name":"registerManyUsersExternal","line":60,"loc":{"start":{"line":60,"column":2},"end":{"line":62,"column":3}}},"3":{"name":"registerManyUsersFullExternal","line":72,"loc":{"start":{"line":72,"column":2},"end":{"line":76,"column":3}}},"4":{"name":"attachManyAddressesExternal","line":88,"loc":{"start":{"line":88,"column":2},"end":{"line":92,"column":3}}},"5":{"name":"detachManyAddressesExternal","line":103,"loc":{"start":{"line":103,"column":2},"end":{"line":105,"column":3}}},"6":{"name":"suspendManyUsersExternal","line":115,"loc":{"start":{"line":115,"column":2},"end":{"line":117,"column":3}}},"7":{"name":"unsuspendManyUsersExternal","line":127,"loc":{"start":{"line":127,"column":2},"end":{"line":129,"column":3}}},"8":{"name":"updateManyUsersExternal","line":139,"loc":{"start":{"line":139,"column":2},"end":{"line":143,"column":3}}},"9":{"name":"updateManyUsersExtendedExternal","line":153,"loc":{"start":{"line":153,"column":2},"end":{"line":156,"column":3}}},"10":{"name":"updateManyUsersAllExtendedExternal","line":166,"loc":{"start":{"line":166,"column":2},"end":{"line":169,"column":3}}},"11":{"name":"updateManyUsersFullExternal","line":180,"loc":{"start":{"line":180,"column":2},"end":{"line":185,"column":3}}},"12":{"name":"name","line":197,"loc":{"start":{"line":197,"column":2},"end":{"line":197,"column":53}}},"13":{"name":"currency","line":204,"loc":{"start":{"line":204,"column":2},"end":{"line":204,"column":51}}},"14":{"name":"userCount","line":211,"loc":{"start":{"line":211,"column":2},"end":{"line":211,"column":52}}},"15":{"name":"userId","line":218,"loc":{"start":{"line":218,"column":2},"end":{"line":218,"column":65}}},"16":{"name":"validUserId","line":225,"loc":{"start":{"line":225,"column":2},"end":{"line":225,"column":70}}},"17":{"name":"validUser","line":236,"loc":{"start":{"line":236,"column":2},"end":{"line":236,"column":110}}},"18":{"name":"validity","line":251,"loc":{"start":{"line":251,"column":2},"end":{"line":251,"column":72}}},"19":{"name":"extendedKeys","line":259,"loc":{"start":{"line":259,"column":2},"end":{"line":259,"column":64}}},"20":{"name":"extended","line":266,"loc":{"start":{"line":266,"column":2},"end":{"line":268,"column":3}}},"21":{"name":"manyExtended","line":275,"loc":{"start":{"line":275,"column":2},"end":{"line":277,"column":3}}},"22":{"name":"isAddressValid","line":287,"loc":{"start":{"line":287,"column":2},"end":{"line":287,"column":70}}},"23":{"name":"isValid","line":294,"loc":{"start":{"line":294,"column":2},"end":{"line":294,"column":62}}},"24":{"name":"defineExtendedKeys","line":301,"loc":{"start":{"line":301,"column":2},"end":{"line":303,"column":3}}},"25":{"name":"registerUser","line":311,"loc":{"start":{"line":311,"column":2},"end":{"line":313,"column":3}}},"26":{"name":"registerUserFull","line":321,"loc":{"start":{"line":321,"column":2},"end":{"line":325,"column":3}}},"27":{"name":"attachAddress","line":335,"loc":{"start":{"line":335,"column":2},"end":{"line":337,"column":3}}},"28":{"name":"detachAddress","line":349,"loc":{"start":{"line":349,"column":2},"end":{"line":351,"column":3}}},"29":{"name":"detachSelf","line":359,"loc":{"start":{"line":359,"column":2},"end":{"line":359,"column":45}}},"30":{"name":"detachSelfAddress","line":367,"loc":{"start":{"line":367,"column":2},"end":{"line":369,"column":3}}},"31":{"name":"suspendUser","line":379,"loc":{"start":{"line":379,"column":2},"end":{"line":381,"column":3}}},"32":{"name":"unsuspendUser","line":390,"loc":{"start":{"line":390,"column":2},"end":{"line":392,"column":3}}},"33":{"name":"updateUser","line":402,"loc":{"start":{"line":402,"column":2},"end":{"line":406,"column":3}}},"34":{"name":"updateUserExtended","line":416,"loc":{"start":{"line":416,"column":2},"end":{"line":418,"column":3}}},"35":{"name":"updateUserAllExtended","line":427,"loc":{"start":{"line":427,"column":2},"end":{"line":430,"column":3}}},"36":{"name":"updateUserFull","line":439,"loc":{"start":{"line":439,"column":2},"end":{"line":444,"column":3}}},"37":{"name":"registerUserPrivate","line":454,"loc":{"start":{"line":454,"column":2},"end":{"line":456,"column":3}}},"38":{"name":"updateUserExtendedPrivate","line":468,"loc":{"start":{"line":468,"column":2},"end":{"line":470,"column":3}}},"39":{"name":"detachAddressPrivate","line":480,"loc":{"start":{"line":480,"column":2},"end":{"line":480,"column":57}}},"40":{"name":"isValidPrivate","line":490,"loc":{"start":{"line":490,"column":2},"end":{"line":490,"column":72}}}},"statementMap":{"1":{"start":{"line":50,"column":4},"end":{"line":50,"column":16}},"2":{"start":{"line":51,"column":4},"end":{"line":51,"column":24}},"3":{"start":{"line":52,"column":4},"end":{"line":52,"column":1278}},"4":{"start":{"line":53,"column":6},"end":{"line":53,"column":56}},"5":{"start":{"line":63,"column":4},"end":{"line":63,"column":1582}},"6":{"start":{"line":64,"column":6},"end":{"line":64,"column":56}},"7":{"start":{"line":66,"column":4},"end":{"line":66,"column":15}},"8":{"start":{"line":77,"column":4},"end":{"line":77,"column":58}},"9":{"start":{"line":78,"column":4},"end":{"line":78,"column":2005}},"10":{"start":{"line":79,"column":6},"end":{"line":79,"column":56}},"11":{"start":{"line":80,"column":6},"end":{"line":80,"column":51}},"12":{"start":{"line":82,"column":4},"end":{"line":82,"column":15}},"13":{"start":{"line":93,"column":4},"end":{"line":93,"column":56}},"14":{"start":{"line":94,"column":4},"end":{"line":94,"column":2470}},"15":{"start":{"line":95,"column":6},"end":{"line":95,"column":46}},"16":{"start":{"line":97,"column":4},"end":{"line":97,"column":15}},"17":{"start":{"line":106,"column":4},"end":{"line":106,"column":2817}},"18":{"start":{"line":107,"column":6},"end":{"line":107,"column":40}},"19":{"start":{"line":109,"column":4},"end":{"line":109,"column":15}},"20":{"start":{"line":118,"column":4},"end":{"line":118,"column":3093}},"21":{"start":{"line":119,"column":6},"end":{"line":119,"column":29}},"22":{"start":{"line":121,"column":4},"end":{"line":121,"column":15}},"23":{"start":{"line":130,"column":4},"end":{"line":130,"column":3360}},"24":{"start":{"line":131,"column":6},"end":{"line":131,"column":31}},"25":{"start":{"line":133,"column":4},"end":{"line":133,"column":15}},"26":{"start":{"line":144,"column":4},"end":{"line":144,"column":3674}},"27":{"start":{"line":145,"column":6},"end":{"line":145,"column":57}},"28":{"start":{"line":147,"column":4},"end":{"line":147,"column":15}},"29":{"start":{"line":157,"column":4},"end":{"line":157,"column":4027}},"30":{"start":{"line":158,"column":6},"end":{"line":158,"column":50}},"31":{"start":{"line":160,"column":4},"end":{"line":160,"column":15}},"32":{"start":{"line":170,"column":4},"end":{"line":170,"column":58}},"33":{"start":{"line":171,"column":4},"end":{"line":171,"column":4439}},"34":{"start":{"line":172,"column":6},"end":{"line":172,"column":52}},"35":{"start":{"line":174,"column":4},"end":{"line":174,"column":15}},"36":{"start":{"line":186,"column":4},"end":{"line":186,"column":58}},"37":{"start":{"line":187,"column":4},"end":{"line":187,"column":4876}},"38":{"start":{"line":188,"column":6},"end":{"line":188,"column":57}},"39":{"start":{"line":189,"column":6},"end":{"line":189,"column":52}},"40":{"start":{"line":191,"column":4},"end":{"line":191,"column":15}},"41":{"start":{"line":198,"column":4},"end":{"line":198,"column":16}},"42":{"start":{"line":205,"column":4},"end":{"line":205,"column":20}},"43":{"start":{"line":212,"column":4},"end":{"line":212,"column":21}},"44":{"start":{"line":219,"column":4},"end":{"line":219,"column":33}},"45":{"start":{"line":226,"column":4},"end":{"line":226,"column":50}},"46":{"start":{"line":227,"column":4},"end":{"line":227,"column":5838}},"47":{"start":{"line":228,"column":6},"end":{"line":228,"column":26}},"48":{"start":{"line":230,"column":4},"end":{"line":230,"column":12}},"49":{"start":{"line":237,"column":4},"end":{"line":237,"column":50}},"50":{"start":{"line":238,"column":4},"end":{"line":238,"column":6191}},"51":{"start":{"line":239,"column":6},"end":{"line":239,"column":59}},"52":{"start":{"line":240,"column":6},"end":{"line":240,"column":6304}},"53":{"start":{"line":241,"column":8},"end":{"line":241,"column":58}},"54":{"start":{"line":243,"column":6},"end":{"line":243,"column":36}},"55":{"start":{"line":245,"column":4},"end":{"line":245,"column":32}},"56":{"start":{"line":252,"column":4},"end":{"line":252,"column":37}},"57":{"start":{"line":253,"column":4},"end":{"line":253,"column":48}},"58":{"start":{"line":260,"column":4},"end":{"line":260,"column":24}},"59":{"start":{"line":269,"column":4},"end":{"line":269,"column":40}},"60":{"start":{"line":278,"column":4},"end":{"line":278,"column":39}},"61":{"start":{"line":279,"column":4},"end":{"line":279,"column":7270}},"62":{"start":{"line":280,"column":6},"end":{"line":280,"column":50}},"63":{"start":{"line":288,"column":4},"end":{"line":288,"column":56}},"64":{"start":{"line":295,"column":4},"end":{"line":295,"column":41}},"65":{"start":{"line":304,"column":4},"end":{"line":304,"column":32}},"66":{"start":{"line":305,"column":4},"end":{"line":305,"column":15}},"67":{"start":{"line":314,"column":4},"end":{"line":314,"column":49}},"68":{"start":{"line":315,"column":4},"end":{"line":315,"column":15}},"69":{"start":{"line":326,"column":4},"end":{"line":326,"column":58}},"70":{"start":{"line":327,"column":4},"end":{"line":327,"column":49}},"71":{"start":{"line":328,"column":4},"end":{"line":328,"column":49}},"72":{"start":{"line":329,"column":4},"end":{"line":329,"column":15}},"73":{"start":{"line":338,"column":4},"end":{"line":338,"column":56}},"74":{"start":{"line":339,"column":4},"end":{"line":339,"column":47}},"75":{"start":{"line":340,"column":4},"end":{"line":340,"column":35}},"76":{"start":{"line":342,"column":4},"end":{"line":342,"column":43}},"77":{"start":{"line":343,"column":4},"end":{"line":343,"column":15}},"78":{"start":{"line":352,"column":4},"end":{"line":352,"column":33}},"79":{"start":{"line":353,"column":4},"end":{"line":353,"column":15}},"80":{"start":{"line":360,"column":4},"end":{"line":360,"column":35}},"81":{"start":{"line":361,"column":4},"end":{"line":361,"column":15}},"82":{"start":{"line":370,"column":4},"end":{"line":370,"column":51}},"83":{"start":{"line":371,"column":4},"end":{"line":371,"column":58}},"84":{"start":{"line":372,"column":4},"end":{"line":372,"column":33}},"85":{"start":{"line":373,"column":4},"end":{"line":373,"column":15}},"86":{"start":{"line":382,"column":4},"end":{"line":382,"column":56}},"87":{"start":{"line":383,"column":4},"end":{"line":383,"column":45}},"88":{"start":{"line":384,"column":4},"end":{"line":384,"column":34}},"89":{"start":{"line":393,"column":4},"end":{"line":393,"column":56}},"90":{"start":{"line":394,"column":4},"end":{"line":394,"column":44}},"91":{"start":{"line":395,"column":4},"end":{"line":395,"column":35}},"92":{"start":{"line":396,"column":4},"end":{"line":396,"column":15}},"93":{"start":{"line":407,"column":4},"end":{"line":407,"column":56}},"94":{"start":{"line":408,"column":4},"end":{"line":408,"column":50}},"95":{"start":{"line":409,"column":4},"end":{"line":409,"column":40}},"96":{"start":{"line":410,"column":4},"end":{"line":410,"column":15}},"97":{"start":{"line":419,"column":4},"end":{"line":419,"column":56}},"98":{"start":{"line":420,"column":4},"end":{"line":420,"column":41}},"99":{"start":{"line":421,"column":4},"end":{"line":421,"column":15}},"100":{"start":{"line":431,"column":4},"end":{"line":431,"column":58}},"101":{"start":{"line":432,"column":4},"end":{"line":432,"column":46}},"102":{"start":{"line":433,"column":4},"end":{"line":433,"column":15}},"103":{"start":{"line":445,"column":4},"end":{"line":445,"column":58}},"104":{"start":{"line":446,"column":4},"end":{"line":446,"column":51}},"105":{"start":{"line":447,"column":4},"end":{"line":447,"column":46}},"106":{"start":{"line":448,"column":4},"end":{"line":448,"column":15}},"107":{"start":{"line":457,"column":4},"end":{"line":457,"column":47}},"108":{"start":{"line":458,"column":4},"end":{"line":458,"column":53}},"109":{"start":{"line":459,"column":4},"end":{"line":459,"column":38}},"110":{"start":{"line":461,"column":4},"end":{"line":461,"column":35}},"111":{"start":{"line":462,"column":4},"end":{"line":462,"column":46}},"112":{"start":{"line":471,"column":4},"end":{"line":471,"column":56}},"113":{"start":{"line":472,"column":4},"end":{"line":472,"column":12134}},"114":{"start":{"line":473,"column":6},"end":{"line":473,"column":59}},"115":{"start":{"line":481,"column":4},"end":{"line":481,"column":50}},"116":{"start":{"line":482,"column":4},"end":{"line":482,"column":38}},"117":{"start":{"line":483,"column":4},"end":{"line":483,"column":49}},"118":{"start":{"line":492,"column":4},"end":{"line":492,"column":55}}},"branchMap":{"1":{"line":77,"type":"if","locations":[{"start":{"line":77,"column":4},"end":{"line":77,"column":4}},{"start":{"line":77,"column":4},"end":{"line":77,"column":4}}]},"2":{"line":93,"type":"if","locations":[{"start":{"line":93,"column":4},"end":{"line":93,"column":4}},{"start":{"line":93,"column":4},"end":{"line":93,"column":4}}]},"3":{"line":170,"type":"if","locations":[{"start":{"line":170,"column":4},"end":{"line":170,"column":4}},{"start":{"line":170,"column":4},"end":{"line":170,"column":4}}]},"4":{"line":186,"type":"if","locations":[{"start":{"line":186,"column":4},"end":{"line":186,"column":4}},{"start":{"line":186,"column":4},"end":{"line":186,"column":4}}]},"5":{"line":227,"type":"if","locations":[{"start":{"line":227,"column":4},"end":{"line":227,"column":4}},{"start":{"line":227,"column":4},"end":{"line":227,"column":4}}]},"6":{"line":238,"type":"if","locations":[{"start":{"line":238,"column":4},"end":{"line":238,"column":4}},{"start":{"line":238,"column":4},"end":{"line":238,"column":4}}]},"7":{"line":326,"type":"if","locations":[{"start":{"line":326,"column":4},"end":{"line":326,"column":4}},{"start":{"line":326,"column":4},"end":{"line":326,"column":4}}]},"8":{"line":338,"type":"if","locations":[{"start":{"line":338,"column":4},"end":{"line":338,"column":4}},{"start":{"line":338,"column":4},"end":{"line":338,"column":4}}]},"9":{"line":339,"type":"if","locations":[{"start":{"line":339,"column":4},"end":{"line":339,"column":4}},{"start":{"line":339,"column":4},"end":{"line":339,"column":4}}]},"10":{"line":371,"type":"if","locations":[{"start":{"line":371,"column":4},"end":{"line":371,"column":4}},{"start":{"line":371,"column":4},"end":{"line":371,"column":4}}]},"11":{"line":382,"type":"if","locations":[{"start":{"line":382,"column":4},"end":{"line":382,"column":4}},{"start":{"line":382,"column":4},"end":{"line":382,"column":4}}]},"12":{"line":383,"type":"if","locations":[{"start":{"line":383,"column":4},"end":{"line":383,"column":4}},{"start":{"line":383,"column":4},"end":{"line":383,"column":4}}]},"13":{"line":393,"type":"if","locations":[{"start":{"line":393,"column":4},"end":{"line":393,"column":4}},{"start":{"line":393,"column":4},"end":{"line":393,"column":4}}]},"14":{"line":394,"type":"if","locations":[{"start":{"line":394,"column":4},"end":{"line":394,"column":4}},{"start":{"line":394,"column":4},"end":{"line":394,"column":4}}]},"15":{"line":407,"type":"if","locations":[{"start":{"line":407,"column":4},"end":{"line":407,"column":4}},{"start":{"line":407,"column":4},"end":{"line":407,"column":4}}]},"16":{"line":419,"type":"if","locations":[{"start":{"line":419,"column":4},"end":{"line":419,"column":4}},{"start":{"line":419,"column":4},"end":{"line":419,"column":4}}]},"17":{"line":431,"type":"if","locations":[{"start":{"line":431,"column":4},"end":{"line":431,"column":4}},{"start":{"line":431,"column":4},"end":{"line":431,"column":4}}]},"18":{"line":445,"type":"if","locations":[{"start":{"line":445,"column":4},"end":{"line":445,"column":4}},{"start":{"line":445,"column":4},"end":{"line":445,"column":4}}]},"19":{"line":457,"type":"if","locations":[{"start":{"line":457,"column":4},"end":{"line":457,"column":4}},{"start":{"line":457,"column":4},"end":{"line":457,"column":4}}]},"20":{"line":471,"type":"if","locations":[{"start":{"line":471,"column":4},"end":{"line":471,"column":4}},{"start":{"line":471,"column":4},"end":{"line":471,"column":4}}]},"21":{"line":482,"type":"if","locations":[{"start":{"line":482,"column":4},"end":{"line":482,"column":4}},{"start":{"line":482,"column":4},"end":{"line":482,"column":4}}]}}},"contracts/util/governance/Operable.sol":{"l":{"25":371,"26":355,"33":205,"41":0,"49":4,"50":4,"51":4,"62":205,"63":205,"64":205},"path":"/home/node/project/c-layer-oracle/contracts/util/governance/Operable.sol","s":{"1":371,"2":205,"3":0,"4":4,"5":4,"6":4,"7":205,"8":205,"9":205},"b":{"1":[355,16],"2":[4,0],"3":[205,0]},"f":{"1":371,"2":205,"3":0,"4":4,"5":205},"fnMap":{"1":{"name":"onlyOperator","line":24,"loc":{"start":{"line":24,"column":2},"end":{"line":24,"column":23}}},"2":{"name":"constructor","line":32,"loc":{"start":{"line":32,"column":2},"end":{"line":32,"column":22}}},"3":{"name":"isOperator","line":40,"loc":{"start":{"line":40,"column":2},"end":{"line":40,"column":66}}},"4":{"name":"removeOperator","line":48,"loc":{"start":{"line":48,"column":2},"end":{"line":48,"column":60}}},"5":{"name":"defineOperator","line":59,"loc":{"start":{"line":59,"column":2},"end":{"line":61,"column":3}}}},"statementMap":{"1":{"start":{"line":25,"column":4},"end":{"line":25,"column":42}},"2":{"start":{"line":33,"column":4},"end":{"line":33,"column":38}},"3":{"start":{"line":41,"column":4},"end":{"line":41,"column":31}},"4":{"start":{"line":49,"column":4},"end":{"line":49,"column":40}},"5":{"start":{"line":50,"column":4},"end":{"line":50,"column":31}},"6":{"start":{"line":51,"column":4},"end":{"line":51,"column":34}},"7":{"start":{"line":62,"column":4},"end":{"line":62,"column":41}},"8":{"start":{"line":63,"column":4},"end":{"line":63,"column":30}},"9":{"start":{"line":64,"column":4},"end":{"line":64,"column":41}}},"branchMap":{"1":{"line":25,"type":"if","locations":[{"start":{"line":25,"column":4},"end":{"line":25,"column":4}},{"start":{"line":25,"column":4},"end":{"line":25,"column":4}}]},"2":{"line":49,"type":"if","locations":[{"start":{"line":49,"column":4},"end":{"line":49,"column":4}},{"start":{"line":49,"column":4},"end":{"line":49,"column":4}}]},"3":{"line":62,"type":"if","locations":[{"start":{"line":62,"column":4},"end":{"line":62,"column":4}},{"start":{"line":62,"column":4},"end":{"line":62,"column":4}}]}}},"contracts/util/governance/Ownable.sol":{"l":{"24":205,"31":209,"32":209,"39":0,"40":0,"48":0,"56":0,"57":0,"58":0},"path":"/home/node/project/c-layer-oracle/contracts/util/governance/Ownable.sol","s":{"1":205,"2":209,"3":0,"4":0,"5":0,"6":0,"7":0,"8":0},"b":{"1":[209,0],"2":[0,0]},"f":{"1":205,"2":209,"3":0,"4":0,"5":0},"fnMap":{"1":{"name":"constructor","line":23,"loc":{"start":{"line":23,"column":2},"end":{"line":23,"column":22}}},"2":{"name":"onlyOwner","line":30,"loc":{"start":{"line":30,"column":2},"end":{"line":30,"column":22}}},"3":{"name":"renounceOwnership","line":38,"loc":{"start":{"line":38,"column":2},"end":{"line":38,"column":47}}},"4":{"name":"transferOwnership","line":47,"loc":{"start":{"line":47,"column":2},"end":{"line":47,"column":64}}},"5":{"name":"_transferOwnership","line":55,"loc":{"start":{"line":55,"column":2},"end":{"line":55,"column":57}}}},"statementMap":{"1":{"start":{"line":24,"column":4},"end":{"line":24,"column":21}},"2":{"start":{"line":31,"column":4},"end":{"line":31,"column":31}},"3":{"start":{"line":39,"column":4},"end":{"line":39,"column":34}},"4":{"start":{"line":40,"column":4},"end":{"line":40,"column":21}},"5":{"start":{"line":48,"column":4},"end":{"line":48,"column":32}},"6":{"start":{"line":56,"column":4},"end":{"line":56,"column":35}},"7":{"start":{"line":57,"column":4},"end":{"line":57,"column":47}},"8":{"start":{"line":58,"column":4},"end":{"line":58,"column":20}}},"branchMap":{"1":{"line":31,"type":"if","locations":[{"start":{"line":31,"column":4},"end":{"line":31,"column":4}},{"start":{"line":31,"column":4},"end":{"line":31,"column":4}}]},"2":{"line":56,"type":"if","locations":[{"start":{"line":56,"column":4},"end":{"line":56,"column":4}},{"start":{"line":56,"column":4},"end":{"line":56,"column":4}}]}}},"contracts/util/lifecycle/Pausable.sol":{"l":{"22":118,"23":118,"30":0,"31":0,"38":0,"39":0,"46":0,"47":0},"path":"/home/node/project/c-layer-oracle/contracts/util/lifecycle/Pausable.sol","s":{"1":118,"2":0,"3":0,"4":0,"5":0,"6":0},"b":{"1":[118,0],"2":[0,0]},"f":{"1":118,"2":0,"3":0,"4":0},"fnMap":{"1":{"name":"whenNotPaused","line":21,"loc":{"start":{"line":21,"column":2},"end":{"line":21,"column":26}}},"2":{"name":"whenPaused","line":29,"loc":{"start":{"line":29,"column":2},"end":{"line":29,"column":23}}},"3":{"name":"pause","line":37,"loc":{"start":{"line":37,"column":2},"end":{"line":37,"column":52}}},"4":{"name":"unpause","line":45,"loc":{"start":{"line":45,"column":2},"end":{"line":45,"column":51}}}},"statementMap":{"1":{"start":{"line":22,"column":4},"end":{"line":22,"column":19}},"2":{"start":{"line":30,"column":4},"end":{"line":30,"column":18}},"3":{"start":{"line":38,"column":4},"end":{"line":38,"column":16}},"4":{"start":{"line":39,"column":4},"end":{"line":39,"column":16}},"5":{"start":{"line":46,"column":4},"end":{"line":46,"column":17}},"6":{"start":{"line":47,"column":4},"end":{"line":47,"column":18}}},"branchMap":{"1":{"line":22,"type":"if","locations":[{"start":{"line":22,"column":4},"end":{"line":22,"column":4}},{"start":{"line":22,"column":4},"end":{"line":22,"column":4}}]},"2":{"line":30,"type":"if","locations":[{"start":{"line":30,"column":4},"end":{"line":30,"column":4}},{"start":{"line":30,"column":4},"end":{"line":30,"column":4}}]}}},"contracts/util/math/SafeMath.sol":{"l":{"17":274,"18":2,"21":272,"22":272,"23":272,"33":274,"40":607,"41":607,"48":945,"49":945,"50":945},"path":"/home/node/project/c-layer-oracle/contracts/util/math/SafeMath.sol","s":{"1":274,"2":2,"3":272,"4":272,"5":272,"6":274,"7":607,"8":607,"9":945,"10":945,"11":945},"b":{"1":[2,272],"2":[272,0],"3":[607,0],"4":[945,0]},"f":{"1":274,"2":274,"3":607,"4":945},"fnMap":{"1":{"name":"mul","line":13,"loc":{"start":{"line":13,"column":2},"end":{"line":13,"column":70}}},"2":{"name":"div","line":29,"loc":{"start":{"line":29,"column":2},"end":{"line":29,"column":68}}},"3":{"name":"sub","line":39,"loc":{"start":{"line":39,"column":2},"end":{"line":39,"column":68}}},"4":{"name":"add","line":47,"loc":{"start":{"line":47,"column":2},"end":{"line":47,"column":70}}}},"statementMap":{"1":{"start":{"line":17,"column":4},"end":{"line":17,"column":495}},"2":{"start":{"line":18,"column":6},"end":{"line":18,"column":14}},"3":{"start":{"line":21,"column":4},"end":{"line":21,"column":12}},"4":{"start":{"line":22,"column":4},"end":{"line":22,"column":21}},"5":{"start":{"line":23,"column":4},"end":{"line":23,"column":12}},"6":{"start":{"line":33,"column":4},"end":{"line":33,"column":16}},"7":{"start":{"line":40,"column":4},"end":{"line":40,"column":17}},"8":{"start":{"line":41,"column":4},"end":{"line":41,"column":16}},"9":{"start":{"line":48,"column":4},"end":{"line":48,"column":12}},"10":{"start":{"line":49,"column":4},"end":{"line":49,"column":17}},"11":{"start":{"line":50,"column":4},"end":{"line":50,"column":12}}},"branchMap":{"1":{"line":17,"type":"if","locations":[{"start":{"line":17,"column":4},"end":{"line":17,"column":4}},{"start":{"line":17,"column":4},"end":{"line":17,"column":4}}]},"2":{"line":22,"type":"if","locations":[{"start":{"line":22,"column":4},"end":{"line":22,"column":4}},{"start":{"line":22,"column":4},"end":{"line":22,"column":4}}]},"3":{"line":40,"type":"if","locations":[{"start":{"line":40,"column":4},"end":{"line":40,"column":4}},{"start":{"line":40,"column":4},"end":{"line":40,"column":4}}]},"4":{"line":49,"type":"if","locations":[{"start":{"line":49,"column":4},"end":{"line":49,"column":4}},{"start":{"line":49,"column":4},"end":{"line":49,"column":4}}]}}},"contracts/util/token/BaseToken.sol":{"l":{"20":0,"24":126,"30":124,"34":0,"35":0,"37":0,"38":0,"39":0,"40":0,"46":115,"47":115,"48":115,"50":115,"51":115,"52":115,"53":115,"54":115,"58":119,"59":119,"60":119,"66":0,"68":0,"69":0,"75":0,"76":0,"77":0,"79":0,"81":0,"82":0},"path":"/home/node/project/c-layer-oracle/contracts/util/token/BaseToken.sol","s":{"1":0,"2":126,"3":124,"4":0,"5":0,"6":0,"7":0,"8":0,"9":0,"10":115,"11":115,"12":115,"13":115,"14":115,"15":115,"16":115,"17":115,"18":119,"19":119,"20":119,"21":0,"22":0,"23":0,"24":0,"25":0,"26":0,"27":0,"28":0,"29":0},"b":{"1":[0,0],"2":[0,0],"3":[115,0],"4":[115,0],"5":[115,0],"6":[0,0]},"f":{"1":0,"2":126,"3":124,"4":0,"5":115,"6":119,"7":0,"8":0},"fnMap":{"1":{"name":"totalSupply","line":19,"loc":{"start":{"line":19,"column":2},"end":{"line":19,"column":54}}},"2":{"name":"balanceOf","line":23,"loc":{"start":{"line":23,"column":2},"end":{"line":23,"column":66}}},"3":{"name":"allowance","line":27,"loc":{"start":{"line":27,"column":2},"end":{"line":29,"column":3}}},"4":{"name":"transfer","line":33,"loc":{"start":{"line":33,"column":2},"end":{"line":33,"column":70}}},"5":{"name":"transferFrom","line":43,"loc":{"start":{"line":43,"column":2},"end":{"line":45,"column":3}}},"6":{"name":"approve","line":57,"loc":{"start":{"line":57,"column":2},"end":{"line":57,"column":74}}},"7":{"name":"increaseApproval","line":63,"loc":{"start":{"line":63,"column":2},"end":{"line":65,"column":3}}},"8":{"name":"decreaseApproval","line":72,"loc":{"start":{"line":72,"column":2},"end":{"line":74,"column":3}}}},"statementMap":{"1":{"start":{"line":20,"column":4},"end":{"line":20,"column":23}},"2":{"start":{"line":24,"column":4},"end":{"line":24,"column":27}},"3":{"start":{"line":30,"column":4},"end":{"line":30,"column":36}},"4":{"start":{"line":34,"column":4},"end":{"line":34,"column":29}},"5":{"start":{"line":35,"column":4},"end":{"line":35,"column":42}},"6":{"start":{"line":37,"column":4},"end":{"line":37,"column":58}},"7":{"start":{"line":38,"column":4},"end":{"line":38,"column":44}},"8":{"start":{"line":39,"column":4},"end":{"line":39,"column":42}},"9":{"start":{"line":40,"column":4},"end":{"line":40,"column":15}},"10":{"start":{"line":46,"column":4},"end":{"line":46,"column":29}},"11":{"start":{"line":47,"column":4},"end":{"line":47,"column":37}},"12":{"start":{"line":48,"column":4},"end":{"line":48,"column":48}},"13":{"start":{"line":50,"column":4},"end":{"line":50,"column":48}},"14":{"start":{"line":51,"column":4},"end":{"line":51,"column":44}},"15":{"start":{"line":52,"column":4},"end":{"line":52,"column":70}},"16":{"start":{"line":53,"column":4},"end":{"line":53,"column":37}},"17":{"start":{"line":54,"column":4},"end":{"line":54,"column":15}},"18":{"start":{"line":58,"column":4},"end":{"line":58,"column":41}},"19":{"start":{"line":59,"column":4},"end":{"line":59,"column":47}},"20":{"start":{"line":60,"column":4},"end":{"line":60,"column":15}},"21":{"start":{"line":66,"column":4},"end":{"line":66,"column":1892}},"22":{"start":{"line":68,"column":4},"end":{"line":68,"column":70}},"23":{"start":{"line":69,"column":4},"end":{"line":69,"column":15}},"24":{"start":{"line":75,"column":4},"end":{"line":75,"column":49}},"25":{"start":{"line":76,"column":4},"end":{"line":76,"column":2181}},"26":{"start":{"line":77,"column":6},"end":{"line":77,"column":38}},"27":{"start":{"line":79,"column":6},"end":{"line":79,"column":67}},"28":{"start":{"line":81,"column":4},"end":{"line":81,"column":70}},"29":{"start":{"line":82,"column":4},"end":{"line":82,"column":15}}},"branchMap":{"1":{"line":34,"type":"if","locations":[{"start":{"line":34,"column":4},"end":{"line":34,"column":4}},{"start":{"line":34,"column":4},"end":{"line":34,"column":4}}]},"2":{"line":35,"type":"if","locations":[{"start":{"line":35,"column":4},"end":{"line":35,"column":4}},{"start":{"line":35,"column":4},"end":{"line":35,"column":4}}]},"3":{"line":46,"type":"if","locations":[{"start":{"line":46,"column":4},"end":{"line":46,"column":4}},{"start":{"line":46,"column":4},"end":{"line":46,"column":4}}]},"4":{"line":47,"type":"if","locations":[{"start":{"line":47,"column":4},"end":{"line":47,"column":4}},{"start":{"line":47,"column":4},"end":{"line":47,"column":4}}]},"5":{"line":48,"type":"if","locations":[{"start":{"line":48,"column":4},"end":{"line":48,"column":4}},{"start":{"line":48,"column":4},"end":{"line":48,"column":4}}]},"6":{"line":76,"type":"if","locations":[{"start":{"line":76,"column":4},"end":{"line":76,"column":4}},{"start":{"line":76,"column":4},"end":{"line":76,"column":4}}]}}},"contracts/util/token/TokenERC20.sol":{"l":{"24":119,"25":119,"26":119,"27":119,"28":119,"32":0,"36":0,"40":0},"path":"/home/node/project/c-layer-oracle/contracts/util/token/TokenERC20.sol","s":{"1":119,"2":119,"3":119,"4":119,"5":119,"6":0,"7":0,"8":0},"b":{},"f":{"1":119,"2":0,"3":0,"4":0},"fnMap":{"1":{"name":"constructor","line":17,"loc":{"start":{"line":17,"column":2},"end":{"line":23,"column":12}}},"2":{"name":"name","line":31,"loc":{"start":{"line":31,"column":2},"end":{"line":31,"column":53}}},"3":{"name":"symbol","line":35,"loc":{"start":{"line":35,"column":2},"end":{"line":35,"column":55}}},"4":{"name":"decimals","line":39,"loc":{"start":{"line":39,"column":2},"end":{"line":39,"column":51}}}},"statementMap":{"1":{"start":{"line":24,"column":4},"end":{"line":24,"column":16}},"2":{"start":{"line":25,"column":4},"end":{"line":25,"column":20}},"3":{"start":{"line":26,"column":4},"end":{"line":26,"column":24}},"4":{"start":{"line":27,"column":4},"end":{"line":27,"column":32}},"5":{"start":{"line":28,"column":4},"end":{"line":28,"column":45}},"6":{"start":{"line":32,"column":4},"end":{"line":32,"column":16}},"7":{"start":{"line":36,"column":4},"end":{"line":36,"column":18}},"8":{"start":{"line":40,"column":4},"end":{"line":40,"column":20}}},"branchMap":{}}}